<?xml version="1.0" encoding="utf-8"?><testsuites name="pytest tests"><testsuite name="pytest" errors="0" failures="44" skipped="27" tests="1221" time="2290.339" timestamp="2026-06-14T07:42:21.116391+00:00" hostname="runnervm1li68"><properties>
[...]
</properties><testcase classname="tests.integration.test_admin_endpoints.TestOrderLifecycle" name="test_full_order_lifecycle_with_stock_reservation" time="0.379" /><testcase classname="tests.integration.test_admin_endpoints.TestOrderLifecycle" name="test_unlock_transition" time="0.085" /><testcase classname="tests.integration.test_admin_endpoints.TestOrderLifecycle" name="test_invalid_backward_transition" time="0.173" /><testcase classname="tests.integration.test_admin_endpoints.TestOrderLifecycle" name="test_payment_failed_is_terminal" time="0.082" /><testcase classname="tests.integration.test_admin_endpoints.TestProductCRUD" name="test_create_default_variant_creates_correct_record" time="0.083" /><testcase classname="tests.integration.test_admin_endpoints.TestProductCRUD" name="test_generate_variant_combinations_correct_count" time="0.184" /><testcase classname="tests.integration.test_admin_endpoints.TestProductCRUD" name="test_generate_variant_combinations_empty_schema" time="0.080" /><testcase classname="tests.integration.test_admin_endpoints.TestProductCRUD" name="test_should_remove_default_variant_logic" time="0.179" /><testcase classname="tests.integration.test_admin_endpoints.TestProductCRUD" name="test_validate_product_accepts_valid_payloads" time="0.080" /><testcase classname="tests.integration.test_admin_endpoints.TestProductCRUD" name="test_validate_product_rejects_invalid_min_max" time="0.080" /><testcase classname="tests.integration.test_admin_endpoints.TestProductCRUD" name="test_validate_product_rejects_invalid_schema" time="0.193" /><testcase classname="tests.integration.test_admin_endpoints.TestProductCRUD" name="test_validate_variant_attributes_valid" time="0.080" /><testcase classname="tests.integration.test_admin_endpoints.TestProductCRUD" name="test_validate_variant_attributes_invalid_value" time="0.196" /><testcase classname="tests.integration.test_admin_endpoints.TestProductCRUD" name="test_validate_variant_attributes_missing_required" time="0.081" /><testcase classname="tests.integration.test_admin_endpoints.TestPaymentRecording" name="test_compute_payment_aggregates_multiple_orders" time="0.081" /><testcase classname="tests.integration.test_admin_endpoints.TestPaymentRecording" name="test_compute_payment_aggregates_empty_list" time="0.198" /><testcase classname="tests.integration.test_admin_endpoints.TestPaymentRecording" name="test_partial_payment_updates_order_correctly" time="0.093" /><testcase classname="tests.integration.test_admin_endpoints.TestPaymentRecording" name="test_aggregate_with_real_dynamo_orders" time="0.087" /><testcase classname="tests.integration.test_admin_endpoints.TestReportGeneration" name="test_reserve_stock_creates_sale_movements" time="0.206" /><testcase classname="tests.integration.test_admin_endpoints.TestReportGeneration" name="test_create_inbound_movement_writes_to_table" time="0.086" /><testcase classname="tests.integration.test_admin_endpoints.TestReportGeneration" name="test_report_snapshot_to_s3" time="0.198" /><testcase classname="tests.integration.test_admin_endpoints.TestReportGeneration" name="test_report_export_csv_format" time="0.090" /><testcase classname="tests.integration.test_admin_endpoints.TestReportGeneration" name="test_multiple_sale_movements_from_multi_item_order" time="0.099" /><testcase classname="tests.integration.test_api_gateway.TestApiGateway" name="test_all_apis" time="0.000"><skipped type="pytest.skip" message="AWS_SAM_STACK_NAME environment variable not set. These tests require a deployed stack.">/home/runner/work/h-dcn/h-dcn/backend/tests/integration/test_api_gateway.py:701: AWS_SAM_STACK_NAME environment variable not set. These tests require a deployed stack.</skipped></testcase><testcase classname="tests.integration.test_api_gateway.TestApiGateway" name="test_carts_api" time="0.000"><skipped type="pytest.skip" message="AWS_SAM_STACK_NAME environment variable not set. These tests require a deployed stack.">/home/runner/work/h-dcn/h-dcn/backend/tests/integration/test_api_gateway.py:316: AWS_SAM_STACK_NAME environment variable not set. These tests require a deployed stack.</skipped></testcase><testcase classname="tests.integration.test_api_gateway.TestApiGateway" name="test_cognito_admin_api" time="0.000"><skipped type="pytest.skip" message="AWS_SAM_STACK_NAME environment variable not set. These tests require a deployed stack.">/home/runner/work/h-dcn/h-dcn/backend/tests/integration/test_api_gateway.py:453: AWS_SAM_STACK_NAME environment variable not set. These tests require a deployed stack.</skipped></testcase><testcase classname="tests.integration.test_api_gateway.TestApiGateway" name="test_events_api" time="0.000"><skipped type="pytest.skip" message="AWS_SAM_STACK_NAME environment variable not set. These tests require a deployed stack.">/home/runner/work/h-dcn/h-dcn/backend/tests/integration/test_api_gateway.py:229: AWS_SAM_STACK_NAME environment variable not set. These tests require a deployed stack.</skipped></testcase><testcase classname="tests.integration.test_api_gateway.TestApiGateway" name="test_members_api" time="0.000"><skipped type="pytest.skip" message="AWS_SAM_STACK_NAME environment variable not set. These tests require a deployed stack.">/home/runner/work/h-dcn/h-dcn/backend/tests/integration/test_api_gateway.py:128: AWS_SAM_STACK_NAME environment variable not set. These tests require a deployed stack.</skipped></testcase><testcase classname="tests.integration.test_api_gateway.TestApiGateway" name="test_memberships_api" time="0.000"><skipped type="pytest.skip" message="AWS_SAM_STACK_NAME environment variable not set. These tests require a deployed stack.">/home/runner/work/h-dcn/h-dcn/backend/tests/integration/test_api_gateway.py:273: AWS_SAM_STACK_NAME environment variable not set. These tests require a deployed stack.</skipped></testcase><testcase classname="tests.integration.test_api_gateway.TestApiGateway" name="test_orders_api" time="0.000"><skipped type="pytest.skip" message="AWS_SAM_STACK_NAME environment variable not set. These tests require a deployed stack.">/home/runner/work/h-dcn/h-dcn/backend/tests/integration/test_api_gateway.py:355: AWS_SAM_STACK_NAME environment variable not set. These tests require a deployed stack.</skipped></testcase><testcase classname="tests.integration.test_api_gateway.TestApiGateway" name="test_parameters_api" time="0.000"><skipped type="pytest.skip" message="AWS_SAM_STACK_NAME environment variable not set. These tests require a deployed stack.">/home/runner/work/h-dcn/h-dcn/backend/tests/integration/test_api_gateway.py:398: AWS_SAM_STACK_NAME environment variable not set. These tests require a deployed stack.</skipped></testcase><testcase classname="tests.integration.test_api_gateway.TestApiGateway" name="test_payments_api" time="0.000"><skipped type="pytest.skip" message="AWS_SAM_STACK_NAME environment variable not set. These tests require a deployed stack.">/home/runner/work/h-dcn/h-dcn/backend/tests/integration/test_api_gateway.py:178: AWS_SAM_STACK_NAME environment variable not set. These tests require a deployed stack.</skipped></testcase><testcase classname="tests.integration.test_api_gateway.TestApiGateway" name="test_products_api" time="0.000"><skipped type="pytest.skip" message="AWS_SAM_STACK_NAME environment variable not set. These tests require a deployed stack.">/home/runner/work/h-dcn/h-dcn/backend/tests/integration/test_api_gateway.py:77: AWS_SAM_STACK_NAME environment variable not set. These tests require a deployed stack.</skipped></testcase><testcase classname="tests.integration.test_auth_performance.TestAuthenticationPerformance" name="test_credential_extraction_performance" time="0.052" /><testcase classname="tests.integration.test_auth_performance.TestAuthenticationPerformance" name="test_permission_validation_performance" time="0.003" /><testcase classname="tests.integration.test_auth_performance.TestAuthenticationPerformance" name="test_regional_access_performance" time="0.002" /><testcase classname="tests.integration.test_auth_performance.TestAuthenticationPerformance" name="test_complete_auth_flow_performance" time="0.010" /><testcase classname="tests.integration.test_auth_performance.TestAuthenticationConcurrency" name="test_concurrent_credential_extraction" time="0.414" /><testcase classname="tests.integration.test_auth_performance.TestAuthenticationConcurrency" name="test_concurrent_permission_validation" time="0.004" /><testcase classname="tests.integration.test_auth_performance.TestAuthenticationConcurrency" name="test_concurrent_complete_auth_flows" time="0.048" /><testcase classname="tests.integration.test_auth_performance.TestAuthenticationMemoryUsage" name="test_memory_usage_with_large_role_sets" time="0.009" /><testcase classname="tests.integration.test_auth_performance.TestAuthenticationMemoryUsage" name="test_memory_usage_with_many_users" time="0.070" /><testcase classname="tests.integration.test_auth_performance.TestAuthenticationStressTest" name="test_high_frequency_auth_requests" time="0.258" /><testcase classname="tests.integration.test_auth_performance.TestAuthenticationStressTest" name="test_burst_load_handling" time="1.313" /><testcase classname="tests.integration.test_auth_system_failures.TestAuthSystemFailureIntegration" name="test_handler_with_auth_import_failure" time="0.002" /><testcase classname="tests.integration.test_auth_system_failures.TestAuthSystemFailureIntegration" name="test_handler_options_request_during_failure" time="0.001" /><testcase classname="tests.integration.test_auth_system_failures.TestAuthSystemFailureIntegration" name="test_multiple_handler_failure_scenarios" time="0.002" /><testcase classname="tests.integration.test_auth_system_failures.TestAuthSystemFailureIntegration" name="test_auth_function_internal_failure" time="0.002" /><testcase classname="tests.integration.test_auth_system_failures.TestAuthSystemFailureIntegration" name="test_permission_validation_internal_failure" time="0.001" /><testcase classname="tests.integration.test_auth_system_failures.TestAuthSystemRecovery" name="test_auth_system_recovery_after_failure" time="0.002" /><testcase classname="tests.integration.test_auth_system_failures.TestAuthSystemRecovery" name="test_partial_auth_system_failure" time="0.001" /><testcase classname="tests.integration.test_auth_system_failures.TestLoggingDuringFailures" name="test_structured_logging_during_auth_failure" time="0.001" /><testcase classname="tests.integration.test_auth_system_failures.TestLoggingDuringFailures" name="test_cloudwatch_log_group_identification" time="0.001" /><testcase classname="tests.integration.test_auth_system_failures.TestLoggingDuringFailures" name="test_contact_information_in_logs" time="0.001" /><testcase classname="tests.integration.test_auth_system_failures.TestCORSHandlingDuringFailures" name="test_cors_headers_in_maintenance_response" time="0.000" /><testcase classname="tests.integration.test_auth_system_failures.TestCORSHandlingDuringFailures" name="test_cors_headers_in_auth_error_responses" time="0.001" /><testcase classname="tests.integration.test_auth_system_failures.TestCORSHandlingDuringFailures" name="test_options_request_during_auth_failure" time="0.001" /><testcase classname="tests.integration.test_auth_system_failures.TestErrorResponseConsistency" name="test_maintenance_response_format_consistency" time="0.001" /><testcase classname="tests.integration.test_auth_system_failures.TestErrorResponseConsistency" name="test_auth_error_response_format_consistency" time="0.001" /><testcase classname="tests.integration.test_member_reporting_e2e.TestCompleteUserFlowE2E" name="test_regional_user_complete_flow_utrecht" time="0.000"><skipped type="pytest.skip" message="Regional user JWT not configured">/home/runner/work/h-dcn/h-dcn/backend/tests/integration/test_member_reporting_e2e.py:58: Regional user JWT not configured</skipped></testcase><testcase classname="tests.integration.test_member_reporting_e2e.TestCompleteUserFlowE2E" name="test_regional_user_complete_flow_zuid_holland" time="0.000"><skipped type="pytest.skip" message="Regional user JWT not configured">/home/runner/work/h-dcn/h-dcn/backend/tests/integration/test_member_reporting_e2e.py:136: Regional user JWT not configured</skipped></testcase><testcase classname="tests.integration.test_member_reporting_e2e.TestCompleteUserFlowE2E" name="test_regio_all_user_complete_flow" time="0.000"><skipped type="pytest.skip" message="Regio_All user JWT not configured">/home/runner/work/h-dcn/h-dcn/backend/tests/integration/test_member_reporting_e2e.py:165: Regio_All user JWT not configured</skipped></testcase><testcase classname="tests.integration.test_member_reporting_e2e.TestCompleteUserFlowE2E" name="test_crud_user_refresh_flow" time="0.000"><skipped type="pytest.skip" message="CRUD user JWT not configured">/home/runner/work/h-dcn/h-dcn/backend/tests/integration/test_member_reporting_e2e.py:210: CRUD user JWT not configured</skipped></testcase><testcase classname="tests.integration.test_member_reporting_e2e.TestSessionStorageCaching" name="test_cache_performance_benefit" time="0.000"><skipped type="pytest.skip" message="Regional user JWT not configured">/home/runner/work/h-dcn/h-dcn/backend/tests/integration/test_member_reporting_e2e.py:269: Regional user JWT not configured</skipped></testcase><testcase classname="tests.integration.test_member_reporting_e2e.TestPerformanceRequirements" name="test_regional_user_load_time_requirement" time="0.000"><skipped type="pytest.skip" message="Regional user JWT not configured">/home/runner/work/h-dcn/h-dcn/backend/tests/integration/test_member_reporting_e2e.py:325: Regional user JWT not configured</skipped></testcase><testcase classname="tests.integration.test_member_reporting_e2e.TestPerformanceRequirements" name="test_regio_all_user_load_time_requirement" time="0.000"><skipped type="pytest.skip" message="Regio_All user JWT not configured">/home/runner/work/h-dcn/h-dcn/backend/tests/integration/test_member_reporting_e2e.py:368: Regio_All user JWT not configured</skipped></testcase><testcase classname="tests.integration.test_member_reporting_e2e.TestPerformanceRequirements" name="test_filter_response_time_requirement" time="0.000"><skipped type="pytest.skip" message="Regional user JWT not configured">/home/runner/work/h-dcn/h-dcn/backend/tests/integration/test_member_reporting_e2e.py:408: Regional user JWT not configured</skipped></testcase><testcase classname="tests.integration.test_member_reporting_e2e.TestErrorScenarios" name="test_missing_jwt_token" time="0.305" /><testcase classname="tests.integration.test_member_reporting_e2e.TestErrorScenarios" name="test_invalid_jwt_token" time="0.299" /><testcase classname="tests.integration.test_member_reporting_e2e.TestErrorScenarios" name="test_network_timeout_handling" time="0.034" /><testcase classname="tests.integration.test_member_reporting_e2e.TestDataIntegrity" name="test_decimal_conversion_in_response" time="0.000"><skipped type="pytest.skip" message="Regional user JWT not configured">/home/runner/work/h-dcn/h-dcn/backend/tests/integration/test_member_reporting_e2e.py:541: Regional user JWT not configured</skipped></testcase><testcase classname="tests.integration.test_member_reporting_e2e.TestDataIntegrity" name="test_response_structure" time="0.000"><skipped type="pytest.skip" message="Regional user JWT not configured">/home/runner/work/h-dcn/h-dcn/backend/tests/integration/test_member_reporting_e2e.py:584: Regional user JWT not configured</skipped></testcase><testcase classname="tests.integration.test_member_reporting_integration.TestCompleteUserFlow" name="test_regional_user_flow_utrecht" time="0.077" /><testcase classname="tests.integration.test_member_reporting_integration.TestCompleteUserFlow" name="test_regional_user_flow_zuid_holland" time="0.074" /><testcase classname="tests.integration.test_member_reporting_integration.TestCompleteUserFlow" name="test_regio_all_user_flow" time="0.177" /><testcase classname="tests.integration.test_member_reporting_integration.TestCompleteUserFlow" name="test_crud_user_permissions" time="0.077" /><testcase classname="tests.integration.test_member_reporting_integration.TestPerformance" name="test_regional_user_load_time" time="0.099" /><testcase classname="tests.integration.test_member_reporting_integration.TestPerformance" name="test_decimal_conversion_performance" time="0.005" /><testcase classname="tests.integration.test_member_reporting_integration.TestErrorScenarios" name="test_missing_jwt_token" time="0.069" /><testcase classname="tests.integration.test_member_reporting_integration.TestErrorScenarios" name="test_invalid_permissions" time="0.189" /><testcase classname="tests.integration.test_member_reporting_integration.TestErrorScenarios" name="test_empty_database" time="0.062" /><testcase classname="tests.integration.test_member_reporting_integration.TestErrorScenarios" name="test_malformed_member_data" time="0.079" /><testcase classname="tests.integration.test_member_reporting_integration.TestRegionalIsolation" name="test_regional_user_cannot_see_other_regions" time="0.185" /><testcase classname="tests.integration.test_member_reporting_integration.TestRegionalIsolation" name="test_all_statuses_included_for_regional_users" time="0.075" /><testcase classname="tests.integration.test_member_reporting_integration.TestDecimalConversion" name="test_decimal_to_int_conversion" time="0.001" /><testcase classname="tests.integration.test_member_reporting_integration.TestDecimalConversion" name="test_decimal_to_float_conversion" time="0.001" /><testcase classname="tests.integration.test_member_reporting_integration.TestDecimalConversion" name="test_nested_decimal_conversion" time="0.001" /><testcase classname="tests.integration.test_member_reporting_integration.TestDecimalConversion" name="test_list_decimal_conversion" time="0.001" /><testcase classname="tests.integration.test_member_reporting_integration.TestDecimalConversion" name="test_json_serialization_after_conversion" time="0.074" /><testcase classname="tests.integration.test_payment_confirmation_flow.TestMollieWebhookPaidConfirmation" name="test_webhook_paid_transitions_and_invoice" time="0.229" /><testcase classname="tests.integration.test_payment_confirmation_flow.TestAdminConfirmPayment" name="test_admin_confirm_transitions_and_invoice" time="0.103" /><testcase classname="tests.integration.test_payment_confirmation_flow.TestCoupledTransition" name="test_webhook_paid_couples_status_confirmed" time="0.099" /><testcase classname="tests.integration.test_payment_confirmation_flow.TestCoupledTransition" name="test_admin_confirm_couples_status_confirmed" time="0.205" /><testcase classname="tests.integration.test_payment_confirmation_flow.TestDuplicateWebhook" name="test_duplicate_webhook_no_change" time="0.108" /><testcase classname="tests.integration.test_payment_confirmation_flow.TestFailedWebhook" name="test_failed_webhook_no_invoice_status_unchanged" time="0.091" /><testcase classname="tests.integration.test_submit_order_flow.TestSubmitOrderHappyPath" name="test_submit_draft_order_success" time="0.238"><failure message="TypeError: 'NoneType' object is not subscriptable">tests/integration/test_submit_order_flow.py:296: in test_submit_draft_order_success
    assert response['statusCode'] == 200
           ^^^^^^^^^^^^^^^^^^^^^^
E   TypeError: 'NoneType' object is not subscriptable</failure></testcase><testcase classname="tests.integration.test_submit_order_flow.TestSubmitOrderHappyPath" name="test_submit_order_without_item_fields_product" time="0.088"><failure message="TypeError: 'NoneType' object is not subscriptable">tests/integration/test_submit_order_flow.py:337: in test_submit_order_without_item_fields_product
    assert response['statusCode'] == 200
           ^^^^^^^^^^^^^^^^^^^^^^
E   TypeError: 'NoneType' object is not subscriptable</failure></testcase><testcase classname="tests.integration.test_submit_order_flow.TestSubmitOrderHappyPath" name="test_sequential_order_numbers" time="0.094"><failure message="TypeError: 'NoneType' object is not subscriptable">tests/integration/test_submit_order_flow.py:359: in test_sequential_order_numbers
    num1 = json.loads(resp1['body'])['order_number']
                      ^^^^^^^^^^^^^
E   TypeError: 'NoneType' object is not subscriptable</failure></testcase><testcase classname="tests.integration.test_submit_order_flow.TestSubmitOrderItemFieldsValidation" name="test_missing_item_fields_data_rejected" time="0.085"><failure message="TypeError: 'NoneType' object is not subscriptable">tests/integration/test_submit_order_flow.py:409: in test_missing_item_fields_data_rejected
    assert response['statusCode'] == 400
           ^^^^^^^^^^^^^^^^^^^^^^
E   TypeError: 'NoneType' object is not subscriptable</failure></testcase><testcase classname="tests.integration.test_submit_order_flow.TestSubmitOrderItemFieldsValidation" name="test_empty_required_field_rejected" time="0.085"><failure message="TypeError: 'NoneType' object is not subscriptable">tests/integration/test_submit_order_flow.py:438: in test_empty_required_field_rejected
    assert response['statusCode'] == 400
           ^^^^^^^^^^^^^^^^^^^^^^
E   TypeError: 'NoneType' object is not subscriptable</failure></testcase><testcase classname="tests.integration.test_submit_order_flow.TestSubmitOrderItemFieldsValidation" name="test_wrong_count_item_fields_data_rejected" time="0.230"><failure message="TypeError: 'NoneType' object is not subscriptable">tests/integration/test_submit_order_flow.py:471: in test_wrong_count_item_fields_data_rejected
    assert response['statusCode'] == 400
           ^^^^^^^^^^^^^^^^^^^^^^
E   TypeError: 'NoneType' object is not subscriptable</failure></testcase><testcase classname="tests.integration.test_submit_order_flow.TestSubmitOrderItemFieldsValidation" name="test_invalid_email_format_rejected" time="0.083"><failure message="TypeError: 'NoneType' object is not subscriptable">tests/integration/test_submit_order_flow.py:499: in test_invalid_email_format_rejected
    assert response['statusCode'] == 400
           ^^^^^^^^^^^^^^^^^^^^^^
E   TypeError: 'NoneType' object is not subscriptable</failure></testcase><testcase classname="tests.integration.test_submit_order_flow.TestSubmitOrderPurchaseRules" name="test_max_per_order_exceeded_rejected" time="0.083"><failure message="TypeError: 'NoneType' object is not subscriptable">tests/integration/test_submit_order_flow.py:544: in test_max_per_order_exceeded_rejected
    assert response['statusCode'] == 400
           ^^^^^^^^^^^^^^^^^^^^^^
E   TypeError: 'NoneType' object is not subscriptable</failure></testcase><testcase classname="tests.integration.test_submit_order_flow.TestSubmitOrderPurchaseRules" name="test_within_limits_accepted" time="0.230"><failure message="TypeError: 'NoneType' object is not subscriptable">tests/integration/test_submit_order_flow.py:576: in test_within_limits_accepted
    assert response['statusCode'] == 200
           ^^^^^^^^^^^^^^^^^^^^^^
E   TypeError: 'NoneType' object is not subscriptable</failure></testcase><testcase classname="tests.integration.test_submit_order_flow.TestSubmitOrderStateMachine" name="test_submit_already_submitted_rejected" time="0.082"><failure message="TypeError: 'NoneType' object is not subscriptable">tests/integration/test_submit_order_flow.py:628: in test_submit_already_submitted_rejected
    assert response['statusCode'] == 400
           ^^^^^^^^^^^^^^^^^^^^^^
E   TypeError: 'NoneType' object is not subscriptable</failure></testcase><testcase classname="tests.integration.test_submit_order_flow.TestSubmitOrderStateMachine" name="test_submit_confirmed_order_rejected" time="0.221"><failure message="TypeError: 'NoneType' object is not subscriptable">tests/integration/test_submit_order_flow.py:667: in test_submit_confirmed_order_rejected
    assert response['statusCode'] == 400
           ^^^^^^^^^^^^^^^^^^^^^^
E   TypeError: 'NoneType' object is not subscriptable</failure></testcase><testcase classname="tests.integration.test_submit_order_flow.TestSubmitOrderStateMachine" name="test_submit_cancelled_order_rejected" time="0.085"><failure message="TypeError: 'NoneType' object is not subscriptable">tests/integration/test_submit_order_flow.py:703: in test_submit_cancelled_order_rejected
    assert response['statusCode'] == 400
           ^^^^^^^^^^^^^^^^^^^^^^
E   TypeError: 'NoneType' object is not subscriptable</failure></testcase><testcase classname="tests.integration.test_unified_pipeline.TestFullOrderLifecycle" name="test_full_lifecycle_ideal_payment" time="0.117" /><testcase classname="tests.integration.test_unified_pipeline.TestFullOrderLifecycle" name="test_webhook_idempotent_no_double_reservation" time="0.271" /><testcase classname="tests.integration.test_unified_pipeline.TestFullOrderLifecycle" name="test_failed_payment_webhook_marks_order_failed" time="0.107" /><testcase classname="tests.integration.test_unified_pipeline.TestPurchaseRulesEndToEnd" name="test_max_per_member_exceeded_rejected" time="0.259"><skipped type="pytest.xfail" message="Purchase rules not enforced at create_order time in unified model" /></testcase><testcase classname="tests.integration.test_unified_pipeline.TestPurchaseRulesEndToEnd" name="test_max_per_club_exceeded_rejected" time="0.104"><skipped type="pytest.xfail" message="Purchase rules not enforced at create_order time in unified model" /></testcase><testcase classname="tests.integration.test_unified_pipeline.TestPurchaseRulesEndToEnd" name="test_max_per_order_exceeded_rejected" time="0.103"><skipped type="pytest.xfail" message="Purchase rules not enforced at create_order time in unified model" /></testcase><testcase classname="tests.integration.test_unified_pipeline.TestPurchaseRulesEndToEnd" name="test_within_limits_accepted" time="0.238" /><testcase classname="tests.integration.test_unified_pipeline.TestItemFieldsValidationEndToEnd" name="test_missing_required_fields_rejected" time="0.102"><skipped type="pytest.xfail" message="Item fields not validated at create_order time in unified model" /></testcase><testcase classname="tests.integration.test_unified_pipeline.TestItemFieldsValidationEndToEnd" name="test_wrong_item_fields_count_rejected" time="0.103"><skipped type="pytest.xfail" message="Item fields not validated at create_order time in unified model" /></testcase><testcase classname="tests.integration.test_unified_pipeline.TestItemFieldsValidationEndToEnd" name="test_constraint_violation_rejected" time="0.102"><skipped type="pytest.xfail" message="Item fields not validated at create_order time in unified model" /></testcase><testcase classname="tests.integration.test_unified_pipeline.TestItemFieldsValidationEndToEnd" name="test_valid_fields_accepted" time="0.109"><skipped type="pytest.xfail" message="Item fields flattening not implemented at create_order time in unified model" /></testcase><testcase classname="tests.integration.test_unified_pipeline.TestEventBasedProductFiltering" name="test_webshop_request_shows_generic_products_only" time="0.252" /><testcase classname="tests.integration.test_unified_pipeline.TestEventBasedProductFiltering" name="test_event_request_shows_event_products" time="0.096" /><testcase classname="tests.integration.test_unified_pipeline.TestEventBasedProductFiltering" name="test_no_roles_returns_403" time="0.088" /><testcase classname="tests.integration.test_unified_pipeline.TestMigrationScripts" name="test_migrate_opties_to_variants" time="0.280" /><testcase classname="tests.integration.test_unified_pipeline.TestMigrationScripts" name="test_migrate_presmeet_config" time="0.121" /><testcase classname="tests.integration.test_unified_pipeline.TestMigrationScripts" name="test_migrate_cart_selectedoption" time="0.105" /><testcase classname="tests.integration.test_unified_pipeline.TestMigrationScripts" name="test_migrate_cart_unmatched_logged" time="0.257" /><testcase classname="tests.unit.test_admin_create_product" name="test_create_simple_product_with_default_variant" time="0.069" /><testcase classname="tests.unit.test_admin_create_product" name="test_create_product_with_variant_schema" time="0.071" /><testcase classname="tests.unit.test_admin_create_product" name="test_create_product_with_order_item_fields" time="0.222" /><testcase classname="tests.unit.test_admin_create_product" name="test_create_product_with_purchase_rules" time="0.067" /><testcase classname="tests.unit.test_admin_create_product" name="test_create_product_with_catalog_fields" time="0.067" /><testcase classname="tests.unit.test_admin_create_product" name="test_invalid_variant_schema_rejected" time="0.229" /><testcase classname="tests.unit.test_admin_create_product" name="test_invalid_purchase_rules_rejected" time="0.063" /><testcase classname="tests.unit.test_admin_create_product" name="test_invalid_images_rejected" time="0.063" /><testcase classname="tests.unit.test_admin_create_product" name="test_all_three_fields_together" time="0.071" /><testcase classname="tests.unit.test_admin_create_product" name="test_invalid_json_body" time="0.225" /><testcase classname="tests.unit.test_admin_create_product" name="test_groep_too_long_rejected" time="0.063" /><testcase classname="tests.unit.test_admin_get_orders" name="test_handler_exists" time="0.001" /><testcase classname="tests.unit.test_admin_get_orders" name="test_returns_401_without_auth" time="0.001" /><testcase classname="tests.unit.test_admin_lock_unlock_orders.TestAdminLockOrders" name="test_lock_single_submitted_order" time="0.091" /><testcase classname="tests.unit.test_admin_lock_unlock_orders.TestAdminLockOrders" name="test_lock_single_order_records_status_history" time="0.247" /><testcase classname="tests.unit.test_admin_lock_unlock_orders.TestAdminLockOrders" name="test_lock_single_order_persisted_in_dynamodb" time="0.088" /><testcase classname="tests.unit.test_admin_lock_unlock_orders.TestAdminLockOrders" name="test_lock_non_submitted_order_returns_400" time="0.079" /><testcase classname="tests.unit.test_admin_lock_unlock_orders.TestAdminLockOrders" name="test_lock_already_locked_order_returns_400" time="0.081" /><testcase classname="tests.unit.test_admin_lock_unlock_orders.TestAdminLockOrders" name="test_lock_nonexistent_order_returns_404" time="0.272" /><testcase classname="tests.unit.test_admin_lock_unlock_orders.TestAdminLockOrders" name="test_lock_concurrency_conflict_returns_409" time="0.086" /><testcase classname="tests.unit.test_admin_lock_unlock_orders.TestAdminLockOrders" name="test_non_admin_returns_403" time="0.078" /><testcase classname="tests.unit.test_admin_lock_unlock_orders.TestAdminLockOrders" name="test_webshop_management_without_regio_returns_403" time="0.078" /><testcase classname="tests.unit.test_admin_lock_unlock_orders.TestAdminLockOrders" name="test_regio_all_grants_access" time="0.311" /><testcase classname="tests.unit.test_admin_lock_unlock_orders.TestAdminLockOrders" name="test_bulk_lock_all_submitted_orders" time="0.095" /><testcase classname="tests.unit.test_admin_lock_unlock_orders.TestAdminLockOrders" name="test_bulk_lock_filters_by_event_id" time="0.089" /><testcase classname="tests.unit.test_admin_lock_unlock_orders.TestAdminLockOrders" name="test_options_request_returns_200" time="0.075" /><testcase classname="tests.unit.test_admin_lock_unlock_orders.TestAdminLockOrders" name="test_invalid_json_body_returns_400" time="0.076" /><testcase classname="tests.unit.test_admin_lock_unlock_orders.TestAdminUnlockOrder" name="test_unlock_locked_order_with_open_event" time="0.358" /><testcase classname="tests.unit.test_admin_lock_unlock_orders.TestAdminUnlockOrder" name="test_unlock_records_status_history" time="0.093" /><testcase classname="tests.unit.test_admin_lock_unlock_orders.TestAdminUnlockOrder" name="test_unlock_persisted_in_dynamodb" time="0.094" /><testcase classname="tests.unit.test_admin_lock_unlock_orders.TestAdminUnlockOrder" name="test_unlock_rejected_when_event_closed" time="0.087" /><testcase classname="tests.unit.test_admin_lock_unlock_orders.TestAdminUnlockOrder" name="test_unlock_allowed_when_no_event_record" time="0.091" /><testcase classname="tests.unit.test_admin_lock_unlock_orders.TestAdminUnlockOrder" name="test_unlock_allowed_when_order_has_no_event_id" time="0.087" /><testcase classname="tests.unit.test_admin_lock_unlock_orders.TestAdminUnlockOrder" name="test_unlock_non_locked_order_returns_400" time="0.384" /><testcase classname="tests.unit.test_admin_lock_unlock_orders.TestAdminUnlockOrder" name="test_unlock_draft_order_returns_400" time="0.082" /><testcase classname="tests.unit.test_admin_lock_unlock_orders.TestAdminUnlockOrder" name="test_unlock_nonexistent_order_returns_404" time="0.076" /><testcase classname="tests.unit.test_admin_lock_unlock_orders.TestAdminUnlockOrder" name="test_unlock_concurrency_conflict_returns_409" time="0.091" /><testcase classname="tests.unit.test_admin_lock_unlock_orders.TestAdminUnlockOrder" name="test_non_admin_returns_403" time="0.077" /><testcase classname="tests.unit.test_admin_lock_unlock_orders.TestAdminUnlockOrder" name="test_webshop_management_without_regio_returns_403" time="0.078" /><testcase classname="tests.unit.test_admin_lock_unlock_orders.TestAdminUnlockOrder" name="test_regio_all_grants_access" time="0.091" /><testcase classname="tests.unit.test_admin_lock_unlock_orders.TestAdminUnlockOrder" name="test_missing_order_id_returns_400" time="0.420" /><testcase classname="tests.unit.test_admin_lock_unlock_orders.TestAdminUnlockOrder" name="test_options_request_returns_200" time="0.075" /><testcase classname="tests.unit.test_admin_properties.TestProperty8StateTransitionValidity" name="test_transition_validity_matches_rules" time="0.483" /><testcase classname="tests.unit.test_admin_properties.TestProperty8StateTransitionValidity" name="test_payment_failed_is_terminal" time="0.010" /><testcase classname="tests.unit.test_admin_properties.TestProperty8StateTransitionValidity" name="test_forward_transitions_are_valid" time="0.068" /><testcase classname="tests.unit.test_admin_properties.TestProperty4ProductValidationConstraints" name="test_min_exceeds_max_rejected" time="0.149" /><testcase classname="tests.unit.test_admin_properties.TestProperty4ProductValidationConstraints" name="test_min_leq_max_accepted" time="0.051" /><testcase classname="tests.unit.test_admin_properties.TestProperty4ProductValidationConstraints" name="test_malformed_required_attributes_rejected" time="1.203" /><testcase classname="tests.unit.test_admin_properties.TestProperty12PaymentAggregateCorrectness" name="test_aggregates_equal_sums" time="0.089" /><testcase classname="tests.unit.test_admin_properties.TestProperty12PaymentAggregateCorrectness" name="test_outstanding_is_charged_minus_paid" time="0.095" /><testcase classname="tests.unit.test_admin_properties.TestProperty10StockReservationTargetsVariants" name="test_reserve_stock_calls_update_on_variant_ids" time="0.591" /><testcase classname="tests.unit.test_admin_properties.TestProperty10StockReservationTargetsVariants" name="test_reserve_stock_never_targets_parent_product" time="0.484" /><testcase classname="tests.unit.test_admin_properties.TestProperty18InboundStockMovementConsistency" name="test_inbound_movement_fields_correct" time="0.325" /><testcase classname="tests.unit.test_admin_properties.TestProperty19SaleMovementAutoCreation" name="test_sale_movements_created_per_line_item" time="0.506" /><testcase classname="tests.unit.test_admin_properties.TestProperty7BulkVariantGeneration" name="test_generates_correct_cartesian_product_count" time="0.396" /><testcase classname="tests.unit.test_admin_properties.TestProperty7BulkVariantGeneration" name="test_all_combinations_are_unique" time="0.360" /><testcase classname="tests.unit.test_admin_properties.TestProperty6VariantAggregationCorrectness" name="test_aggregated_stock_equals_sum" time="0.082" /><testcase classname="tests.unit.test_admin_properties.TestProperty6VariantAggregationCorrectness" name="test_empty_variants_aggregate_to_zero" time="0.084" /><testcase classname="tests.unit.test_admin_properties.TestProperty16DefaultVariantAutoCreationAndRemoval" name="test_default_variant_has_correct_fields" time="0.116" /><testcase classname="tests.unit.test_admin_properties.TestProperty16DefaultVariantAutoCreationAndRemoval" name="test_should_remove_when_only_default_and_new_has_attributes" time="0.157" /><testcase classname="tests.unit.test_admin_properties.TestProperty16DefaultVariantAutoCreationAndRemoval" name="test_should_not_remove_when_existing_has_attribute_variants" time="0.219" /><testcase classname="tests.unit.test_admin_properties.TestProperty16DefaultVariantAutoCreationAndRemoval" name="test_should_not_remove_when_new_has_only_defaults" time="0.006" /><testcase classname="tests.unit.test_admin_properties.TestProperty15OversellControlPerVariant" name="test_oversell_true_always_allows" time="0.033" /><testcase classname="tests.unit.test_admin_properties.TestProperty15OversellControlPerVariant" name="test_oversell_false_zero_stock_rejects" time="0.054" /><testcase classname="tests.unit.test_admin_properties.TestProperty15OversellControlPerVariant" name="test_oversell_false_insufficient_stock_rejects" time="0.128" /><testcase classname="tests.unit.test_admin_properties.TestProperty15OversellControlPerVariant" name="test_oversell_false_sufficient_stock_allows" time="0.047" /><testcase classname="tests.unit.test_admin_properties.TestProperty2EventIdFilterCorrectness" name="test_filtered_result_contains_only_matching_records" time="0.517" /><testcase classname="tests.unit.test_admin_properties.TestProperty2EventIdFilterCorrectness" name="test_all_filter_returns_all_records" time="0.940" /><testcase classname="tests.unit.test_admin_properties.TestProperty2EventIdFilterCorrectness" name="test_filtered_count_matches_matching_records" time="0.232" /><testcase classname="tests.unit.test_admin_properties.TestProperty17CartAlwaysLinksToVariant" name="test_cart_items_have_variant_id_set" time="0.943" /><testcase classname="tests.unit.test_admin_properties.TestProperty17CartAlwaysLinksToVariant" name="test_cart_variant_id_matches_variant_pattern" time="0.838" /><testcase classname="tests.unit.test_admin_properties.TestProperty17CartAlwaysLinksToVariant" name="test_cart_never_references_parent_product_for_stock" time="1.283" /><testcase classname="tests.unit.test_admin_record_payment" name="test_handler_exists" time="0.001" /><testcase classname="tests.unit.test_admin_record_payment" name="test_returns_401_without_auth" time="0.001" /><testcase classname="tests.unit.test_admin_record_payment_properties.TestProperty7PaymentHandlerInputValidation" name="test_missing_order_id_returns_400" time="1.416" /><testcase classname="tests.unit.test_admin_record_payment_properties.TestProperty7PaymentHandlerInputValidation" name="test_non_numeric_amount_returns_400" time="1.465" /><testcase classname="tests.unit.test_admin_record_payment_properties.TestProperty7PaymentHandlerInputValidation" name="test_amount_outside_range_returns_400" time="1.409" /><testcase classname="tests.unit.test_admin_record_payment_properties.TestProperty7PaymentHandlerInputValidation" name="test_missing_date_returns_400" time="1.377" /><testcase classname="tests.unit.test_admin_record_payment_properties.TestProperty7PaymentHandlerInputValidation" name="test_invalid_date_format_returns_400" time="1.520" /><testcase classname="tests.unit.test_admin_record_payment_properties.TestProperty7PaymentHandlerInputValidation" name="test_missing_order_id_does_not_modify_db" time="13.404" /><testcase classname="tests.unit.test_admin_record_payment_properties.TestProperty7PaymentHandlerInputValidation" name="test_invalid_amount_does_not_modify_db" time="14.269" /><testcase classname="tests.unit.test_admin_update_product.TestAdminUpdateProductBasicFields" name="test_update_groep_subgroep" time="0.087" /><testcase classname="tests.unit.test_admin_update_product.TestAdminUpdateProductBasicFields" name="test_update_images" time="0.084" /><testcase classname="tests.unit.test_admin_update_product.TestAdminUpdateProductBasicFields" name="test_update_nonexistent_product_returns_404" time="0.077" /><testcase classname="tests.unit.test_admin_update_product.TestAdminUpdateProductBasicFields" name="test_cannot_update_variant_record" time="0.079" /><testcase classname="tests.unit.test_admin_update_product.TestAdminUpdateProductNewFieldsValidation" name="test_invalid_variant_schema_rejected" time="0.638" /><testcase classname="tests.unit.test_admin_update_product.TestAdminUpdateProductNewFieldsValidation" name="test_invalid_order_item_fields_rejected" time="0.079" /><testcase classname="tests.unit.test_admin_update_product.TestAdminUpdateProductNewFieldsValidation" name="test_invalid_purchase_rules_rejected" time="0.078" /><testcase classname="tests.unit.test_admin_update_product.TestAdminUpdateProductNewFieldsValidation" name="test_valid_order_item_fields_accepted" time="0.084" /><testcase classname="tests.unit.test_admin_update_product.TestAdminUpdateProductNewFieldsValidation" name="test_valid_purchase_rules_accepted" time="0.084" /><testcase classname="tests.unit.test_admin_update_product.TestAdminUpdateProductVariantRegeneration" name="test_variant_schema_change_regenerates_variants" time="0.101" /><testcase classname="tests.unit.test_admin_update_product.TestAdminUpdateProductVariantRegeneration" name="test_removing_variant_schema_deactivates_variants" time="0.092" /><testcase classname="tests.unit.test_admin_update_product.TestAdminUpdateProductVariantRegeneration" name="test_same_variant_schema_no_regeneration" time="0.092" /><testcase classname="tests.unit.test_admin_update_product.TestAdminUpdateProductVariantRegeneration" name="test_update_without_variant_schema_no_regeneration" time="0.086" /><testcase classname="tests.unit.test_admin_update_product.TestAdminUpdateProductVariantRegeneration" name="test_multi_axis_variant_schema_regeneration" time="0.636" /><testcase classname="tests.unit.test_auth_logging.TestStructuredLogging" name="test_permission_denial_logging_structure" time="0.001" /><testcase classname="tests.unit.test_auth_logging.TestStructuredLogging" name="test_successful_access_logging_structure" time="0.001" /><testcase classname="tests.unit.test_auth_logging.TestStructuredLogging" name="test_regional_access_logging_structure" time="0.001" /><testcase classname="tests.unit.test_auth_logging.TestStructuredLogging" name="test_regional_access_denied_logging" time="0.001" /><testcase classname="tests.unit.test_auth_logging.TestStructuredLogging" name="test_role_structure_validation_logging" time="0.001" /><testcase classname="tests.unit.test_auth_logging.TestStructuredLogging" name="test_auth_system_failure_logging" time="0.001" /><testcase classname="tests.unit.test_auth_logging.TestLoggingIntegration" name="test_logging_during_successful_auth_flow" time="0.001" /><testcase classname="tests.unit.test_auth_logging.TestLoggingIntegration" name="test_logging_during_failed_auth_flow" time="0.001" /><testcase classname="tests.unit.test_auth_logging.TestLoggingIntegration" name="test_logging_with_enhanced_groups" time="0.001" /><testcase classname="tests.unit.test_auth_logging.TestLogSearchability" name="test_log_searchability_keywords" time="0.001" /><testcase classname="tests.unit.test_auth_logging.TestLogSearchability" name="test_cloudwatch_log_group_format" time="0.001" /><testcase classname="tests.unit.test_auth_logging.TestLogSearchability" name="test_log_timestamp_consistency" time="0.001" /><testcase classname="tests.unit.test_auth_logging.TestLogCompliance" name="test_sensitive_data_not_logged" time="0.001" /><testcase classname="tests.unit.test_auth_logging.TestLogCompliance" name="test_log_structure_version_tracking" time="0.002" /><testcase classname="tests.unit.test_auth_logging.TestLogCompliance" name="test_audit_trail_completeness" time="0.001" /><testcase classname="tests.unit.test_auth_utils_consolidation.TestProperty4SharedLayerSubsumesAuthUtilsLocal" name="test_core_function_is_available_and_callable" time="0.010" /><testcase classname="tests.unit.test_auth_utils_consolidation.TestProperty4SharedLayerSubsumesAuthUtilsLocal" name="test_handler_imported_function_available" time="0.005" /><testcase classname="tests.unit.test_auth_utils_consolidation.TestProperty4SharedLayerSubsumesAuthUtilsLocal" name="test_function_signature_has_parameters" time="0.009" /><testcase classname="tests.unit.test_auth_utils_consolidation.TestProperty4SharedLayerSubsumesAuthUtilsLocal" name="test_all_12_core_functions_present" time="0.001" /><testcase classname="tests.unit.test_auth_utils_consolidation.TestProperty4SharedLayerSubsumesAuthUtilsLocal" name="test_all_handler_imports_satisfied" time="0.001" /><testcase classname="tests.unit.test_auth_utils_consolidation.TestProperty4SharedLayerSubsumesAuthUtilsLocal" name="test_cors_headers_returns_dict" time="0.000" /><testcase classname="tests.unit.test_auth_utils_consolidation.TestProperty4SharedLayerSubsumesAuthUtilsLocal" name="test_handle_options_request_returns_200" time="0.000" /><testcase classname="tests.unit.test_auth_utils_consolidation.TestProperty4SharedLayerSubsumesAuthUtilsLocal" name="test_create_error_response_format" time="0.000" /><testcase classname="tests.unit.test_auth_utils_consolidation.TestProperty4SharedLayerSubsumesAuthUtilsLocal" name="test_create_success_response_format" time="0.001" /><testcase classname="tests.unit.test_bug_condition_exploration" name="test_bug_condition_test_file_passes[cat1-stale-import-presmeet-generate-report]" time="0.540" /><testcase classname="tests.unit.test_bug_condition_exploration" name="test_bug_condition_test_file_passes[cat1-stale-import-update-order-items]" time="0.798" /><testcase classname="tests.unit.test_bug_condition_exploration" name="test_bug_condition_test_file_passes[cat2-test-bug-admin-properties]" time="10.771" /><testcase classname="tests.unit.test_bug_condition_exploration" name="test_bug_condition_test_file_passes[cat2-test-bug-scan-product]" time="1.441" /><testcase classname="tests.unit.test_bug_condition_exploration" name="test_bug_condition_test_file_passes[cat2-test-bug-submit-order]" time="1.975" /><testcase classname="tests.unit.test_bug_condition_exploration" name="test_bug_condition_test_file_passes[cat3-handler-bug-admin-record-payment]" time="0.655" /><testcase classname="tests.unit.test_bug_condition_exploration" name="test_bug_condition_test_file_passes[cat3-handler-bug-create-order]" time="0.699" /><testcase classname="tests.unit.test_bug_condition_exploration" name="test_bug_condition_test_file_passes[cat4-obsolete-migrate-channel-to-event-id]" time="0.548" /><testcase classname="tests.unit.test_bug_condition_exploration" name="test_bug_condition_test_file_passes[cat4-obsolete-migrate-products]" time="0.541" /><testcase classname="tests.unit.test_circular_dependency_bug.TestCircularDependencyBugCondition" name="test_create_order_function_webhook_url_does_not_reference_my_api" time="0.001" /><testcase classname="tests.unit.test_circular_dependency_bug.TestCircularDependencyBugCondition" name="test_circular_dependency_condition_not_present" time="0.001" /><testcase classname="tests.unit.test_circular_dependency_bug.TestCircularDependencyBugCondition" name="test_no_env_var_in_create_order_function_references_my_api" time="0.011" /><testcase classname="tests.unit.test_circular_dependency_bug.TestCircularDependencyBugCondition" name="test_no_function_with_api_event_has_my_api_env_ref" time="0.009" /><testcase classname="tests.unit.test_cognito_custom_message_locale.TestCognitoLocaleExtraction" name="test_valid_locale_extracted_from_client_metadata" time="0.010" /><testcase classname="tests.unit.test_cognito_custom_message_locale.TestCognitoLocaleExtraction" name="test_french_locale_extracted" time="0.007" /><testcase classname="tests.unit.test_cognito_custom_message_locale.TestCognitoLocaleExtraction" name="test_german_locale_extracted" time="0.006" /><testcase classname="tests.unit.test_cognito_custom_message_locale.TestCognitoLocaleExtraction" name="test_all_supported_locales_pass_through[nl]" time="0.006" /><testcase classname="tests.unit.test_cognito_custom_message_locale.TestCognitoLocaleExtraction" name="test_all_supported_locales_pass_through[en]" time="0.007" /><testcase classname="tests.unit.test_cognito_custom_message_locale.TestCognitoLocaleExtraction" name="test_all_supported_locales_pass_through[fr]" time="0.005" /><testcase classname="tests.unit.test_cognito_custom_message_locale.TestCognitoLocaleExtraction" name="test_all_supported_locales_pass_through[de]" time="0.005" /><testcase classname="tests.unit.test_cognito_custom_message_locale.TestCognitoLocaleExtraction" name="test_all_supported_locales_pass_through[sv]" time="0.007" /><testcase classname="tests.unit.test_cognito_custom_message_locale.TestCognitoLocaleExtraction" name="test_all_supported_locales_pass_through[da]" time="0.005" /><testcase classname="tests.unit.test_cognito_custom_message_locale.TestCognitoLocaleExtraction" name="test_all_supported_locales_pass_through[it]" time="0.005" /><testcase classname="tests.unit.test_cognito_custom_message_locale.TestCognitoLocaleExtraction" name="test_all_supported_locales_pass_through[es]" time="0.005" /><testcase classname="tests.unit.test_cognito_custom_message_locale.TestCognitoLocaleFallback" name="test_missing_locale_falls_back_to_dutch" time="0.007" /><testcase classname="tests.unit.test_cognito_custom_message_locale.TestCognitoLocaleFallback" name="test_null_client_metadata_falls_back_to_dutch" time="0.005" /><testcase classname="tests.unit.test_cognito_custom_message_locale.TestCognitoLocaleFallback" name="test_invalid_locale_falls_back_to_dutch" time="0.005" /><testcase classname="tests.unit.test_cognito_custom_message_locale.TestCognitoLocaleFallback" name="test_empty_string_locale_falls_back_to_dutch" time="0.006" /><testcase classname="tests.unit.test_cognito_custom_message_locale.TestCognitoLocaleFallback" name="test_gibberish_locale_falls_back_to_dutch" time="0.005" /><testcase classname="tests.unit.test_cognito_custom_message_locale.TestCognitoLocalePassedToAllHandlers" name="test_admin_create_user_receives_locale" time="0.005" /><testcase classname="tests.unit.test_cognito_custom_message_locale.TestCognitoLocalePassedToAllHandlers" name="test_resend_code_receives_locale" time="0.005" /><testcase classname="tests.unit.test_cognito_custom_message_locale.TestCognitoLocalePassedToAllHandlers" name="test_forgot_password_receives_locale" time="0.007" /><testcase classname="tests.unit.test_cognito_custom_message_locale.TestCognitoLocalePassedToAllHandlers" name="test_authentication_receives_locale" time="0.005" /><testcase classname="tests.unit.test_cognito_custom_message_locale.TestCognitoLocalePassedToAllHandlers" name="test_update_user_attribute_receives_locale" time="0.005" /><testcase classname="tests.unit.test_cognito_custom_message_locale.TestCognitoLocalePassedToAllHandlers" name="test_verify_user_attribute_receives_locale" time="0.006" /><testcase classname="tests.unit.test_cognito_custom_message_locale.TestCognitoResponseStructure" name="test_response_contains_email_message" time="0.005" /><testcase classname="tests.unit.test_cognito_custom_message_locale.TestCognitoResponseStructure" name="test_response_contains_email_subject" time="0.005" /><testcase classname="tests.unit.test_cognito_custom_message_locale.TestCognitoResponseStructure" name="test_handler_returns_event_on_error" time="0.005" /><testcase classname="tests.unit.test_cognito_role_assignment" name="test_handler_exists" time="0.001" /><testcase classname="tests.unit.test_cognito_role_assignment" name="test_returns_401_without_auth" time="0.001" /><testcase classname="tests.unit.test_comprehensive_auth_flows.TestAuthenticationFlows" name="test_successful_credential_extraction" time="0.001" /><testcase classname="tests.unit.test_comprehensive_auth_flows.TestAuthenticationFlows" name="test_enhanced_groups_header_priority" time="0.001" /><testcase classname="tests.unit.test_comprehensive_auth_flows.TestAuthenticationFlows" name="test_missing_authorization_header" time="0.001" /><testcase classname="tests.unit.test_comprehensive_auth_flows.TestAuthenticationFlows" name="test_invalid_bearer_format" time="0.001" /><testcase classname="tests.unit.test_comprehensive_auth_flows.TestAuthenticationFlows" name="test_malformed_jwt_token" time="0.001" /><testcase classname="tests.unit.test_comprehensive_auth_flows.TestAuthenticationFlows" name="test_empty_jwt_token" time="0.001" /><testcase classname="tests.unit.test_comprehensive_auth_flows.TestAuthenticationFlows" name="test_jwt_without_email" time="0.001" /><testcase classname="tests.unit.test_comprehensive_auth_flows.TestPermissionValidation" name="test_basic_member_permissions" time="0.000" /><testcase classname="tests.unit.test_comprehensive_auth_flows.TestPermissionValidation" name="test_admin_permissions" time="0.002" /><testcase classname="tests.unit.test_comprehensive_auth_flows.TestPermissionValidation" name="test_permission_denied" time="0.001" /><testcase classname="tests.unit.test_comprehensive_auth_flows.TestPermissionValidation" name="test_multiple_role_permissions" time="0.001" /><testcase classname="tests.unit.test_comprehensive_auth_flows.TestPermissionValidation" name="test_regional_permission_validation" time="0.001" /><testcase classname="tests.unit.test_comprehensive_auth_flows.TestPermissionValidation" name="test_national_access_permissions" time="0.001" /><testcase classname="tests.unit.test_comprehensive_auth_flows.TestPermissionValidation" name="test_missing_region_assignment" time="0.001" /><testcase classname="tests.unit.test_comprehensive_auth_flows.TestRegionalAccess" name="test_determine_regional_access_admin" time="0.001" /><testcase classname="tests.unit.test_comprehensive_auth_flows.TestRegionalAccess" name="test_determine_regional_access_national" time="0.000" /><testcase classname="tests.unit.test_comprehensive_auth_flows.TestRegionalAccess" name="test_determine_regional_access_specific_regions" time="0.000" /><testcase classname="tests.unit.test_comprehensive_auth_flows.TestRegionalAccess" name="test_check_regional_data_access_allowed" time="0.001" /><testcase classname="tests.unit.test_comprehensive_auth_flows.TestRegionalAccess" name="test_check_regional_data_access_denied" time="0.001" /><testcase classname="tests.unit.test_comprehensive_auth_flows.TestRegionalAccess" name="test_get_user_accessible_regions" time="0.000" /><testcase classname="tests.unit.test_comprehensive_auth_flows.TestFailureScenarios" name="test_jwt_decode_failure" time="0.001" /><testcase classname="tests.unit.test_comprehensive_auth_flows.TestFailureScenarios" name="test_json_parse_failure" time="0.001" /><testcase classname="tests.unit.test_comprehensive_auth_flows.TestFailureScenarios" name="test_maintenance_fallback_integration" time="0.001" /><testcase classname="tests.unit.test_comprehensive_auth_flows.TestFailureScenarios" name="test_invalid_enhanced_groups_header" time="0.001" /><testcase classname="tests.unit.test_comprehensive_auth_flows.TestMaintenanceFallback" name="test_create_maintenance_response" time="0.001" /><testcase classname="tests.unit.test_comprehensive_auth_flows.TestMaintenanceFallback" name="test_log_auth_system_failure" time="0.001" /><testcase classname="tests.unit.test_comprehensive_auth_flows.TestMaintenanceFallback" name="test_smart_fallback_handler_creation" time="0.001" /><testcase classname="tests.unit.test_comprehensive_auth_flows.TestMaintenanceFallback" name="test_smart_fallback_options_handling" time="0.001" /><testcase classname="tests.unit.test_comprehensive_auth_flows.TestLoggingAndAudit" name="test_cors_headers" time="0.001" /><testcase classname="tests.unit.test_comprehensive_auth_flows.TestLoggingAndAudit" name="test_create_error_response" time="0.001" /><testcase classname="tests.unit.test_comprehensive_auth_flows.TestLoggingAndAudit" name="test_create_success_response" time="0.001" /><testcase classname="tests.unit.test_comprehensive_auth_flows.TestLoggingAndAudit" name="test_permission_denial_logging" time="0.001" /><testcase classname="tests.unit.test_comprehensive_auth_flows.TestLoggingAndAudit" name="test_successful_access_logging" time="0.001" /><testcase classname="tests.unit.test_comprehensive_auth_flows.TestLoggingAndAudit" name="test_regional_access_logging" time="0.001" /><testcase classname="tests.unit.test_comprehensive_auth_flows.TestIntegrationScenarios" name="test_complete_auth_flow_basic_member" time="0.001" /><testcase classname="tests.unit.test_comprehensive_auth_flows.TestIntegrationScenarios" name="test_complete_auth_flow_regional_admin" time="0.001" /><testcase classname="tests.unit.test_comprehensive_auth_flows.TestIntegrationScenarios" name="test_complete_auth_flow_national_admin" time="0.001" /><testcase classname="tests.unit.test_comprehensive_auth_flows.TestIntegrationScenarios" name="test_auth_flow_with_enhanced_groups" time="0.001" /><testcase classname="tests.unit.test_cors_headers_stage.TestCorsHeadersStageBehavior" name="test_returns_testportal_origin_when_env_var_set" time="0.001" /><testcase classname="tests.unit.test_cors_headers_stage.TestCorsHeadersStageBehavior" name="test_returns_portal_origin_when_env_var_set" time="0.001" /><testcase classname="tests.unit.test_cors_headers_stage.TestCorsHeadersStageBehavior" name="test_returns_wildcard_when_env_var_not_set" time="0.001" /><testcase classname="tests.unit.test_cors_origin_property.TestProperty1CorsOriginFromEnvironmentVariable" name="test_cors_headers_returns_exact_env_var_value" time="0.065" /><testcase classname="tests.unit.test_cors_origin_property.TestProperty1CorsOriginFromEnvironmentVariable" name="test_cors_headers_does_not_accept_request_parameter" time="0.001" /><testcase classname="tests.unit.test_cors_origin_property.TestProperty1CorsOriginFromEnvironmentVariable" name="test_cors_headers_ignores_any_request_origin" time="0.081" /><testcase classname="tests.unit.test_create_event.TestCreateEvent" name="test_create_event_success" time="0.078" /><testcase classname="tests.unit.test_create_event.TestCreateEvent" name="test_create_event_with_event_type" time="0.081" /><testcase classname="tests.unit.test_create_event.TestCreateEvent" name="test_create_event_without_constraints" time="0.067" /><testcase classname="tests.unit.test_create_event.TestCreateEvent" name="test_create_event_without_product_ids" time="0.065" /><testcase classname="tests.unit.test_create_event.TestCreateEvent" name="test_create_event_initial_status_is_draft" time="0.070" /><testcase classname="tests.unit.test_create_event.TestRequiredFields" name="test_missing_required_field_rejected[name]" time="0.068" /><testcase classname="tests.unit.test_create_event.TestRequiredFields" name="test_missing_required_field_rejected[event_type]" time="0.065" /><testcase classname="tests.unit.test_create_event.TestRequiredFields" name="test_missing_required_field_rejected[start_date]" time="0.063" /><testcase classname="tests.unit.test_create_event.TestRequiredFields" name="test_missing_required_field_rejected[end_date]" time="0.595" /><testcase classname="tests.unit.test_create_event.TestRequiredFields" name="test_missing_required_field_rejected[registration_open]" time="0.068" /><testcase classname="tests.unit.test_create_event.TestRequiredFields" name="test_missing_required_field_rejected[registration_close]" time="0.065" /><testcase classname="tests.unit.test_create_event.TestRequiredFields" name="test_empty_name_rejected" time="0.065" /><testcase classname="tests.unit.test_create_event.TestRequiredFields" name="test_name_too_long_rejected" time="0.066" /><testcase classname="tests.unit.test_create_event.TestRequiredFields" name="test_location_too_long_rejected" time="0.063" /><testcase classname="tests.unit.test_create_event.TestDateValidation" name="test_valid_dates_accepted" time="0.067" /><testcase classname="tests.unit.test_create_event.TestDateValidation" name="test_registration_open_not_before_close_rejected" time="0.066" /><testcase classname="tests.unit.test_create_event.TestDateValidation" name="test_registration_open_equals_close_rejected" time="0.066" /><testcase classname="tests.unit.test_create_event.TestDateValidation" name="test_registration_close_after_start_date_rejected" time="0.574" /><testcase classname="tests.unit.test_create_event.TestDateValidation" name="test_registration_close_equals_start_date_accepted" time="0.068" /><testcase classname="tests.unit.test_create_event.TestDateValidation" name="test_start_date_after_end_date_rejected" time="0.067" /><testcase classname="tests.unit.test_create_event.TestDateValidation" name="test_start_date_equals_end_date_accepted" time="0.070" /><testcase classname="tests.unit.test_create_event.TestConstraintValidation" name="test_valid_constraints_accepted" time="0.069" /><testcase classname="tests.unit.test_create_event.TestConstraintValidation" name="test_duplicate_constraint_keys_rejected" time="0.065" /><testcase classname="tests.unit.test_create_event.TestConstraintValidation" name="test_constraint_max_zero_rejected" time="0.063" /><testcase classname="tests.unit.test_create_event.TestConstraintValidation" name="test_constraint_negative_max_rejected" time="0.064" /><testcase classname="tests.unit.test_create_event.TestConstraintValidation" name="test_constraint_invalid_counting_rule_rejected" time="0.063" /><testcase classname="tests.unit.test_create_event.TestConstraintValidation" name="test_constraint_missing_key_rejected" time="0.064" /><testcase classname="tests.unit.test_create_event.TestConstraintValidation" name="test_constraint_missing_counting_rule_rejected" time="0.601" /><testcase classname="tests.unit.test_create_event.TestConstraintValidation" name="test_all_valid_counting_rules_accepted" time="0.067" /><testcase classname="tests.unit.test_create_event.TestConstraintValidation" name="test_constraints_not_array_rejected" time="0.064" /><testcase classname="tests.unit.test_create_event.TestEventClone" name="test_clone_event_copies_fields" time="0.076" /><testcase classname="tests.unit.test_create_event.TestEventClone" name="test_clone_event_clears_dates" time="0.077" /><testcase classname="tests.unit.test_create_event.TestEventClone" name="test_clone_nonexistent_event_returns_404" time="0.069" /><testcase classname="tests.unit.test_create_event.TestAuthAndErrors" name="test_unauthenticated_request_rejected" time="0.068" /><testcase classname="tests.unit.test_create_event.TestAuthAndErrors" name="test_invalid_json_body_rejected" time="0.064" /><testcase classname="tests.unit.test_create_event.TestAuthAndErrors" name="test_options_request_handled" time="0.062" /><testcase classname="tests.unit.test_create_member" name="test_handler_exists" time="0.001" /><testcase classname="tests.unit.test_create_member" name="test_returns_401_without_auth" time="0.001" /><testcase classname="tests.unit.test_create_order.TestHandlerBasics" name="test_handler_exists" time="0.001" /><testcase classname="tests.unit.test_create_order.TestHandlerBasics" name="test_returns_error_without_auth" time="0.336" /><testcase classname="tests.unit.test_create_order.TestHandlerBasics" name="test_handles_options_request" time="0.001" /><testcase classname="tests.unit.test_create_order.TestWebshopOrderCreation" name="test_creates_draft_order_for_webshop" time="0.003" /><testcase classname="tests.unit.test_create_order.TestWebshopOrderCreation" name="test_webshop_always_creates_new_order" time="0.005" /><testcase classname="tests.unit.test_create_order.TestWebshopOrderCreation" name="test_creates_empty_draft_without_items" time="0.002" /><testcase classname="tests.unit.test_create_order.TestEventOrderCreation" name="test_creates_new_event_order" time="0.003" /><testcase classname="tests.unit.test_create_order.TestEventOrderCreation" name="test_returns_existing_event_order" time="0.002" /><testcase classname="tests.unit.test_create_order.TestEventOrderCreation" name="test_does_not_return_cancelled_order" time="0.003" /><testcase classname="tests.unit.test_create_order.TestPriceValidation" name="test_rejects_product_with_zero_price" time="0.002" /><testcase classname="tests.unit.test_create_order.TestPriceValidation" name="test_rejects_product_with_null_price" time="0.002" /><testcase classname="tests.unit.test_create_order.TestPriceValidation" name="test_rejects_product_not_found" time="0.002" /><testcase classname="tests.unit.test_create_order.TestPriceValidation" name="test_uses_variant_price_override" time="0.004" /><testcase classname="tests.unit.test_create_order.TestPriceValidation" name="test_falls_back_to_parent_price" time="0.003" /><testcase classname="tests.unit.test_create_order.TestAccessControl" name="test_rejects_unauthorized_user" time="0.001" /><testcase classname="tests.unit.test_create_payment.TestOptionsRequest" name="test_options_returns_200" time="0.001" /><testcase classname="tests.unit.test_create_payment.TestMissingOrderId" name="test_missing_order_id_returns_400" time="0.001" /><testcase classname="tests.unit.test_create_payment.TestMissingOrderId" name="test_null_path_params_returns_400" time="0.001" /><testcase classname="tests.unit.test_create_payment.TestOrderNotFound" name="test_order_not_found_returns_404" time="0.001" /><testcase classname="tests.unit.test_create_payment.TestOwnership" name="test_non_owner_returns_403" time="0.001" /><testcase classname="tests.unit.test_create_payment.TestOwnership" name="test_delegate_can_access" time="0.002" /><testcase classname="tests.unit.test_create_payment.TestOrderStatusValidation" name="test_draft_order_returns_409" time="0.001" /><testcase classname="tests.unit.test_create_payment.TestOrderStatusValidation" name="test_locked_order_returns_409" time="0.001" /><testcase classname="tests.unit.test_create_payment.TestSuccessfulPayment" name="test_creates_payment_and_returns_checkout_url" time="0.002" /><testcase classname="tests.unit.test_create_payment.TestSuccessfulPayment" name="test_partial_payment_calculates_outstanding" time="0.002" /><testcase classname="tests.unit.test_create_payment.TestSuccessfulPayment" name="test_webshop_order_payment" time="0.002" /><testcase classname="tests.unit.test_create_payment.TestNoOutstandingBalance" name="test_fully_paid_returns_400" time="0.001" /><testcase classname="tests.unit.test_create_payment.TestNoOutstandingBalance" name="test_overpaid_returns_400" time="0.001" /><testcase classname="tests.unit.test_create_payment.TestNoOutstandingBalance" name="test_zero_items_returns_400" time="0.001" /><testcase classname="tests.unit.test_create_payment.TestUnsupportedMethod" name="test_unsupported_method_returns_400" time="0.001" /><testcase classname="tests.unit.test_create_payment.TestMollieApiError" name="test_mollie_error_returns_502_no_payment_stored" time="0.001" /><testcase classname="tests.unit.test_create_payment.TestPaymentRecordStorage" name="test_stores_payment_with_all_required_fields" time="0.002" /><testcase classname="tests.unit.test_delete_test_data" name="test_delete_test_data_deletes_all_records" time="0.096" /><testcase classname="tests.unit.test_delete_test_data" name="test_delete_test_data_dry_run_does_not_delete" time="0.636" /><testcase classname="tests.unit.test_delete_test_data" name="test_delete_test_data_empty_tables" time="0.070" /><testcase classname="tests.unit.test_delete_test_data" name="test_migration_summary_includes_deletion_counts" time="0.004" /><testcase classname="tests.unit.test_event_access.TestHasEventAccess" name="test_returns_true_when_event_in_allowed_events" time="0.068" /><testcase classname="tests.unit.test_event_access.TestHasEventAccess" name="test_returns_false_when_event_not_in_allowed_events" time="0.071" /><testcase classname="tests.unit.test_event_access.TestHasEventAccess" name="test_returns_false_when_member_does_not_exist" time="0.066" /><testcase classname="tests.unit.test_event_access.TestHasEventAccess" name="test_returns_false_when_allowed_events_field_missing" time="0.067" /><testcase classname="tests.unit.test_event_access.TestHasEventAccess" name="test_returns_false_when_allowed_events_is_empty_list" time="0.069" /><testcase classname="tests.unit.test_event_access.TestHasEventAccess" name="test_handles_multiple_events_correctly" time="0.076" /><testcase classname="tests.unit.test_event_access.TestGetMemberAllowedEvents" name="test_returns_list_when_member_exists" time="0.068" /><testcase classname="tests.unit.test_event_access.TestGetMemberAllowedEvents" name="test_returns_empty_list_when_member_does_not_exist" time="0.595" /><testcase classname="tests.unit.test_event_access.TestGetMemberAllowedEvents" name="test_returns_empty_list_when_field_is_missing" time="0.069" /><testcase classname="tests.unit.test_event_constraints.TestCountItemsByProduct" name="test_under_limit_passes" time="0.001" /><testcase classname="tests.unit.test_event_constraints.TestCountItemsByProduct" name="test_at_limit_passes" time="0.001" /><testcase classname="tests.unit.test_event_constraints.TestCountItemsByProduct" name="test_exceeds_limit_fails" time="0.000" /><testcase classname="tests.unit.test_event_constraints.TestCountItemsByProduct" name="test_draft_orders_not_counted" time="0.000" /><testcase classname="tests.unit.test_event_constraints.TestCountItemsByProduct" name="test_locked_orders_counted" time="0.000" /><testcase classname="tests.unit.test_event_constraints.TestCountItemsByProduct" name="test_current_club_excluded_on_resubmit" time="0.001" /><testcase classname="tests.unit.test_event_constraints.TestCountItemsByProduct" name="test_other_products_not_counted" time="0.001" /><testcase classname="tests.unit.test_event_constraints.TestCountItemsByProduct" name="test_decimal_max_value_handled" time="0.000" /><testcase classname="tests.unit.test_event_constraints.TestCountDistinctClubs" name="test_under_limit_passes" time="0.001" /><testcase classname="tests.unit.test_event_constraints.TestCountDistinctClubs" name="test_at_limit_fails" time="0.001" /><testcase classname="tests.unit.test_event_constraints.TestCountDistinctClubs" name="test_resubmit_same_club_no_double_count" time="0.000" /><testcase classname="tests.unit.test_event_constraints.TestCountDistinctClubs" name="test_draft_clubs_not_counted" time="0.000" /><testcase classname="tests.unit.test_event_constraints.TestSumField" name="test_under_limit_passes" time="0.000" /><testcase classname="tests.unit.test_event_constraints.TestSumField" name="test_exceeds_limit_fails" time="0.000" /><testcase classname="tests.unit.test_event_constraints.TestSumField" name="test_decimal_field_values_handled" time="0.000" /><testcase classname="tests.unit.test_event_constraints.TestSumField" name="test_only_matching_product_summed" time="0.001" /><testcase classname="tests.unit.test_event_constraints.TestSumField" name="test_sum_field_without_product_id_sums_all" time="0.001" /><testcase classname="tests.unit.test_event_constraints.TestSumField" name="test_missing_field_defaults_to_zero" time="0.001" /><testcase classname="tests.unit.test_event_constraints.TestEdgeCases" name="test_empty_constraints_returns_no_errors" time="0.001" /><testcase classname="tests.unit.test_event_constraints.TestEdgeCases" name="test_none_constraints_returns_no_errors" time="0.000" /><testcase classname="tests.unit.test_event_constraints.TestEdgeCases" name="test_empty_orders_with_new_items_under_max" time="0.000" /><testcase classname="tests.unit.test_event_constraints.TestEdgeCases" name="test_multiple_constraints_all_checked" time="0.000" /><testcase classname="tests.unit.test_event_constraints.TestEdgeCases" name="test_constraint_without_max_is_skipped" time="0.000" /><testcase classname="tests.unit.test_event_constraints.TestEdgeCases" name="test_unknown_counting_rule_treated_as_zero" time="0.000" /><testcase classname="tests.unit.test_event_constraints.TestEdgeCases" name="test_no_current_club_id_counts_all_orders" time="0.001" /><testcase classname="tests.unit.test_event_constraints.TestEdgeCases" name="test_error_message_contains_useful_info" time="0.001" /><testcase classname="tests.unit.test_event_constraints.TestEdgeCases" name="test_countable_statuses_constant" time="0.000" /><testcase classname="tests.unit.test_event_status_scheduler.TestDraftToOpen" name="test_draft_event_transitions_to_open_when_reg_open_is_today" time="0.083" /><testcase classname="tests.unit.test_event_status_scheduler.TestDraftToOpen" name="test_draft_event_transitions_to_open_when_reg_open_is_past" time="0.081" /><testcase classname="tests.unit.test_event_status_scheduler.TestDraftToOpen" name="test_draft_event_stays_draft_when_reg_open_is_future" time="0.075" /><testcase classname="tests.unit.test_event_status_scheduler.TestDraftToOpen" name="test_draft_event_without_reg_open_stays_draft" time="0.076" /><testcase classname="tests.unit.test_event_status_scheduler.TestOpenToClosed" name="test_open_event_transitions_to_closed_when_reg_close_is_today" time="0.080" /><testcase classname="tests.unit.test_event_status_scheduler.TestOpenToClosed" name="test_open_event_transitions_to_closed_when_reg_close_is_past" time="0.081" /><testcase classname="tests.unit.test_event_status_scheduler.TestOpenToClosed" name="test_open_event_stays_open_when_reg_close_is_future" time="0.076" /><testcase classname="tests.unit.test_event_status_scheduler.TestOpenToClosed" name="test_open_event_without_reg_close_stays_open" time="0.612" /><testcase classname="tests.unit.test_event_status_scheduler.TestAutoLockOrders" name="test_submitted_orders_are_locked_on_close" time="0.093" /><testcase classname="tests.unit.test_event_status_scheduler.TestAutoLockOrders" name="test_locked_orders_have_status_history_entry" time="0.089" /><testcase classname="tests.unit.test_event_status_scheduler.TestAutoLockOrders" name="test_draft_orders_are_not_locked_on_close" time="0.085" /><testcase classname="tests.unit.test_event_status_scheduler.TestAutoLockOrders" name="test_already_locked_orders_are_not_relocked" time="0.083" /><testcase classname="tests.unit.test_event_status_scheduler.TestAutoLockOrders" name="test_existing_status_history_is_preserved" time="0.086" /><testcase classname="tests.unit.test_event_status_scheduler.TestAutoLockOrders" name="test_no_orders_for_event_results_in_zero_locked" time="0.079" /><testcase classname="tests.unit.test_event_status_scheduler.TestNonAffectedEvents" name="test_closed_events_are_not_scanned" time="0.073" /><testcase classname="tests.unit.test_event_status_scheduler.TestNonAffectedEvents" name="test_multiple_events_processed_correctly" time="0.091" /><testcase classname="tests.unit.test_event_status_scheduler.TestNonAffectedEvents" name="test_scheduler_returns_today_date" time="0.068" /><testcase classname="tests.unit.test_export_members" name="test_handler_exists" time="0.001" /><testcase classname="tests.unit.test_export_members" name="test_returns_401_without_auth" time="0.001" /><testcase classname="tests.unit.test_generate_order_pdf" name="test_handler_exists" time="0.000" /><testcase classname="tests.unit.test_generate_order_pdf" name="test_returns_401_without_auth" time="0.001" /><testcase classname="tests.unit.test_get_customer_orders" name="test_handler_exists" time="0.007" /><testcase classname="tests.unit.test_get_customer_orders" name="test_returns_401_without_auth" time="0.001" /><testcase classname="tests.unit.test_get_customer_orders" name="test_handles_options_request" time="0.001" /><testcase classname="tests.unit.test_get_customer_orders" name="test_returns_orders_for_authenticated_user" time="0.001" /><testcase classname="tests.unit.test_get_customer_orders" name="test_returns_empty_list_when_no_orders" time="0.001" /><testcase classname="tests.unit.test_get_customer_orders" name="test_returns_404_when_member_not_found" time="0.001" /><testcase classname="tests.unit.test_get_member_self" name="test_handler_exists" time="0.000" /><testcase classname="tests.unit.test_get_member_self" name="test_returns_401_without_auth" time="0.001" /><testcase classname="tests.unit.test_get_members_filtered.TestFilterMembersByRegion" name="test_regio_all_users_get_all_members" time="0.001" /><testcase classname="tests.unit.test_get_members_filtered.TestFilterMembersByRegion" name="test_regional_users_get_only_their_region" time="0.001" /><testcase classname="tests.unit.test_get_members_filtered.TestFilterMembersByRegion" name="test_all_statuses_included_for_regional_users" time="0.001" /><testcase classname="tests.unit.test_get_members_filtered.TestFilterMembersByRegion" name="test_multiple_regions_access" time="0.001" /><testcase classname="tests.unit.test_get_members_filtered.TestFilterMembersByRegion" name="test_empty_members_list" time="0.001" /><testcase classname="tests.unit.test_get_members_filtered.TestFilterMembersByRegion" name="test_no_allowed_regions" time="0.001" /><testcase classname="tests.unit.test_get_members_filtered.TestFilterMembersByRegion" name="test_case_sensitive_region_matching" time="0.001" /><testcase classname="tests.unit.test_get_members_filtered.TestConvertDynamoDBToPython" name="test_decimal_integer_converts_to_int" time="0.001" /><testcase classname="tests.unit.test_get_members_filtered.TestConvertDynamoDBToPython" name="test_decimal_float_converts_to_float" time="0.001" /><testcase classname="tests.unit.test_get_members_filtered.TestConvertDynamoDBToPython" name="test_nested_objects_handled_correctly" time="0.001" /><testcase classname="tests.unit.test_get_members_filtered.TestConvertDynamoDBToPython" name="test_list_with_nested_objects" time="0.001" /><testcase classname="tests.unit.test_get_members_filtered.TestConvertDynamoDBToPython" name="test_empty_nested_objects" time="0.000" /><testcase classname="tests.unit.test_get_members_filtered.TestConvertDynamoDBToPython" name="test_mixed_types_in_single_object" time="0.001" /><testcase classname="tests.unit.test_get_members_filtered.TestAuthenticationAndAuthorization" name="test_missing_jwt_token_returns_401" time="0.001" /><testcase classname="tests.unit.test_get_members_filtered.TestAuthenticationAndAuthorization" name="test_invalid_permissions_return_403" time="0.001" /><testcase classname="tests.unit.test_get_members_filtered.TestAuthenticationAndAuthorization" name="test_valid_permissions_allow_access" time="0.001" /><testcase classname="tests.unit.test_get_members_filtered.TestAuthenticationAndAuthorization" name="test_members_read_permission_allows_access" time="0.001" /><testcase classname="tests.unit.test_get_members_filtered.TestAuthenticationAndAuthorization" name="test_members_export_permission_allows_access" time="0.001" /><testcase classname="tests.unit.test_get_members_filtered.TestAuthenticationAndAuthorization" name="test_members_crud_permissions_allow_access" time="0.001" /><testcase classname="tests.unit.test_get_order.TestMissingParameters" name="test_returns_400_when_source_id_is_missing" time="0.659" /><testcase classname="tests.unit.test_get_order.TestWebshopSource" name="test_returns_403_when_user_not_in_hdcnleden_group" time="0.079" /><testcase classname="tests.unit.test_get_order.TestWebshopSource" name="test_creates_draft_order_when_no_existing_order" time="0.080" /><testcase classname="tests.unit.test_get_order.TestWebshopSource" name="test_returns_existing_order_when_one_exists" time="0.080" /><testcase classname="tests.unit.test_get_order.TestEventSource" name="test_returns_404_when_event_does_not_exist" time="0.078" /
[...]
nit.test_update_event.TestUpdateConstraintValidation" name="test_constraint_max_zero_rejected" time="0.069" /><testcase classname="tests.unit.test_update_event.TestUpdateConstraintValidation" name="test_constraint_invalid_rule_rejected" time="0.071" /><testcase classname="tests.unit.test_update_event.TestStatusOverride" name="test_draft_to_open" time="0.077" /><testcase classname="tests.unit.test_update_event.TestStatusOverride" name="test_open_to_closed" time="0.076" /><testcase classname="tests.unit.test_update_event.TestStatusOverride" name="test_closed_to_open_reopen" time="0.075" /><testcase classname="tests.unit.test_update_event.TestStatusOverride" name="test_invalid_transition_draft_to_closed_rejected" time="0.069" /><testcase classname="tests.unit.test_update_event.TestStatusOverride" name="test_invalid_transition_open_to_draft_rejected" time="0.722" /><testcase classname="tests.unit.test_update_event.TestStatusOverride" name="test_invalid_status_value_rejected" time="0.066" /><testcase classname="tests.unit.test_update_event.TestStatusOverride" name="test_status_override_records_metadata" time="0.077" /><testcase classname="tests.unit.test_update_event.TestStatusOverride" name="test_status_override_nonexistent_event_returns_404" time="0.067" /><testcase classname="tests.unit.test_update_event.TestAuthAndEdgeCases" name="test_unauthenticated_request_rejected" time="0.066" /><testcase classname="tests.unit.test_update_event.TestAuthAndEdgeCases" name="test_invalid_json_body_rejected" time="0.067" /><testcase classname="tests.unit.test_update_event.TestAuthAndEdgeCases" name="test_name_too_long_rejected" time="0.069" /><testcase classname="tests.unit.test_update_event.TestAuthAndEdgeCases" name="test_location_too_long_rejected" time="0.069" /><testcase classname="tests.unit.test_update_event.TestAuthAndEdgeCases" name="test_options_request_handled" time="0.066" /><testcase classname="tests.unit.test_update_member" name="test_handler_exists" time="0.001" /><testcase classname="tests.unit.test_update_member" name="test_returns_401_without_auth" time="0.001" /><testcase classname="tests.unit.test_update_order_items.TestHandlerBasics" name="test_handler_exists" time="0.005" /><testcase classname="tests.unit.test_update_order_items.TestHandlerBasics" name="test_handles_options_request" time="0.005" /><testcase classname="tests.unit.test_update_order_items.TestHandlerBasics" name="test_rejects_missing_version" time="0.007" /><testcase classname="tests.unit.test_update_order_items.TestHandlerBasics" name="test_rejects_missing_items" time="0.006" /><testcase classname="tests.unit.test_update_order_items.TestHandlerBasics" name="test_rejects_invalid_json" time="0.006" /><testcase classname="tests.unit.test_update_order_items.TestOptimisticLocking" name="test_rejects_stale_version" time="0.007" /><testcase classname="tests.unit.test_update_order_items.TestOptimisticLocking" name="test_accepts_correct_version" time="0.006" /><testcase classname="tests.unit.test_update_order_items.TestOptimisticLocking" name="test_handles_conditional_check_failure" time="0.006" /><testcase classname="tests.unit.test_update_order_items.TestPriceFetching" name="test_fetches_price_from_product" time="0.008" /><testcase classname="tests.unit.test_update_order_items.TestPriceFetching" name="test_rejects_null_price" time="0.006" /><testcase classname="tests.unit.test_update_order_items.TestPriceFetching" name="test_rejects_zero_price" time="0.006" /><testcase classname="tests.unit.test_update_order_items.TestPriceFetching" name="test_rejects_empty_price" time="0.007" /><testcase classname="tests.unit.test_update_order_items.TestPriceFetching" name="test_product_not_found" time="0.006" /><testcase classname="tests.unit.test_update_order_items.TestVariantValidation" name="test_validates_variant_parent_match" time="0.006" /><testcase classname="tests.unit.test_update_order_items.TestVariantValidation" name="test_rejects_variant_parent_mismatch" time="0.008" /><testcase classname="tests.unit.test_update_order_items.TestVariantValidation" name="test_rejects_nonexistent_variant" time="0.006" /><testcase classname="tests.unit.test_update_order_items.TestDraftAcceptsIncomplete" name="test_accepts_items_without_product_id" time="0.006" /><testcase classname="tests.unit.test_update_order_items.TestDraftAcceptsIncomplete" name="test_accepts_empty_items_list" time="0.008" /><testcase classname="tests.unit.test_update_order_items.TestDraftAcceptsIncomplete" name="test_accepts_partial_item_fields_data" time="0.006" /><testcase classname="tests.unit.test_update_order_items.TestOrderAccess" name="test_rejects_non_draft_order" time="0.007" /><testcase classname="tests.unit.test_update_order_items.TestOrderAccess" name="test_rejects_other_users_order" time="0.006" /><testcase classname="tests.unit.test_update_order_items.TestOrderAccess" name="test_order_not_found" time="0.006" /><testcase classname="tests.unit.test_upload_club_logo.TestUploadClubLogoHappyPath" name="test_valid_jpeg_upload_returns_200_with_logo_url" time="0.013" /><testcase classname="tests.unit.test_upload_club_logo.TestUploadClubLogoHappyPath" name="test_valid_png_upload_returns_200" time="0.003" /><testcase classname="tests.unit.test_upload_club_logo.TestUploadClubLogoHappyPath" name="test_resized_image_fits_within_200x200" time="0.005" /><testcase classname="tests.unit.test_upload_club_logo.TestUploadClubLogoSizeEdgeCases" name="test_exactly_5mb_file_is_accepted" time="0.038" /><testcase classname="tests.unit.test_upload_club_logo.TestUploadClubLogoSizeEdgeCases" name="test_5mb_plus_one_byte_is_rejected_with_413" time="0.038" /><testcase classname="tests.unit.test_upload_club_logo.TestUploadClubLogoSpecialCharacters" name="test_club_id_with_special_characters_in_s3_key" time="0.003" /><testcase classname="tests.unit.test_upload_club_logo.TestUploadClubLogoAuth" name="test_missing_auth_token_returns_401" time="0.001" /><testcase classname="tests.unit.test_upload_club_logo.TestUploadClubLogoAuth" name="test_user_with_no_club_id_returns_403" time="0.002" /><testcase classname="tests.unit.test_upload_club_logo.TestUploadClubLogoAuth" name="test_club_id_mismatch_non_admin_returns_403" time="0.001" /><testcase classname="tests.unit.test_upload_club_logo.TestUploadClubLogoAuth" name="test_admin_override_allows_any_club_id" time="0.002" /><testcase classname="tests.unit.test_upload_club_logo.TestUploadClubLogoAuth" name="test_webshop_management_admin_override" time="0.002" /><testcase classname="tests.unit.test_upload_club_logo.TestUploadClubLogoValidation" name="test_missing_image_data_returns_400" time="0.001" /><testcase classname="tests.unit.test_upload_club_logo.TestUploadClubLogoValidation" name="test_missing_club_id_returns_400" time="0.001" /><testcase classname="tests.unit.test_upload_club_logo.TestUploadClubLogoValidation" name="test_missing_content_type_returns_400" time="0.002" /><testcase classname="tests.unit.test_upload_club_logo.TestUploadClubLogoValidation" name="test_invalid_content_type_returns_400" time="0.001" /><testcase classname="tests.unit.test_upload_club_logo.TestUploadClubLogoValidation" name="test_invalid_base64_returns_400" time="0.001" /><testcase classname="tests.unit.test_upload_club_logo.TestUploadClubLogoValidation" name="test_non_image_data_returns_400" time="0.025" /><testcase classname="tests.unit.test_upload_club_logo.TestUploadClubLogoValidation" name="test_empty_body_returns_400" time="0.001" /><testcase classname="tests.unit.test_upload_club_logo_properties.TestProperty1FileSizeValidationBoundary" name="test_files_at_or_below_5mb_are_accepted" time="0.049" /><testcase classname="tests.unit.test_upload_club_logo_properties.TestProperty1FileSizeValidationBoundary" name="test_files_above_5mb_are_rejected" time="0.048" /><testcase classname="tests.unit.test_upload_club_logo_properties.TestProperty1FileSizeValidationBoundary" name="test_exact_boundary_5mb_accepted" time="0.001" /><testcase classname="tests.unit.test_upload_club_logo_properties.TestProperty1FileSizeValidationBoundary" name="test_one_byte_over_boundary_rejected" time="0.001" /><testcase classname="tests.unit.test_upload_club_logo_properties.TestProperty1FileSizeValidationBoundary" name="test_max_image_size_constant_is_5mb" time="0.001" /><testcase classname="tests.unit.test_upload_club_logo_properties.TestProperty2Base64EncodingRoundTrip" name="test_base64_encode_decode_roundtrip" time="0.050" /><testcase classname="tests.unit.test_upload_club_logo_properties.TestProperty7ServerSidePayloadSizeLimit" name="test_oversized_payload_returns_413" time="3.721" /><testcase classname="tests.unit.test_upload_club_logo_properties.TestProperty5OutputAlwaysValidPNG" name="test_output_starts_with_png_magic_bytes" time="1.640" /><testcase classname="tests.unit.test_upload_club_logo_properties.TestProperty5OutputAlwaysValidPNG" name="test_output_is_parseable_png" time="2.004" /><testcase classname="tests.unit.test_upload_club_logo_properties.TestProperty3ImageResizeFitsWithin200x200" name="test_resize_fits_within_200x200_preserving_aspect_ratio" time="0.440" /><testcase classname="tests.unit.test_upload_club_logo_properties.TestProperty8AuthorizationClubOwnershipOrAdminOverride" name="test_authorization_decision_matches_expected_logic" time="0.156" /><testcase classname="tests.unit.test_upload_club_logo_properties.TestProperty8AuthorizationClubOwnershipOrAdminOverride" name="test_own_club_always_authorized" time="0.102" /><testcase classname="tests.unit.test_upload_club_logo_properties.TestProperty8AuthorizationClubOwnershipOrAdminOverride" name="test_admin_role_always_authorized" time="0.737" /><testcase classname="tests.unit.test_upload_club_logo_properties.TestProperty8AuthorizationClubOwnershipOrAdminOverride" name="test_non_admin_different_club_denied" time="0.277" /><testcase classname="tests.unit.test_upload_club_logo_properties.TestProperty9ResponseUrlCacheBusting" name="test_successful_upload_url_contains_cache_bust_timestamp" time="0.333" /><testcase classname="tests.unit.test_upload_club_logo_properties.TestProperty4InvalidImageDataProduces400" name="test_invalid_image_returns_400_no_s3_call" time="0.159" /><testcase classname="tests.unit.test_upload_club_logo_properties.TestProperty6S3KeyConstructionMatchesPattern" name="test_s3_key_equals_expected_pattern" time="0.090" /><testcase classname="tests.unit.test_user_group_config_property.TestProperty5TestUserGroupConfigurationCorrectness" name="test_user_groups_match_requirements_exactly" time="0.026"><failure message="ExceptionGroup: Hypothesis found 2 distinct failures. (2 sub-exceptions)">+ Exception Group Traceback (most recent call last):
  |   File "/home/runner/work/h-dcn/h-dcn/backend/tests/unit/test_user_group_config_property.py", line 90, in test_user_groups_match_requirements_exactly
  |     @settings(max_examples=100)
  |                ^^^^^^^
  |   File "/opt/hostedtoolcache/Python/3.11.15/x64/lib/python3.11/site-packages/hypothesis/core.py", line 2264, in wrapped_test
  |     raise the_error_hypothesis_found
  | ExceptionGroup: Hypothesis found 2 distinct failures. (2 sub-exceptions)
  +-+---------------- 1 ----------------
    | Traceback (most recent call last):
    |   File "/home/runner/work/h-dcn/h-dcn/backend/tests/unit/test_user_group_config_property.py", line 100, in test_user_groups_match_requirements_exactly
    |     expected_groups = EXPECTED_GROUPS[username]
    |                       ~~~~~~~~~~~~~~~^^^^^^^^^^
    | KeyError: 'test-event-participant'
    | Falsifying example: test_user_groups_match_requirements_exactly(
    |     self=&lt;tests.unit.test_user_group_config_property.TestProperty5TestUserGroupConfigurationCorrectness object at 0x7f1670271990&gt;,
    |     user={'username': 'test-event-participant',
    |      'email': 'pjageers+testpresmeet@gmail.com',
    |      'groups': ['event_participant', 'hdcnLeden']},
    | )
    | 
    | You can reproduce this example by temporarily adding @reproduce_failure('6.155.2', b'AEED') as a decorator on your test case
    +---------------- 2 ----------------
    | Traceback (most recent call last):
    |   File "/home/runner/work/h-dcn/h-dcn/backend/tests/unit/test_user_group_config_property.py", line 109, in test_user_groups_match_requirements_exactly
    |     assert actual_groups == expected_groups, (
    | AssertionError: Group mismatch for user 'test-admin':
    |     Missing groups: ['Regio_Pressmeet']
    |     Extra groups: []
    | assert {'Communicati...ts_Read', ...} == {'Communicati...ts_Read', ...}
    |   
    |   Extra items in the right set:
    |   'Regio_Pressmeet'
    |   
    |   Full diff:
    |     {
    |         'Communication_CRUD',
    |         'Communication_Export',
    |         'Communication_Read',
    |         'Events_CRUD',
    |         'Events_Export',
    |         'Events_Read',
    |         'Members_CRUD',
    |         'Members_Export',
    |         'Members_Read',
    |         'Members_Status_Approve',
    |         'Products_CRUD',
    |         'Products_Export',
    |         'Products_Read',
    |         'Regio_All',
    |   -     'Regio_Pressmeet',
    |         'System_CRUD',
    |         'System_Logs_Read',
    |         'System_User_Management',
    |         'Webshop_Management',
    |         'hdcnLeden',
    |     }
    | Falsifying example: test_user_groups_match_requirements_exactly(
    |     self=&lt;tests.unit.test_user_group_config_property.TestProperty5TestUserGroupConfigurationCorrectness object at 0x7f1670271990&gt;,
    |     user={'username': 'test-admin',
    |      'email': 'webmaster+testadmin@h-dcn.nl',
    |      'groups': ['Products_CRUD',
    |       'Products_Export',
    |       'Products_Read',
    |       'Webshop_Management',
    |       'Members_Read',
    |       'Members_CRUD',
    |       'Members_Export',
    |       'Members_Status_Approve',
    |       'System_CRUD',
    |       'System_Logs_Read',
    |       'System_User_Management',
    |       'Communication_CRUD',
    |       'Communication_Read',
    |       'Communication_Export',
    |       'Events_CRUD',
    |       'Events_Read',
    |       'Events_Export',
    |       'Regio_All',
    |       'hdcnLeden']},
    | )
    | username=test-admin
    | actual_groups=['Communication_CRUD', 'Communication_Export', 'Communication_Read', 'Events_CRUD', 'Events_Export', 'Events_Read', 'Members_CRUD', 'Members_Export', 'Members_Read', 'Members_Status_Approve', 'Products_CRUD', 'Products_Export', 'Products_Read', 'Regio_All', 'System_CRUD', 'System_Logs_Read', 'System_User_Management', 'Webshop_Management', 'hdcnLeden']
    | expected_groups=['Communication_CRUD', 'Communication_Export', 'Communication_Read', 'Events_CRUD', 'Events_Export', 'Events_Read', 'Members_CRUD', 'Members_Export', 'Members_Read', 'Members_Status_Approve', 'Products_CRUD', 'Products_Export', 'Products_Read', 'Regio_All', 'Regio_Pressmeet', 'System_CRUD', 'System_Logs_Read', 'System_User_Management', 'Webshop_Management', 'hdcnLeden']
    | Explanation:
    |     These lines were always and only run by failing examples:
    |         /home/runner/work/h-dcn/h-dcn/backend/tests/unit/test_user_group_config_property.py:113
    | 
    | You can reproduce this example by temporarily adding @reproduce_failure('6.155.2', b'AEEA') as a decorator on your test case
    +------------------------------------</failure></testcase><testcase classname="tests.unit.test_user_group_config_property.TestProperty5TestUserGroupConfigurationCorrectness" name="test_all_configured_users_are_in_requirements" time="0.011"><failure message="AssertionError: User 'test-event-participant' exists in seed config but is not defined in requirements&#10;assert 'test-event-participant' in {'test-admin': {'Communication_CRUD', 'Communication_Export', 'Communication_Read', 'Events_CRUD', 'Events_Export', 'Events_Read', ...}, 'test-lid': {'Regio_Pressmeet', 'club_test_presmeet', 'hdcnLeden'}, 'test-treasurer': {'Finance_CRUD', 'Finance_Read', 'hdcnLeden'}, 'test-presmeet': {'Regio_Pressmeet', 'hdcnLeden'}, ...}&#10;Falsifying example: test_all_configured_users_are_in_requirements(&#10;    self=&lt;tests.unit.test_user_group_config_property.TestProperty5TestUserGroupConfigurationCorrectness object at 0x7f1670270690&gt;,&#10;    user={'username': 'test-event-participant',&#10;     'email': 'pjageers+testpresmeet@gmail.com',&#10;     'groups': ['event_participant', 'hdcnLeden']},&#10;)&#10;username=test-event-participant&#10;&#10;You can reproduce this example by temporarily adding @reproduce_failure('6.155.2', b'AEED') as a decorator on your test case">tests/unit/test_user_group_config_property.py:116: in test_all_configured_users_are_in_requirements
    @settings(max_examples=100)
               ^^^^^^^
tests/unit/test_user_group_config_property.py:128: in test_all_configured_users_are_in_requirements
    assert username in EXPECTED_GROUPS, (
E   AssertionError: User 'test-event-participant' exists in seed config but is not defined in requirements
E   assert 'test-event-participant' in {'test-admin': {'Communication_CRUD', 'Communication_Export', 'Communication_Read', 'Events_CRUD', 'Events_Export', 'Events_Read', ...}, 'test-lid': {'Regio_Pressmeet', 'club_test_presmeet', 'hdcnLeden'}, 'test-treasurer': {'Finance_CRUD', 'Finance_Read', 'hdcnLeden'}, 'test-presmeet': {'Regio_Pressmeet', 'hdcnLeden'}, ...}
E   Falsifying example: test_all_configured_users_are_in_requirements(
E       self=&lt;tests.unit.test_user_group_config_property.TestProperty5TestUserGroupConfigurationCorrectness object at 0x7f1670270690&gt;,
E       user={'username': 'test-event-participant',
E        'email': 'pjageers+testpresmeet@gmail.com',
E        'groups': ['event_participant', 'hdcnLeden']},
E   )
E   username=test-event-participant
E   
E   You can reproduce this example by temporarily adding @reproduce_failure('6.155.2', b'AEED') as a decorator on your test case</failure></testcase><testcase classname="tests.unit.test_user_group_config_property.TestProperty5TestUserGroupConfigurationCorrectness" name="test_requirements_cover_all_seed_users" time="0.001"><failure message="AssertionError: User set mismatch:&#10;    In requirements but not in seed: ['test-presmeet']&#10;    In seed but not in requirements: ['test-event-participant']&#10;assert {'test-admin'...st-treasurer'} == {'test-admin'...st-treasurer'}&#10;  &#10;  Extra items in the left set:&#10;  'test-event-participant'&#10;  Extra items in the right set:&#10;  'test-presmeet'&#10;  &#10;  Full diff:&#10;    {&#10;        'test-admin',&#10;  +     'test-event-participant',&#10;        'test-lid',&#10;  -     'test-presmeet',&#10;        'test-readonly',&#10;        'test-treasurer',&#10;    }">tests/unit/test_user_group_config_property.py:146: in test_requirements_cover_all_seed_users
    assert seed_usernames == requirements_usernames, (
E   AssertionError: User set mismatch:
E       In requirements but not in seed: ['test-presmeet']
E       In seed but not in requirements: ['test-event-participant']
E   assert {'test-admin'...st-treasurer'} == {'test-admin'...st-treasurer'}
E     
E     Extra items in the left set:
E     'test-event-participant'
E     Extra items in the right set:
E     'test-presmeet'
E     
E     Full diff:
E       {
E           'test-admin',
E     +     'test-event-participant',
E           'test-lid',
E     -     'test-presmeet',
E           'test-readonly',
E           'test-treasurer',
E       }</failure></testcase><testcase classname="tests.unit.test_variant_sync" name="test_property_9_variant_generation_correct_count_and_structure" time="0.385" /><testcase classname="tests.unit.test_variant_sync" name="test_property_10_topdown_sync_preserves_unchanged_variants" time="43.923" /><testcase classname="tests.unit.test_variant_sync" name="test_property_11_bottomup_schema_derivation_reflects_active_variants" time="32.097" /></testsuite></testsuites>