<?xml version="1.0" encoding="utf-8"?><testsuites name="pytest tests"><testsuite name="pytest" errors="20" failures="92" skipped="28" tests="1424" time="3216.103" timestamp="2026-06-11T10:11:58.360874+00:00" hostname="runnervm1li68"><properties>
[...]
</properties><testcase classname="tests.integration.test_admin_endpoints.TestOrderLifecycle" name="test_full_order_lifecycle_with_stock_reservation" time="0.456" /><testcase classname="tests.integration.test_admin_endpoints.TestOrderLifecycle" name="test_unlock_transition" time="0.222" /><testcase classname="tests.integration.test_admin_endpoints.TestOrderLifecycle" name="test_invalid_backward_transition" time="0.089" /><testcase classname="tests.integration.test_admin_endpoints.TestOrderLifecycle" name="test_payment_failed_is_terminal" time="0.089" /><testcase classname="tests.integration.test_admin_endpoints.TestProductCRUD" name="test_create_default_variant_creates_correct_record" time="0.263" /><testcase classname="tests.integration.test_admin_endpoints.TestProductCRUD" name="test_generate_variant_combinations_correct_count" time="0.089" /><testcase classname="tests.integration.test_admin_endpoints.TestProductCRUD" name="test_generate_variant_combinations_empty_schema" time="0.265" /><testcase classname="tests.integration.test_admin_endpoints.TestProductCRUD" name="test_should_remove_default_variant_logic" time="0.089" /><testcase classname="tests.integration.test_admin_endpoints.TestProductCRUD" name="test_validate_product_accepts_valid_payloads" time="0.087" /><testcase classname="tests.integration.test_admin_endpoints.TestProductCRUD" name="test_validate_product_rejects_invalid_min_max" time="0.264" /><testcase classname="tests.integration.test_admin_endpoints.TestProductCRUD" name="test_validate_product_rejects_invalid_schema" time="0.086" /><testcase classname="tests.integration.test_admin_endpoints.TestProductCRUD" name="test_validate_variant_attributes_valid" time="0.266" /><testcase classname="tests.integration.test_admin_endpoints.TestProductCRUD" name="test_validate_variant_attributes_invalid_value" time="0.088" /><testcase classname="tests.integration.test_admin_endpoints.TestProductCRUD" name="test_validate_variant_attributes_missing_required" time="0.087" /><testcase classname="tests.integration.test_admin_endpoints.TestPaymentRecording" name="test_compute_payment_aggregates_multiple_orders" time="0.261" /><testcase classname="tests.integration.test_admin_endpoints.TestPaymentRecording" name="test_compute_payment_aggregates_empty_list" time="0.086" /><testcase classname="tests.integration.test_admin_endpoints.TestPaymentRecording" name="test_partial_payment_updates_order_correctly" time="0.098" /><testcase classname="tests.integration.test_admin_endpoints.TestPaymentRecording" name="test_aggregate_with_real_dynamo_orders" time="0.274" /><testcase classname="tests.integration.test_admin_endpoints.TestReportGeneration" name="test_reserve_stock_creates_sale_movements" time="0.099" /><testcase classname="tests.integration.test_admin_endpoints.TestReportGeneration" name="test_create_inbound_movement_writes_to_table" time="0.251" /><testcase classname="tests.integration.test_admin_endpoints.TestReportGeneration" name="test_report_snapshot_to_s3" time="0.103" /><testcase classname="tests.integration.test_admin_endpoints.TestReportGeneration" name="test_report_export_csv_format" time="0.091" /><testcase classname="tests.integration.test_admin_endpoints.TestReportGeneration" name="test_multiple_sale_movements_from_multi_item_order" time="0.274" /><testcase classname="tests.integration.test_api_gateway.TestApiGateway" name="test_all_apis" time="0.000"><skipped type="pytest.skip" message="AWS_SAM_STACK_NAME environment variable not set. These tests require a deployed stack.">/home/runner/work/h-dcn/h-dcn/backend/tests/integration/test_api_gateway.py:701: AWS_SAM_STACK_NAME environment variable not set. These tests require a deployed stack.</skipped></testcase><testcase classname="tests.integration.test_api_gateway.TestApiGateway" name="test_carts_api" time="0.000"><skipped type="pytest.skip" message="AWS_SAM_STACK_NAME environment variable not set. These tests require a deployed stack.">/home/runner/work/h-dcn/h-dcn/backend/tests/integration/test_api_gateway.py:316: AWS_SAM_STACK_NAME environment variable not set. These tests require a deployed stack.</skipped></testcase><testcase classname="tests.integration.test_api_gateway.TestApiGateway" name="test_cognito_admin_api" time="0.000"><skipped type="pytest.skip" message="AWS_SAM_STACK_NAME environment variable not set. These tests require a deployed stack.">/home/runner/work/h-dcn/h-dcn/backend/tests/integration/test_api_gateway.py:453: AWS_SAM_STACK_NAME environment variable not set. These tests require a deployed stack.</skipped></testcase><testcase classname="tests.integration.test_api_gateway.TestApiGateway" name="test_events_api" time="0.000"><skipped type="pytest.skip" message="AWS_SAM_STACK_NAME environment variable not set. These tests require a deployed stack.">/home/runner/work/h-dcn/h-dcn/backend/tests/integration/test_api_gateway.py:229: AWS_SAM_STACK_NAME environment variable not set. These tests require a deployed stack.</skipped></testcase><testcase classname="tests.integration.test_api_gateway.TestApiGateway" name="test_members_api" time="0.000"><skipped type="pytest.skip" message="AWS_SAM_STACK_NAME environment variable not set. These tests require a deployed stack.">/home/runner/work/h-dcn/h-dcn/backend/tests/integration/test_api_gateway.py:128: AWS_SAM_STACK_NAME environment variable not set. These tests require a deployed stack.</skipped></testcase><testcase classname="tests.integration.test_api_gateway.TestApiGateway" name="test_memberships_api" time="0.000"><skipped type="pytest.skip" message="AWS_SAM_STACK_NAME environment variable not set. These tests require a deployed stack.">/home/runner/work/h-dcn/h-dcn/backend/tests/integration/test_api_gateway.py:273: AWS_SAM_STACK_NAME environment variable not set. These tests require a deployed stack.</skipped></testcase><testcase classname="tests.integration.test_api_gateway.TestApiGateway" name="test_orders_api" time="0.000"><skipped type="pytest.skip" message="AWS_SAM_STACK_NAME environment variable not set. These tests require a deployed stack.">/home/runner/work/h-dcn/h-dcn/backend/tests/integration/test_api_gateway.py:355: AWS_SAM_STACK_NAME environment variable not set. These tests require a deployed stack.</skipped></testcase><testcase classname="tests.integration.test_api_gateway.TestApiGateway" name="test_parameters_api" time="0.000"><skipped type="pytest.skip" message="AWS_SAM_STACK_NAME environment variable not set. These tests require a deployed stack.">/home/runner/work/h-dcn/h-dcn/backend/tests/integration/test_api_gateway.py:398: AWS_SAM_STACK_NAME environment variable not set. These tests require a deployed stack.</skipped></testcase><testcase classname="tests.integration.test_api_gateway.TestApiGateway" name="test_payments_api" time="0.000"><skipped type="pytest.skip" message="AWS_SAM_STACK_NAME environment variable not set. These tests require a deployed stack.">/home/runner/work/h-dcn/h-dcn/backend/tests/integration/test_api_gateway.py:178: AWS_SAM_STACK_NAME environment variable not set. These tests require a deployed stack.</skipped></testcase><testcase classname="tests.integration.test_api_gateway.TestApiGateway" name="test_products_api" time="0.000"><skipped type="pytest.skip" message="AWS_SAM_STACK_NAME environment variable not set. These tests require a deployed stack.">/home/runner/work/h-dcn/h-dcn/backend/tests/integration/test_api_gateway.py:77: AWS_SAM_STACK_NAME environment variable not set. These tests require a deployed stack.</skipped></testcase><testcase classname="tests.integration.test_auth_performance.TestAuthenticationPerformance" name="test_credential_extraction_performance" time="0.054" /><testcase classname="tests.integration.test_auth_performance.TestAuthenticationPerformance" name="test_permission_validation_performance" time="0.003" /><testcase classname="tests.integration.test_auth_performance.TestAuthenticationPerformance" name="test_regional_access_performance" time="0.002" /><testcase classname="tests.integration.test_auth_performance.TestAuthenticationPerformance" name="test_complete_auth_flow_performance" time="0.009" /><testcase classname="tests.integration.test_auth_performance.TestAuthenticationConcurrency" name="test_concurrent_credential_extraction" time="0.267" /><testcase classname="tests.integration.test_auth_performance.TestAuthenticationConcurrency" name="test_concurrent_permission_validation" time="0.004" /><testcase classname="tests.integration.test_auth_performance.TestAuthenticationConcurrency" name="test_concurrent_complete_auth_flows" time="0.043" /><testcase classname="tests.integration.test_auth_performance.TestAuthenticationMemoryUsage" name="test_memory_usage_with_large_role_sets" time="0.009" /><testcase classname="tests.integration.test_auth_performance.TestAuthenticationMemoryUsage" name="test_memory_usage_with_many_users" time="0.067" /><testcase classname="tests.integration.test_auth_performance.TestAuthenticationStressTest" name="test_high_frequency_auth_requests" time="0.272" /><testcase classname="tests.integration.test_auth_performance.TestAuthenticationStressTest" name="test_burst_load_handling" time="1.221" /><testcase classname="tests.integration.test_auth_system_failures.TestAuthSystemFailureIntegration" name="test_handler_with_auth_import_failure" time="0.002" /><testcase classname="tests.integration.test_auth_system_failures.TestAuthSystemFailureIntegration" name="test_handler_options_request_during_failure" time="0.001" /><testcase classname="tests.integration.test_auth_system_failures.TestAuthSystemFailureIntegration" name="test_multiple_handler_failure_scenarios" time="0.002" /><testcase classname="tests.integration.test_auth_system_failures.TestAuthSystemFailureIntegration" name="test_auth_function_internal_failure" time="0.006" /><testcase classname="tests.integration.test_auth_system_failures.TestAuthSystemFailureIntegration" name="test_permission_validation_internal_failure" time="0.001" /><testcase classname="tests.integration.test_auth_system_failures.TestAuthSystemRecovery" name="test_auth_system_recovery_after_failure" time="0.002" /><testcase classname="tests.integration.test_auth_system_failures.TestAuthSystemRecovery" name="test_partial_auth_system_failure" time="0.001" /><testcase classname="tests.integration.test_auth_system_failures.TestLoggingDuringFailures" name="test_structured_logging_during_auth_failure" time="0.001" /><testcase classname="tests.integration.test_auth_system_failures.TestLoggingDuringFailures" name="test_cloudwatch_log_group_identification" time="0.001" /><testcase classname="tests.integration.test_auth_system_failures.TestLoggingDuringFailures" name="test_contact_information_in_logs" time="0.001" /><testcase classname="tests.integration.test_auth_system_failures.TestCORSHandlingDuringFailures" name="test_cors_headers_in_maintenance_response" time="0.000" /><testcase classname="tests.integration.test_auth_system_failures.TestCORSHandlingDuringFailures" name="test_cors_headers_in_auth_error_responses" time="0.000" /><testcase classname="tests.integration.test_auth_system_failures.TestCORSHandlingDuringFailures" name="test_options_request_during_auth_failure" time="0.001" /><testcase classname="tests.integration.test_auth_system_failures.TestErrorResponseConsistency" name="test_maintenance_response_format_consistency" time="0.000" /><testcase classname="tests.integration.test_auth_system_failures.TestErrorResponseConsistency" name="test_auth_error_response_format_consistency" time="0.001" /><testcase classname="tests.integration.test_member_reporting_e2e.TestCompleteUserFlowE2E" name="test_regional_user_complete_flow_utrecht" time="0.000"><skipped type="pytest.skip" message="Regional user JWT not configured">/home/runner/work/h-dcn/h-dcn/backend/tests/integration/test_member_reporting_e2e.py:58: Regional user JWT not configured</skipped></testcase><testcase classname="tests.integration.test_member_reporting_e2e.TestCompleteUserFlowE2E" name="test_regional_user_complete_flow_zuid_holland" time="0.000"><skipped type="pytest.skip" message="Regional user JWT not configured">/home/runner/work/h-dcn/h-dcn/backend/tests/integration/test_member_reporting_e2e.py:136: Regional user JWT not configured</skipped></testcase><testcase classname="tests.integration.test_member_reporting_e2e.TestCompleteUserFlowE2E" name="test_regio_all_user_complete_flow" time="0.000"><skipped type="pytest.skip" message="Regio_All user JWT not configured">/home/runner/work/h-dcn/h-dcn/backend/tests/integration/test_member_reporting_e2e.py:165: Regio_All user JWT not configured</skipped></testcase><testcase classname="tests.integration.test_member_reporting_e2e.TestCompleteUserFlowE2E" name="test_crud_user_refresh_flow" time="0.000"><skipped type="pytest.skip" message="CRUD user JWT not configured">/home/runner/work/h-dcn/h-dcn/backend/tests/integration/test_member_reporting_e2e.py:210: CRUD user JWT not configured</skipped></testcase><testcase classname="tests.integration.test_member_reporting_e2e.TestSessionStorageCaching" name="test_cache_performance_benefit" time="0.000"><skipped type="pytest.skip" message="Regional user JWT not configured">/home/runner/work/h-dcn/h-dcn/backend/tests/integration/test_member_reporting_e2e.py:269: Regional user JWT not configured</skipped></testcase><testcase classname="tests.integration.test_member_reporting_e2e.TestPerformanceRequirements" name="test_regional_user_load_time_requirement" time="0.000"><skipped type="pytest.skip" message="Regional user JWT not configured">/home/runner/work/h-dcn/h-dcn/backend/tests/integration/test_member_reporting_e2e.py:325: Regional user JWT not configured</skipped></testcase><testcase classname="tests.integration.test_member_reporting_e2e.TestPerformanceRequirements" name="test_regio_all_user_load_time_requirement" time="0.000"><skipped type="pytest.skip" message="Regio_All user JWT not configured">/home/runner/work/h-dcn/h-dcn/backend/tests/integration/test_member_reporting_e2e.py:368: Regio_All user JWT not configured</skipped></testcase><testcase classname="tests.integration.test_member_reporting_e2e.TestPerformanceRequirements" name="test_filter_response_time_requirement" time="0.000"><skipped type="pytest.skip" message="Regional user JWT not configured">/home/runner/work/h-dcn/h-dcn/backend/tests/integration/test_member_reporting_e2e.py:408: Regional user JWT not configured</skipped></testcase><testcase classname="tests.integration.test_member_reporting_e2e.TestErrorScenarios" name="test_missing_jwt_token" time="0.312" /><testcase classname="tests.integration.test_member_reporting_e2e.TestErrorScenarios" name="test_invalid_jwt_token" time="0.331" /><testcase classname="tests.integration.test_member_reporting_e2e.TestErrorScenarios" name="test_network_timeout_handling" time="0.037" /><testcase classname="tests.integration.test_member_reporting_e2e.TestDataIntegrity" name="test_decimal_conversion_in_response" time="0.000"><skipped type="pytest.skip" message="Regional user JWT not configured">/home/runner/work/h-dcn/h-dcn/backend/tests/integration/test_member_reporting_e2e.py:541: Regional user JWT not configured</skipped></testcase><testcase classname="tests.integration.test_member_reporting_e2e.TestDataIntegrity" name="test_response_structure" time="0.000"><skipped type="pytest.skip" message="Regional user JWT not configured">/home/runner/work/h-dcn/h-dcn/backend/tests/integration/test_member_reporting_e2e.py:584: Regional user JWT not configured</skipped></testcase><testcase classname="tests.integration.test_member_reporting_integration.TestCompleteUserFlow" name="test_regional_user_flow_utrecht" time="0.078" /><testcase classname="tests.integration.test_member_reporting_integration.TestCompleteUserFlow" name="test_regional_user_flow_zuid_holland" time="0.214" /><testcase classname="tests.integration.test_member_reporting_integration.TestCompleteUserFlow" name="test_regio_all_user_flow" time="0.078" /><testcase classname="tests.integration.test_member_reporting_integration.TestCompleteUserFlow" name="test_crud_user_permissions" time="0.079" /><testcase classname="tests.integration.test_member_reporting_integration.TestPerformance" name="test_regional_user_load_time" time="0.270" /><testcase classname="tests.integration.test_member_reporting_integration.TestPerformance" name="test_decimal_conversion_performance" time="0.004" /><testcase classname="tests.integration.test_member_reporting_integration.TestErrorScenarios" name="test_missing_jwt_token" time="0.073" /><testcase classname="tests.integration.test_member_reporting_integration.TestErrorScenarios" name="test_invalid_permissions" time="0.073" /><testcase classname="tests.integration.test_member_reporting_integration.TestErrorScenarios" name="test_empty_database" time="0.064" /><testcase classname="tests.integration.test_member_reporting_integration.TestErrorScenarios" name="test_malformed_member_data" time="0.258" /><testcase classname="tests.integration.test_member_reporting_integration.TestRegionalIsolation" name="test_regional_user_cannot_see_other_regions" time="0.079" /><testcase classname="tests.integration.test_member_reporting_integration.TestRegionalIsolation" name="test_all_statuses_included_for_regional_users" time="0.077" /><testcase classname="tests.integration.test_member_reporting_integration.TestDecimalConversion" name="test_decimal_to_int_conversion" time="0.000" /><testcase classname="tests.integration.test_member_reporting_integration.TestDecimalConversion" name="test_decimal_to_float_conversion" time="0.000" /><testcase classname="tests.integration.test_member_reporting_integration.TestDecimalConversion" name="test_nested_decimal_conversion" time="0.000" /><testcase classname="tests.integration.test_member_reporting_integration.TestDecimalConversion" name="test_list_decimal_conversion" time="0.000" /><testcase classname="tests.integration.test_member_reporting_integration.TestDecimalConversion" name="test_json_serialization_after_conversion" time="0.232" /><testcase classname="tests.integration.test_payment_confirmation_flow.TestMollieWebhookPaidConfirmation" name="test_webhook_paid_transitions_and_invoice" time="0.114" /><testcase classname="tests.integration.test_payment_confirmation_flow.TestAdminConfirmPayment" name="test_admin_confirm_transitions_and_invoice" time="0.105" /><testcase classname="tests.integration.test_payment_confirmation_flow.TestCoupledTransition" name="test_webhook_paid_couples_status_confirmed" time="0.263" /><testcase classname="tests.integration.test_payment_confirmation_flow.TestCoupledTransition" name="test_admin_confirm_couples_status_confirmed" time="0.097" /><testcase classname="tests.integration.test_payment_confirmation_flow.TestDuplicateWebhook" name="test_duplicate_webhook_no_change" time="0.112" /><testcase classname="tests.integration.test_payment_confirmation_flow.TestFailedWebhook" name="test_failed_webhook_no_invoice_status_unchanged" time="0.289" /><testcase classname="tests.integration.test_submit_order_flow.TestSubmitOrderHappyPath" name="test_submit_draft_order_success" time="0.119" /><testcase classname="tests.integration.test_submit_order_flow.TestSubmitOrderHappyPath" name="test_submit_order_without_item_fields_product" time="0.101" /><testcase classname="tests.integration.test_submit_order_flow.TestSubmitOrderHappyPath" name="test_sequential_order_numbers" time="0.298" /><testcase classname="tests.integration.test_submit_order_flow.TestSubmitOrderItemFieldsValidation" name="test_missing_item_fields_data_rejected" time="0.097" /><testcase classname="tests.integration.test_submit_order_flow.TestSubmitOrderItemFieldsValidation" name="test_empty_required_field_rejected" time="0.098" /><testcase classname="tests.integration.test_submit_order_flow.TestSubmitOrderItemFieldsValidation" name="test_wrong_count_item_fields_data_rejected" time="0.301" /><testcase classname="tests.integration.test_submit_order_flow.TestSubmitOrderItemFieldsValidation" name="test_invalid_email_format_rejected" time="0.099" /><testcase classname="tests.integration.test_submit_order_flow.TestSubmitOrderPurchaseRules" name="test_max_per_order_exceeded_rejected" time="0.293" /><testcase classname="tests.integration.test_submit_order_flow.TestSubmitOrderPurchaseRules" name="test_within_limits_accepted" time="0.118" /><testcase classname="tests.integration.test_submit_order_flow.TestSubmitOrderStateMachine" name="test_submit_already_submitted_rejected" time="0.090" /><testcase classname="tests.integration.test_submit_order_flow.TestSubmitOrderStateMachine" name="test_submit_confirmed_order_rejected" time="0.288" /><testcase classname="tests.integration.test_submit_order_flow.TestSubmitOrderStateMachine" name="test_submit_cancelled_order_rejected" time="0.091" /><testcase classname="tests.integration.test_unified_pipeline.TestFullOrderLifecycle" name="test_full_lifecycle_ideal_payment" time="0.120" /><testcase classname="tests.integration.test_unified_pipeline.TestFullOrderLifecycle" name="test_webhook_idempotent_no_double_reservation" time="0.331" /><testcase classname="tests.integration.test_unified_pipeline.TestFullOrderLifecycle" name="test_failed_payment_webhook_marks_order_failed" time="0.111" /><testcase classname="tests.integration.test_unified_pipeline.TestPurchaseRulesEndToEnd" name="test_max_per_member_exceeded_rejected" time="0.109"><skipped type="pytest.xfail" message="Purchase rules not enforced at create_order time in unified model" /></testcase><testcase classname="tests.integration.test_unified_pipeline.TestPurchaseRulesEndToEnd" name="test_max_per_club_exceeded_rejected" time="0.323"><skipped type="pytest.xfail" message="Purchase rules not enforced at create_order time in unified model" /></testcase><testcase classname="tests.integration.test_unified_pipeline.TestPurchaseRulesEndToEnd" name="test_max_per_order_exceeded_rejected" time="0.106"><skipped type="pytest.xfail" message="Purchase rules not enforced at create_order time in unified model" /></testcase><testcase classname="tests.integration.test_unified_pipeline.TestPurchaseRulesEndToEnd" name="test_within_limits_accepted" time="0.106" /><testcase classname="tests.integration.test_unified_pipeline.TestItemFieldsValidationEndToEnd" name="test_missing_required_fields_rejected" time="0.314"><skipped type="pytest.xfail" message="Item fields not validated at create_order time in unified model" /></testcase><testcase classname="tests.integration.test_unified_pipeline.TestItemFieldsValidationEndToEnd" name="test_wrong_item_fields_count_rejected" time="0.106"><skipped type="pytest.xfail" message="Item fields not validated at create_order time in unified model" /></testcase><testcase classname="tests.integration.test_unified_pipeline.TestItemFieldsValidationEndToEnd" name="test_constraint_violation_rejected" time="0.326"><skipped type="pytest.xfail" message="Item fields not validated at create_order time in unified model" /></testcase><testcase classname="tests.integration.test_unified_pipeline.TestItemFieldsValidationEndToEnd" name="test_valid_fields_accepted" time="0.113"><skipped type="pytest.xfail" message="Item fields flattening not implemented at create_order time in unified model" /></testcase><testcase classname="tests.integration.test_unified_pipeline.TestEventBasedProductFiltering" name="test_webshop_request_shows_generic_products_only" time="0.105" /><testcase classname="tests.integration.test_unified_pipeline.TestEventBasedProductFiltering" name="test_event_request_shows_event_products" time="0.308" /><testcase classname="tests.integration.test_unified_pipeline.TestEventBasedProductFiltering" name="test_no_roles_returns_403" time="0.093" /><testcase classname="tests.integration.test_unified_pipeline.TestMigrationScripts" name="test_migrate_opties_to_variants" time="0.137" /><testcase classname="tests.integration.test_unified_pipeline.TestMigrationScripts" name="test_migrate_presmeet_config" time="0.360" /><testcase classname="tests.integration.test_unified_pipeline.TestMigrationScripts" name="test_migrate_cart_selectedoption" time="0.110" /><testcase classname="tests.integration.test_unified_pipeline.TestMigrationScripts" name="test_migrate_cart_unmatched_logged" time="0.099" /><testcase classname="tests.unit.test_admin_create_product" name="test_create_simple_product_with_default_variant" time="0.072" /><testcase classname="tests.unit.test_admin_create_product" name="test_create_product_with_variant_schema" time="0.333" /><testcase classname="tests.unit.test_admin_create_product" name="test_create_product_with_order_item_fields" time="0.072" /><testcase classname="tests.unit.test_admin_create_product" name="test_create_product_with_purchase_rules" time="0.072" /><testcase classname="tests.unit.test_admin_create_product" name="test_create_product_with_catalog_fields" time="0.070" /><testcase classname="tests.unit.test_admin_create_product" name="test_invalid_variant_schema_rejected" time="0.314" /><testcase classname="tests.unit.test_admin_create_product" name="test_invalid_purchase_rules_rejected" time="0.068" /><testcase classname="tests.unit.test_admin_create_product" name="test_invalid_images_rejected" time="0.070" /><testcase classname="tests.unit.test_admin_create_product" name="test_all_three_fields_together" time="0.074" /><testcase classname="tests.unit.test_admin_create_product" name="test_invalid_json_body" time="0.311" /><testcase classname="tests.unit.test_admin_create_product" name="test_groep_too_long_rejected" time="0.069" /><testcase classname="tests.unit.test_admin_get_orders" name="test_handler_exists" time="0.000" /><testcase classname="tests.unit.test_admin_get_orders" name="test_returns_401_without_auth" time="0.000" /><testcase classname="tests.unit.test_admin_lock_unlock_orders.TestAdminLockOrders" name="test_lock_single_submitted_order" time="0.094" /><testcase classname="tests.unit.test_admin_lock_unlock_orders.TestAdminLockOrders" name="test_lock_single_order_records_status_history" time="0.313" /><testcase classname="tests.unit.test_admin_lock_unlock_orders.TestAdminLockOrders" name="test_lock_single_order_persisted_in_dynamodb" time="0.092" /><testcase classname="tests.unit.test_admin_lock_unlock_orders.TestAdminLockOrders" name="test_lock_non_submitted_order_returns_400" time="0.080" /><testcase classname="tests.unit.test_admin_lock_unlock_orders.TestAdminLockOrders" name="test_lock_already_locked_order_returns_400" time="0.083" /><testcase classname="tests.unit.test_admin_lock_unlock_orders.TestAdminLockOrders" name="test_lock_nonexistent_order_returns_404" time="0.333" /><testcase classname="tests.unit.test_admin_lock_unlock_orders.TestAdminLockOrders" name="test_lock_concurrency_conflict_returns_409" time="0.087" /><testcase classname="tests.unit.test_admin_lock_unlock_orders.TestAdminLockOrders" name="test_non_admin_returns_403" time="0.078" /><testcase classname="tests.unit.test_admin_lock_unlock_orders.TestAdminLockOrders" name="test_webshop_management_without_regio_returns_403" time="0.077" /><testcase classname="tests.unit.test_admin_lock_unlock_orders.TestAdminLockOrders" name="test_regio_all_grants_access" time="0.090" /><testcase classname="tests.unit.test_admin_lock_unlock_orders.TestAdminLockOrders" name="test_bulk_lock_all_submitted_orders" time="0.386" /><testcase classname="tests.unit.test_admin_lock_unlock_orders.TestAdminLockOrders" name="test_bulk_lock_filters_by_event_id" time="0.088" /><testcase classname="tests.unit.test_admin_lock_unlock_orders.TestAdminLockOrders" name="test_options_request_returns_200" time="0.075" /><testcase classname="tests.unit.test_admin_lock_unlock_orders.TestAdminLockOrders" name="test_invalid_json_body_returns_400" time="0.078" /><testcase classname="tests.unit.test_admin_lock_unlock_orders.TestAdminUnlockOrder" name="test_unlock_locked_order_with_open_event" time="0.101" /><testcase classname="tests.unit.test_admin_lock_unlock_orders.TestAdminUnlockOrder" name="test_unlock_records_status_history" time="0.437" /><testcase classname="tests.unit.test_admin_lock_unlock_orders.TestAdminUnlockOrder" name="test_unlock_persisted_in_dynamodb" time="0.098" /><testcase classname="tests.unit.test_admin_lock_unlock_orders.TestAdminUnlockOrder" name="test_unlock_rejected_when_event_closed" time="0.089" /><testcase classname="tests.unit.test_admin_lock_unlock_orders.TestAdminUnlockOrder" name="test_unlock_allowed_when_no_event_record" time="0.094" /><testcase classname="tests.unit.test_admin_lock_unlock_orders.TestAdminUnlockOrder" name="test_unlock_allowed_when_order_has_no_event_id" time="0.089" /><testcase classname="tests.unit.test_admin_lock_unlock_orders.TestAdminUnlockOrder" name="test_unlock_non_locked_order_returns_400" time="0.085" /><testcase classname="tests.unit.test_admin_lock_unlock_orders.TestAdminUnlockOrder" name="test_unlock_draft_order_returns_400" time="0.087" /><testcase classname="tests.unit.test_admin_lock_unlock_orders.TestAdminUnlockOrder" name="test_unlock_nonexistent_order_returns_404" time="0.491" /><testcase classname="tests.unit.test_admin_lock_unlock_orders.TestAdminUnlockOrder" name="test_unlock_concurrency_conflict_returns_409" time="0.094" /><testcase classname="tests.unit.test_admin_lock_unlock_orders.TestAdminUnlockOrder" name="test_non_admin_returns_403" time="0.082" /><testcase classname="tests.unit.test_admin_lock_unlock_orders.TestAdminUnlockOrder" name="test_webshop_management_without_regio_returns_403" time="0.085" /><testcase classname="tests.unit.test_admin_lock_unlock_orders.TestAdminUnlockOrder" name="test_regio_all_grants_access" time="0.095" /><testcase classname="tests.unit.test_admin_lock_unlock_orders.TestAdminUnlockOrder" name="test_missing_order_id_returns_400" time="0.080" /><testcase classname="tests.unit.test_admin_lock_unlock_orders.TestAdminUnlockOrder" name="test_options_request_returns_200" time="0.078" /><testcase classname="tests.unit.test_admin_properties.TestProperty8StateTransitionValidity" name="test_transition_validity_matches_rules" time="0.649" /><testcase classname="tests.unit.test_admin_properties.TestProperty8StateTransitionValidity" name="test_payment_failed_is_terminal" time="0.009" /><testcase classname="tests.unit.test_admin_properties.TestProperty8StateTransitionValidity" name="test_forward_transitions_are_valid" time="0.060" /><testcase classname="tests.unit.test_admin_properties.TestProperty4ProductValidationConstraints" name="test_min_exceeds_max_rejected" time="0.108" /><testcase classname="tests.unit.test_admin_properties.TestProperty4ProductValidationConstraints" name="test_min_leq_max_accepted" time="0.047" /><testcase classname="tests.unit.test_admin_properties.TestProperty4ProductValidationConstraints" name="test_malformed_required_attributes_rejected" time="1.192" /><testcase classname="tests.unit.test_admin_properties.TestProperty12PaymentAggregateCorrectness" name="test_aggregates_equal_sums" time="0.059" /><testcase classname="tests.unit.test_admin_properties.TestProperty12PaymentAggregateCorrectness" name="test_outstanding_is_charged_minus_paid" time="0.080" /><testcase classname="tests.unit.test_admin_properties.TestProperty10StockReservationTargetsVariants" name="test_reserve_stock_calls_update_on_variant_ids" time="0.497" /><testcase classname="tests.unit.test_admin_properties.TestProperty10StockReservationTargetsVariants" name="test_reserve_stock_never_targets_parent_product" time="0.458" /><testcase classname="tests.unit.test_admin_properties.TestProperty18InboundStockMovementConsistency" name="test_inbound_movement_fields_correct" time="21.974"><failure message="TypeError: create_inbound_movement() missing 1 required positional argument: 'channel'&#10;Falsifying example: test_inbound_movement_fields_correct(&#10;    # The test always failed when commented parts were varied together.&#10;    self=&lt;tests.unit.test_admin_properties.TestProperty18InboundStockMovementConsistency object at 0x7fa803b233d0&gt;,&#10;    variant_id='var_000000',  # or any other generated value&#10;    quantity=1,  # or any other generated value&#10;    price_per_unit=1.0,  # or any other generated value&#10;    supplier_name='0',  # or any other generated value&#10;    recorded_by='a@a.aa',  # or any other generated value&#10;    reference=None,  # or any other generated value&#10;)&#10;&#10;You can reproduce this example by temporarily adding @reproduce_failure('6.155.2', b'AXicY3RkaDRgxEUwODJq2H9gAAOIUCIDEglhOjIAALruDM4=') as a decorator on your test case">tests/unit/test_admin_properties.py:378: in test_inbound_movement_fields_correct
    variant_id=st.from_regex(r'var_[a-z0-9]{6,12}', fullmatch=True),
           ^^^^^^^
tests/unit/test_admin_properties.py:396: in test_inbound_movement_fields_correct
    movement = create_inbound_movement(
E   TypeError: create_inbound_movement() missing 1 required positional argument: 'channel'
E   Falsifying example: test_inbound_movement_fields_correct(
E       # The test always failed when commented parts were varied together.
E       self=&lt;tests.unit.test_admin_properties.TestProperty18InboundStockMovementConsistency object at 0x7fa803b233d0&gt;,
E       variant_id='var_000000',  # or any other generated value
E       quantity=1,  # or any other generated value
E       price_per_unit=1.0,  # or any other generated value
E       supplier_name='0',  # or any other generated value
E       recorded_by='a@a.aa',  # or any other generated value
E       reference=None,  # or any other generated value
E   )
E   
E   You can reproduce this example by temporarily adding @reproduce_failure('6.155.2', b'AXicY3RkaDRgxEUwODJq2H9gAAOIUCIDEglhOjIAALruDM4=') as a decorator on your test case</failure></testcase><testcase classname="tests.unit.test_admin_properties.TestProperty19SaleMovementAutoCreation" name="test_sale_movements_created_per_line_item" time="0.399" /><testcase classname="tests.unit.test_admin_properties.TestProperty7BulkVariantGeneration" name="test_generates_correct_cartesian_product_count" time="5.433"><failure message="TypeError: generate_variant_combinations() missing 1 required positional argument: 'parent_product_id'&#10;Falsifying example: test_generates_correct_cartesian_product_count(&#10;    self=&lt;tests.unit.test_admin_properties.TestProperty7BulkVariantGeneration object at 0x7fa803b21010&gt;,&#10;    attrs={'aa': ['0']},  # or any other generated value&#10;)&#10;&#10;You can reproduce this example by temporarily adding @reproduce_failure('6.155.2', b'AAEBQQCBYQFBAIFhAAEBQQCBMAAAAA==') as a decorator on your test case">tests/unit/test_admin_properties.py:512: in test_generates_correct_cartesian_product_count
    attrs=st.dictionaries(
           ^^^^^^^
tests/unit/test_admin_properties.py:541: in test_generates_correct_cartesian_product_count
    combinations = generate_variant_combinations(schema)
                   ^^^^^^^^^^^^^^^^^^^^^^^^^^^^^^^^^^^^^
E   TypeError: generate_variant_combinations() missing 1 required positional argument: 'parent_product_id'
E   Falsifying example: test_generates_correct_cartesian_product_count(
E       self=&lt;tests.unit.test_admin_properties.TestProperty7BulkVariantGeneration object at 0x7fa803b21010&gt;,
E       attrs={'aa': ['0']},  # or any other generated value
E   )
E   
E   You can reproduce this example by temporarily adding @reproduce_failure('6.155.2', b'AAEBQQCBYQFBAIFhAAEBQQCBMAAAAA==') as a decorator on your test case</failure></testcase><testcase classname="tests.unit.test_admin_properties.TestProperty7BulkVariantGeneration" name="test_all_combinations_are_unique" time="5.151"><failure message="TypeError: generate_variant_combinations() missing 1 required positional argument: 'parent_product_id'&#10;Falsifying example: test_all_combinations_are_unique(&#10;    self=&lt;tests.unit.test_admin_properties.TestProperty7BulkVariantGeneration object at 0x7fa803b209d0&gt;,&#10;    attrs={'aa': ['0']},  # or any other generated value&#10;)&#10;&#10;You can reproduce this example by temporarily adding @reproduce_failure('6.155.2', b'AAEBQQCBYQFBAIFhAAEBQQCBMAAAAA==') as a decorator on your test case">tests/unit/test_admin_properties.py:555: in test_all_combinations_are_unique
    attrs=st.dictionaries(
           ^^^^^^^
tests/unit/test_admin_properties.py:582: in test_all_combinations_are_unique
    combinations = generate_variant_combinations(schema)
                   ^^^^^^^^^^^^^^^^^^^^^^^^^^^^^^^^^^^^^
E   TypeError: generate_variant_combinations() missing 1 required positional argument: 'parent_product_id'
E   Falsifying example: test_all_combinations_are_unique(
E       self=&lt;tests.unit.test_admin_properties.TestProperty7BulkVariantGeneration object at 0x7fa803b209d0&gt;,
E       attrs={'aa': ['0']},  # or any other generated value
E   )
E   
E   You can reproduce this example by temporarily adding @reproduce_failure('6.155.2', b'AAEBQQCBYQFBAIFhAAEBQQCBMAAAAA==') as a decorator on your test case</failure></testcase><testcase classname="tests.unit.test_admin_properties.TestProperty6VariantAggregationCorrectness" name="test_aggregated_stock_equals_sum" time="0.074" /><testcase classname="tests.unit.test_admin_properties.TestProperty6VariantAggregationCorrectness" name="test_empty_variants_aggregate_to_zero" time="0.070" /><testcase classname="tests.unit.test_admin_properties.TestProperty16DefaultVariantAutoCreationAndRemoval" name="test_default_variant_has_correct_fields" time="0.612" /><testcase classname="tests.unit.test_admin_properties.TestProperty16DefaultVariantAutoCreationAndRemoval" name="test_should_remove_when_only_default_and_new_has_attributes" time="0.135" /><testcase classname="tests.unit.test_admin_properties.TestProperty16DefaultVariantAutoCreationAndRemoval" name="test_should_not_remove_when_existing_has_attribute_variants" time="0.186" /><testcase classname="tests.unit.test_admin_properties.TestProperty16DefaultVariantAutoCreationAndRemoval" name="test_should_not_remove_when_new_has_only_defaults" time="0.005" /><testcase classname="tests.unit.test_admin_properties.TestProperty15OversellControlPerVariant" name="test_oversell_true_always_allows" time="0.031" /><testcase classname="tests.unit.test_admin_properties.TestProperty15OversellControlPerVariant" name="test_oversell_false_zero_stock_rejects" time="0.046" /><testcase classname="tests.unit.test_admin_properties.TestProperty15OversellControlPerVariant" name="test_oversell_false_insufficient_stock_rejects" time="0.114" /><testcase classname="tests.unit.test_admin_properties.TestProperty15OversellControlPerVariant" name="test_oversell_false_sufficient_stock_allows" time="0.040" /><testcase classname="tests.unit.test_admin_properties.TestProperty2EventIdFilterCorrectness" name="test_filtered_result_contains_only_matching_records" time="12.923"><failure message="AssertionError: Record with event_id=evt-presmeet-2027 found in results when filter was 'None'&#10;assert 'evt-presmeet-2027' == None&#10;Falsifying example: test_filtered_result_contains_only_matching_records(&#10;    self=&lt;tests.unit.test_admin_properties.TestProperty2EventIdFilterCorrectness object at 0x7fa803a93810&gt;,&#10;    records=[{&#10;         'event_id': 'evt-presmeet-2027',&#10;         'id': 'aaa_000000',  # or any other generated value&#10;     }],&#10;    event_id_filter=None,&#10;)&#10;Record event_id=evt-presmeet-2027, filter=None&#10;Explanation:&#10;    These lines were always and only run by failing examples:&#10;        /home/runner/work/h-dcn/h-dcn/backend/tests/unit/test_admin_properties.py:917&#10;&#10;You can reproduce this example by temporarily adding @reproduce_failure('6.155.2', b'AXicY3RkcGRoTETCBtgxgyMjAOchCds=') as a decorator on your test case">tests/unit/test_admin_properties.py:892: in test_filtered_result_contains_only_matching_records
    records=st.lists(
           ^^^^^^^
tests/unit/test_admin_properties.py:914: in test_filtered_result_contains_only_matching_records
    assert record['event_id'] == event_id_filter, (
E   AssertionError: Record with event_id=evt-presmeet-2027 found in results when filter was 'None'
E   assert 'evt-presmeet-2027' == None
E   Falsifying example: test_filtered_result_contains_only_matching_records(
E       self=&lt;tests.unit.test_admin_properties.TestProperty2EventIdFilterCorrectness object at 0x7fa803a93810&gt;,
E       records=[{
E            'event_id': 'evt-presmeet-2027',
E            'id': 'aaa_000000',  # or any other generated value
E        }],
E       event_id_filter=None,
E   )
E   Record event_id=evt-presmeet-2027, filter=None
E   Explanation:
E       These lines were always and only run by failing examples:
E           /home/runner/work/h-dcn/h-dcn/backend/tests/unit/test_admin_properties.py:917
E   
E   You can reproduce this example by temporarily adding @reproduce_failure('6.155.2', b'AXicY3RkcGRoTETCBtgxgyMjAOchCds=') as a decorator on your test case</failure></testcase><testcase classname="tests.unit.test_admin_properties.TestProperty2EventIdFilterCorrectness" name="test_all_filter_returns_all_records" time="0.928" /><testcase classname="tests.unit.test_admin_properties.TestProperty2EventIdFilterCorrectness" name="test_filtered_count_matches_matching_records" time="4.835"><failure message="AssertionError: assert 1 == 0&#10; +  where 1 = len([{'event_id': 'evt-presmeet-2027', 'id': 'aaa_000000'}])&#10;Falsifying example: test_filtered_count_matches_matching_records(&#10;    self=&lt;tests.unit.test_admin_properties.TestProperty2EventIdFilterCorrectness object at 0x7fa803a91e10&gt;,&#10;    records=[{&#10;         'event_id': 'evt-presmeet-2027',&#10;         'id': 'aaa_000000',  # or any other generated value&#10;     }],&#10;    event_id_filter=None,&#10;)&#10;Filter=None, expected=0, got=1&#10;&#10;You can reproduce this example by temporarily adding @reproduce_failure('6.155.2', b'AXicY3RkcGRoTETCBtgxgyMjAOchCds=') as a decorator on your test case">tests/unit/test_admin_properties.py:944: in test_filtered_count_matches_matching_records
    records=st.lists(
           ^^^^^^^
tests/unit/test_admin_properties.py:966: in test_filtered_count_matches_matching_records
    assert len(result) == expected_count
E   AssertionError: assert 1 == 0
E    +  where 1 = len([{'event_id': 'evt-presmeet-2027', 'id': 'aaa_000000'}])
E   Falsifying example: test_filtered_count_matches_matching_records(
E       self=&lt;tests.unit.test_admin_properties.TestProperty2EventIdFilterCorrectness object at 0x7fa803a91e10&gt;,
E       records=[{
E            'event_id': 'evt-presmeet-2027',
E            'id': 'aaa_000000',  # or any other generated value
E        }],
E       event_id_filter=None,
E   )
E   Filter=None, expected=0, got=1
E   
E   You can reproduce this example by temporarily adding @reproduce_failure('6.155.2', b'AXicY3RkcGRoTETCBtgxgyMjAOchCds=') as a decorator on your test case</failure></testcase><testcase classname="tests.unit.test_admin_properties.TestProperty17CartAlwaysLinksToVariant" name="test_cart_items_have_variant_id_set" time="0.466" /><testcase classname="tests.unit.test_admin_properties.TestProperty17CartAlwaysLinksToVariant" name="test_cart_variant_id_matches_variant_pattern" time="0.642" /><testcase classname="tests.unit.test_admin_properties.TestProperty17CartAlwaysLinksToVariant" name="test_cart_never_references_parent_product_for_stock" time="0.810" /><testcase classname="tests.unit.test_admin_record_payment" name="test_handler_exists" time="0.000" /><testcase classname="tests.unit.test_admin_record_payment" name="test_returns_401_without_auth" time="0.001" /><testcase classname="tests.unit.test_admin_record_payment_properties.TestProperty7PaymentHandlerInputValidation" name="test_missing_order_id_returns_400" time="95.738"><failure message="assert 500 == 400&#10;Falsifying example: test_missing_order_id_returns_400(&#10;    # The test always failed when commented parts were varied together.&#10;    self=&lt;tests.unit.test_admin_record_payment_properties.TestProperty7PaymentHandlerInputValidation object at 0x7fa803fe0150&gt;,&#10;    amount=1.0,  # or any other generated value&#10;    date='2024-01-15',  # or any other generated value&#10;    description='',  # or any other generated value&#10;)&#10;Body: {'amount': 1.0, 'date': '2024-01-15', 'description': ''}, Response status: 500&#10;&#10;You can reproduce this example by temporarily adding @reproduce_failure('6.155.2', b'ACg/8AAAAAAAAEEAgA==') as a decorator on your test case">tests/unit/test_admin_record_payment_properties.py:145: in test_missing_order_id_returns_400
    amount=st.floats(min_value=0.01, max_value=999999.99, allow_nan=False, allow_infinity=False),
           ^^^^^^^
tests/unit/test_admin_record_payment_properties.py:168: in test_missing_order_id_returns_400
    assert response['statusCode'] == 400
E   assert 500 == 400
E   Falsifying example: test_missing_order_id_returns_400(
E       # The test always failed when commented parts were varied together.
E       self=&lt;tests.unit.test_admin_record_payment_properties.TestProperty7PaymentHandlerInputValidation object at 0x7fa803fe0150&gt;,
E       amount=1.0,  # or any other generated value
E       date='2024-01-15',  # or any other generated value
E       description='',  # or any other generated value
E   )
E   Body: {'amount': 1.0, 'date': '2024-01-15', 'description': ''}, Response status: 500
E   
E   You can reproduce this example by temporarily adding @reproduce_failure('6.155.2', b'ACg/8AAAAAAAAEEAgA==') as a decorator on your test case</failure></testcase><testcase classname="tests.unit.test_admin_record_payment_properties.TestProperty7PaymentHandlerInputValidation" name="test_non_numeric_amount_returns_400" time="80.594"><failure message="assert 500 == 400&#10;Falsifying example: test_non_numeric_amount_returns_400(&#10;    # The test always failed when commented parts were varied together.&#10;    self=&lt;tests.unit.test_admin_record_payment_properties.TestProperty7PaymentHandlerInputValidation object at 0x7fa803fe25d0&gt;,&#10;    order_id='0',  # or any other generated value&#10;    amount=None,  # or any other generated value&#10;    date='2024-01-15',  # or any other generated value&#10;)&#10;Amount: None, Response status: 500&#10;&#10;You can reproduce this example by temporarily adding @reproduce_failure('6.155.2', b'AIEwQQFBAA==') as a decorator on your test case">tests/unit/test_admin_record_payment_properties.py:174: in test_non_numeric_amount_returns_400
    order_id=st.text(min_size=1, max_size=20, alphabet=st.characters(
           ^^^^^^^
tests/unit/test_admin_record_payment_properties.py:197: in test_non_numeric_amount_returns_400
    assert response['statusCode'] == 400
E   assert 500 == 400
E   Falsifying example: test_non_numeric_amount_returns_400(
E       # The test always failed when commented parts were varied together.
E       self=&lt;tests.unit.test_admin_record_payment_properties.TestProperty7PaymentHandlerInputValidation object at 0x7fa803fe25d0&gt;,
E       order_id='0',  # or any other generated value
E       amount=None,  # or any other generated value
E       date='2024-01-15',  # or any other generated value
E   )
E   Amount: None, Response status: 500
E   
E   You can reproduce this example by temporarily adding @reproduce_failure('6.155.2', b'AIEwQQFBAA==') as a decorator on your test case</failure></testcase><testcase classname="tests.unit.test_admin_record_payment_properties.TestProperty7PaymentHandlerInputValidation" name="test_amount_outside_range_returns_400" time="77.325"><failure message="assert 500 == 400&#10;Falsifying example: test_amount_outside_range_returns_400(&#10;    # The test always failed when commented parts were varied together.&#10;    self=&lt;tests.unit.test_admin_record_payment_properties.TestProperty7PaymentHandlerInputValidation object at 0x7fa803fe2450&gt;,&#10;    order_id='0',  # or any other generated value&#10;    amount=0,  # or any other generated value&#10;    date='2024-01-15',  # or any other generated value&#10;)&#10;Amount: 0, Response status: 500&#10;&#10;You can reproduce this example by temporarily adding @reproduce_failure('6.155.2', b'AIEwQQJBAA==') as a decorator on your test case">tests/unit/test_admin_record_payment_properties.py:200: in test_amount_outside_range_returns_400
    order_id=st.text(min_size=1, max_size=20, alphabet=st.characters(
           ^^^^^^^
tests/unit/test_admin_record_payment_properties.py:227: in test_amount_outside_range_returns_400
    assert response['statusCode'] == 400
E   assert 500 == 400
E   Falsifying example: test_amount_outside_range_returns_400(
E       # The test always failed when commented parts were varied together.
E       self=&lt;tests.unit.test_admin_record_payment_properties.TestProperty7PaymentHandlerInputValidation object at 0x7fa803fe2450&gt;,
E       order_id='0',  # or any other generated value
E       amount=0,  # or any other generated value
E       date='2024-01-15',  # or any other generated value
E   )
E   Amount: 0, Response status: 500
E   
E   You can reproduce this example by temporarily adding @reproduce_failure('6.155.2', b'AIEwQQJBAA==') as a decorator on your test case</failure></testcase><testcase classname="tests.unit.test_admin_record_payment_properties.TestProperty7PaymentHandlerInputValidation" name="test_missing_date_returns_400" time="100.914"><failure message="assert 500 == 400&#10;Falsifying example: test_missing_date_returns_400(&#10;    # The test always failed when commented parts were varied together.&#10;    self=&lt;tests.unit.test_admin_record_payment_properties.TestProperty7PaymentHandlerInputValidation object at 0x7fa803fe1ed0&gt;,&#10;    order_id='0',  # or any other generated value&#10;    amount=1.0,  # or any other generated value&#10;)&#10;Body (no date): {'order_id': '0', 'amount': 1.0}, Response status: 500&#10;&#10;You can reproduce this example by temporarily adding @reproduce_failure('6.155.2', b'AIEwKD/wAAAAAAAA') as a decorator on your test case">tests/unit/test_admin_record_payment_properties.py:230: in test_missing_date_returns_400
    order_id=st.text(min_size=1, max_size=20, alphabet=st.characters(
           ^^^^^^^
tests/unit/test_admin_record_payment_properties.py:251: in test_missing_date_returns_400
    assert response['statusCode'] == 400
E   assert 500 == 400
E   Falsifying example: test_missing_date_returns_400(
E       # The test always failed when commented parts were varied together.
E       self=&lt;tests.unit.test_admin_record_payment_properties.TestProperty7PaymentHandlerInputValidation object at 0x7fa803fe1ed0&gt;,
E       order_id='0',  # or any other generated value
E       amount=1.0,  # or any other generated value
E   )
E   Body (no date): {'order_id': '0', 'amount': 1.0}, Response status: 500
E   
E   You can reproduce this example by temporarily adding @reproduce_failure('6.155.2', b'AIEwKD/wAAAAAAAA') as a decorator on your test case</failure></testcase><testcase classname="tests.unit.test_admin_record_payment_properties.TestProperty7PaymentHandlerInputValidation" name="test_invalid_date_format_returns_400" time="115.359"><failure message="assert 500 == 400&#10;Falsifying example: test_invalid_date_format_returns_400(&#10;    # The test always failed when commented parts were varied together.&#10;    self=&lt;tests.unit.test_admin_record_payment_properties.TestProperty7PaymentHandlerInputValidation object at 0x7fa803fe3510&gt;,&#10;    order_id='0',  # or any other generated value&#10;    amount=1.0,  # or any other generated value&#10;    date='not-a-date',  # or any other generated value&#10;)&#10;Date: 'not-a-date', Response status: 500&#10;&#10;You can reproduce this example by temporarily adding @reproduce_failure('6.155.2', b'AIEwKD/wAAAAAAAAQQA=') as a decorator on your test case">tests/unit/test_admin_record_payment_properties.py:254: in test_invalid_date_format_returns_400
    order_id=st.text(min_size=1, max_size=20, alphabet=st.characters(
           ^^^^^^^
tests/unit/test_admin_record_payment_properties.py:276: in test_invalid_date_format_returns_400
    assert response['statusCode'] == 400
E   assert 500 == 400
E   Falsifying example: test_invalid_date_format_returns_400(
E       # The test always failed when commented parts were varied together.
E       self=&lt;tests.unit.test_admin_record_payment_properties.TestProperty7PaymentHandlerInputValidation object at 0x7fa803fe3510&gt;,
E       order_id='0',  # or any other generated value
E       amount=1.0,  # or any other generated value
E       date='not-a-date',  # or any other generated value
E   )
E   Date: 'not-a-date', Response status: 500
E   
E   You can reproduce this example by temporarily adding @reproduce_failure('6.155.2', b'AIEwKD/wAAAAAAAAQQA=') as a decorator on your test case</failure></testcase><testcase classname="tests.unit.test_admin_record_payment_properties.TestProperty7PaymentHandlerInputValidation" name="test_missing_order_id_does_not_modify_db" time="67.557"><failure message="assert 500 == 400&#10;Falsifying example: test_missing_order_id_does_not_modify_db(&#10;    # The test always failed when commented parts were varied together.&#10;    self=&lt;tests.unit.test_admin_record_payment_properties.TestProperty7PaymentHandlerInputValidation object at 0x7fa803fe3b10&gt;,&#10;    amount=1.0,  # or any other generated value&#10;    date='2024-01-15',  # or any other generated value&#10;)&#10;&#10;You can reproduce this example by temporarily adding @reproduce_failure('6.155.2', b'ACg/8AAAAAAAAEEA') as a decorator on your test case">/opt/hostedtoolcache/Python/3.11.15/x64/lib/python3.11/site-packages/moto/core/models.py:117: in test_missing_order_id_does_not_modify_db
    self.start(reset=reset)
       ^^^^^^^
/opt/hostedtoolcache/Python/3.11.15/x64/lib/python3.11/site-packages/moto/core/models.py:119: in wrapper
    result = func(*args, **kwargs)
             ^^^^^^^^^^^^^^^^^^^^^
tests/unit/test_admin_record_payment_properties.py:316: in test_missing_order_id_does_not_modify_db
    assert response['statusCode'] == 400
E   assert 500 == 400
E   Falsifying example: test_missing_order_id_does_not_modify_db(
E       # The test always failed when commented parts were varied together.
E       self=&lt;tests.unit.test_admin_record_payment_properties.TestProperty7PaymentHandlerInputValidation object at 0x7fa803fe3b10&gt;,
E       amount=1.0,  # or any other generated value
E       date='2024-01-15',  # or any other generated value
E   )
E   
E   You can reproduce this example by temporarily adding @reproduce_failure('6.155.2', b'ACg/8AAAAAAAAEEA') as a decorator on your test case</failure></testcase><testcase classname="tests.unit.test_admin_record_payment_properties.TestProperty7PaymentHandlerInputValidation" name="test_invalid_amount_does_not_modify_db" time="129.263"><failure message="assert 500 == 400&#10;Falsifying example: test_invalid_amount_does_not_modify_db(&#10;    self=&lt;tests.unit.test_admin_record_payment_properties.TestProperty7PaymentHandlerInputValidation object at 0x7fa803a1ab50&gt;,&#10;    order_id='00000',&#10;    amount=0,&#10;    date='2024-01-15',&#10;)&#10;&#10;You can reproduce this example by temporarily adding @reproduce_failure('6.155.2', b'AXicY3RkaDRgxEIwODI5MgAAVAIFRA==') as a decorator on your test case">/opt/hostedtoolcache/Python/3.11.15/x64/lib/python3.11/site-packages/moto/core/models.py:117: in test_invalid_amount_does_not_modify_db
    self.start(reset=reset)
       ^^^^^^^
/opt/hostedtoolcache/Python/3.11.15/x64/lib/python3.11/site-packages/moto/core/models.py:119: in wrapper
    result = func(*args, **kwargs)
             ^^^^^^^^^^^^^^^^^^^^^
tests/unit/test_admin_record_payment_properties.py:368: in test_invalid_amount_does_not_modify_db
    assert response['statusCode'] == 400
E   assert 500 == 400
E   Falsifying example: test_invalid_amount_does_not_modify_db(
E       self=&lt;tests.unit.test_admin_record_payment_properties.TestProperty7PaymentHandlerInputValidation object at 0x7fa803a1ab50&gt;,
E       order_id='00000',
E       amount=0,
E       date='2024-01-15',
E   )
E   
E   You can reproduce this example by temporarily adding @reproduce_failure('6.155.2', b'AXicY3RkaDRgxEIwODI5MgAAVAIFRA==') as a decorator on your test case</failure></testcase><testcase classname="tests.unit.test_admin_update_product.TestAdminUpdateProductBasicFields" name="test_update_groep_subgroep" time="0.091" /><testcase classname="tests.unit.test_admin_update_product.TestAdminUpdateProductBasicFields" name="test_update_images" time="0.087" /><testcase classname="tests.unit.test_admin_update_product.TestAdminUpdateProductBasicFields" name="test_update_nonexistent_product_returns_404" time="0.081" /><testcase classname="tests.unit.test_admin_update_product.TestAdminUpdateProductBasicFields" name="test_cannot_update_variant_record" time="0.086" /><testcase classname="tests.unit.test_admin_update_product.TestAdminUpdateProductNewFieldsValidation" name="test_invalid_variant_schema_rejected" time="0.083" /><testcase classname="tests.unit.test_admin_update_product.TestAdminUpdateProductNewFieldsValidation" name="test_invalid_order_item_fields_rejected" time="0.085" /><testcase classname="tests.unit.test_admin_update_product.TestAdminUpdateProductNewFieldsValidation" name="test_invalid_purchase_rules_rejected" time="0.084" /><testcase classname="tests.unit.test_admin_update_product.TestAdminUpdateProductNewFieldsValidation" name="test_valid_order_item_fields_accepted" time="0.090" /><testcase classname="tests.unit.test_admin_update_product.TestAdminUpdateProductNewFieldsValidation" name="test_valid_purchase_rules_accepted" time="0.088" /><testcase classname="tests.unit.test_admin_update_product.TestAdminUpdateProductVariantRegeneration" name="test_variant_schema_change_regenerates_variants" time="0.106" /><testcase classname="tests.unit.test_admin_update_product.TestAdminUpdateProductVariantRegeneration" name="test_removing_variant_schema_deactivates_variants" time="0.099" /><testcase classname="tests.unit.test_admin_update_product.TestAdminUpdateProductVariantRegeneration" name="test_same_variant_schema_no_regeneration" time="0.097" /><testcase classname="tests.unit.test_admin_update_product.TestAdminUpdateProductVariantRegeneration" name="test_update_without_variant_schema_no_regeneration" time="0.090" /><testcase classname="tests.unit.test_admin_update_product.TestAdminUpdateProductVariantRegeneration" name="test_multi_axis_variant_schema_regeneration" time="0.107" /><testcase classname="tests.unit.test_auth_logging.TestStructuredLogging" name="test_permission_denial_logging_structure" time="0.001" /><testcase classname="tests.unit.test_auth_logging.TestStructuredLogging" name="test_successful_access_logging_structure" time="0.001" /><testcase classname="tests.unit.test_auth_logging.TestStructuredLogging" name="test_regional_access_logging_structure" time="0.001" /><testcase classname="tests.unit.test_auth_logging.TestStructuredLogging" name="test_regional_access_denied_logging" time="0.001" /><testcase classname="tests.unit.test_auth_logging.TestStructuredLogging" name="test_role_structure_validation_logging" time="0.001" /><testcase classname="tests.unit.test_auth_logging.TestStructuredLogging" name="test_auth_system_failure_logging" time="0.001" /><testcase classname="tests.unit.test_auth_logging.TestLoggingIntegration" name="test_logging_during_successful_auth_flow" time="0.001" /><testcase classname="tests.unit.test_auth_logging.TestLoggingIntegration" name="test_logging_during_failed_auth_flow" time="0.001" /><testcase classname="tests.unit.test_auth_logging.TestLoggingIntegration" name="test_logging_with_enhanced_groups" time="0.001" /><testcase classname="tests.unit.test_auth_logging.TestLogSearchability" name="test_log_searchability_keywords" time="0.001" /><testcase classname="tests.unit.test_auth_logging.TestLogSearchability" name="test_cloudwatch_log_group_format" time="0.001" /><testcase classname="tests.unit.test_auth_logging.TestLogSearchability" name="test_log_timestamp_consistency" time="0.001" /><testcase classname="tests.unit.test_auth_logging.TestLogCompliance" name="test_sensitive_data_not_logged" time="0.001" /><testcase classname="tests.unit.test_auth_logging.TestLogCompliance" name="test_log_structure_version_tracking" time="0.001" /><testcase classname="tests.unit.test_auth_logging.TestLogCompliance" name="test_audit_trail_completeness" time="0.001" /><testcase classname="tests.unit.test_auth_utils_consolidation.TestProperty4SharedLayerSubsumesAuthUtilsLocal" name="test_core_function_is_available_and_callable" time="0.009" /><testcase classname="tests.unit.test_auth_utils_consolidation.TestProperty4SharedLayerSubsumesAuthUtilsLocal" name="test_handler_imported_function_available" time="0.005" /><testcase classname="tests.unit.test_auth_utils_consolidation.TestProperty4SharedLayerSubsumesAuthUtilsLocal" name="test_function_signature_has_parameters" time="0.009" /><testcase classname="tests.unit.test_auth_utils_consolidation.TestProperty4SharedLayerSubsumesAuthUtilsLocal" name="test_all_12_core_functions_present" time="0.000" /><testcase classname="tests.unit.test_auth_utils_consolidation.TestProperty4SharedLayerSubsumesAuthUtilsLocal" name="test_all_handler_imports_satisfied" time="0.000" /><testcase classname="tests.unit.test_auth_utils_consolidation.TestProperty4SharedLayerSubsumesAuthUtilsLocal" name="test_cors_headers_returns_dict" time="0.000" /><testcase classname="tests.unit.test_auth_utils_consolidation.TestProperty4SharedLayerSubsumesAuthUtilsLocal" name="test_handle_options_request_returns_200" time="0.000" /><testcase classname="tests.unit.test_auth_utils_consolidation.TestProperty4SharedLayerSubsumesAuthUtilsLocal" name="test_create_error_response_format" time="0.000" /><testcase classname="tests.unit.test_auth_utils_consolidation.TestProperty4SharedLayerSubsumesAuthUtilsLocal" name="test_create_success_response_format" time="0.000" /><testcase classname="tests.unit.test_circular_dependency_bug.TestCircularDependencyBugCondition" name="test_create_order_function_webhook_url_does_not_reference_my_api" time="0.001" /><testcase classname="tests.unit.test_circular_dependency_bug.TestCircularDependencyBugCondition" name="test_circular_dependency_condition_not_present" time="0.001" /><testcase classname="tests.unit.test_circular_dependency_bug.TestCircularDependencyBugCondition" name="test_no_env_var_in_create_order_function_references_my_api" time="0.010" /><testcase classname="tests.unit.test_circular_dependency_bug.TestCircularDependencyBugCondition" name="test_no_function_with_api_event_has_my_api_env_ref" time="0.008" /><testcase classname="tests.unit.test_cognito_custom_message_locale.TestCognitoLocaleExtraction" name="test_valid_locale_extracted_from_client_metadata" time="0.010" /><testcase classname="tests.unit.test_cognito_custom_message_locale.TestCognitoLocaleExtraction" name="test_french_locale_extracted" time="0.006" /><testcase classname="tests.unit.test_cognito_custom_message_locale.TestCognitoLocaleExtraction" name="test_german_locale_extracted" time="0.006" /><testcase classname="tests.unit.test_cognito_custom_message_locale.TestCognitoLocaleExtraction" name="test_all_supported_locales_pass_through[nl]" time="0.005" /><testcase classname="tests.unit.test_cognito_custom_message_locale.TestCognitoLocaleExtraction" name="test_all_supported_locales_pass_through[en]" time="0.005" /><testcase classname="tests.unit.test_cognito_custom_message_locale.TestCognitoLocaleExtraction" name="test_all_supported_locales_pass_through[fr]" time="0.006" /><testcase classname="tests.unit.test_cognito_custom_message_locale.TestCognitoLocaleExtraction" name="test_all_supported_locales_pass_through[de]" time="0.005" /><testcase classname="tests.unit.test_cognito_custom_message_locale.TestCognitoLocaleExtraction" name="test_all_supported_locales_pass_through[sv]" time="0.005" /><testcase classname="tests.unit.test_cognito_custom_message_locale.TestCognitoLocaleExtraction" name="test_all_supported_locales_pass_through[da]" time="0.005" /><testcase classname="tests.unit.test_cognito_custom_message_locale.TestCognitoLocaleExtraction" name="test_all_supported_locales_pass_through[it]" time="0.007" /><testcase classname="tests.unit.test_cognito_custom_message_locale.TestCognitoLocaleExtraction" name="test_all_supported_locales_pass_through[es]" time="0.005" /><testcase classname="tests.unit.test_cognito_custom_message_locale.TestCognitoLocaleFallback" name="test_missing_locale_falls_back_to_dutch" time="0.005" /><testcase classname="tests.unit.test_cognito_custom_message_locale.TestCognitoLocaleFallback" name="test_null_client_metadata_falls_back_to_dutch" time="0.006" /><testcase classname="tests.unit.test_cognito_custom_message_locale.TestCognitoLocaleFallback" name="test_invalid_locale_falls_back_to_dutch" time="0.005" /><testcase classname="tests.unit.test_cognito_custom_message_locale.TestCognitoLocaleFallback" name="test_empty_string_locale_falls_back_to_dutch" time="0.005" /><testcase classname="tests.unit.test_cognito_custom_message_locale.TestCognitoLocaleFallback" name="test_gibberish_locale_falls_back_to_dutch" time="0.006" /><testcase classname="tests.unit.test_cognito_custom_message_locale.TestCognitoLocalePassedToAllHandlers" name="test_admin_create_user_receives_locale" time="0.005" /><testcase classname="tests.unit.test_cognito_custom_message_locale.TestCognitoLocalePassedToAllHandlers" name="test_resend_code_receives_locale" time="0.005" /><testcase classname="tests.unit.test_cognito_custom_message_locale.TestCognitoLocalePassedToAllHandlers" name="test_forgot_password_receives_locale" time="0.005" /><testcase classname="tests.unit.test_cognito_custom_message_locale.TestCognitoLocalePassedToAllHandlers" name="test_authentication_receives_locale" time="0.006" /><testcase classname="tests.unit.test_cognito_custom_message_locale.TestCognitoLocalePassedToAllHandlers" name="test_update_user_attribute_receives_locale" time="0.005" /><testcase classname="tests.unit.test_cognito_custom_message_locale.TestCognitoLocalePassedToAllHandlers" name="test_verify_user_attribute_receives_locale" time="0.005" /><testcase classname="tests.unit.test_cognito_custom_message_locale.TestCognitoResponseStructure" name="test_response_contains_email_message" time="0.006" /><testcase classname="tests.unit.test_cognito_custom_message_locale.TestCognitoResponseStructure" name="test_response_contains_email_subject" time="0.005" /><testcase classname="tests.unit.test_cognito_custom_message_locale.TestCognitoResponseStructure" name="test_handler_returns_event_on_error" time="0.005" /><testcase classname="tests.unit.test_cognito_role_assignment" name="test_handler_exists" time="0.000" /><testcase classname="tests.unit.test_cognito_role_assignment" name="test_returns_401_without_auth" time="0.000" /><testcase classname="tests.unit.test_comprehensive_auth_flows.TestAuthenticationFlows" name="test_successful_credential_extraction" time="0.000" /><testcase classname="tests.unit.test_comprehensive_auth_flows.TestAuthenticationFlows" name="test_enhanced_groups_header_priority" time="0.000" /><testcase classname="tests.unit.test_comprehensive_auth_flows.TestAuthenticationFlows" name="test_missing_authorization_header" time="0.000" /><testcase classname="tests.unit.test_comprehensive_auth_flows.TestAuthenticationFlows" name="test_invalid_bearer_format" time="0.000" /><testcase classname="tests.unit.test_comprehensive_auth_flows.TestAuthenticationFlows" name="test_malformed_jwt_token" time="0.000" /><testcase classname="tests.unit.test_comprehensive_auth_flows.TestAuthenticationFlows" name="test_empty_jwt_token" time="0.000" /><testcase classname="tests.unit.test_comprehensive_auth_flows.TestAuthenticationFlows" name="test_jwt_without_email" time="0.000" /><testcase classname="tests.unit.test_comprehensive_auth_flows.TestPermissionValidation" name="test_basic_member_permissions" time="0.000" /><testcase classname="tests.unit.test_comprehensive_auth_flows.TestPermissionValidation" name="test_admin_permissions" time="0.000" /><testcase classname="tests.unit.test_comprehensive_auth_flows.TestPermissionValidation" name="test_permission_denied" time="0.000" /><testcase classname="tests.unit.test_comprehensive_auth_flows.TestPermissionValidation" name="test_multiple_role_permissions" time="0.000" /><testcase classname="tests.unit.test_comprehensive_auth_flows.TestPermissionValidation" name="test_regional_permission_validation" time="0.000" /><testcase classname="tests.unit.test_comprehensive_auth_flows.TestPermissionValidation" name="test_national_access_permissions" time="0.000" /><testcase classname="tests.unit.test_comprehensive_auth_flows.TestPermissionValidation" name="test_missing_region_assignment" time="0.000" /><testcase classname="tests.unit.test_comprehensive_auth_flows.TestRegionalAccess" name="test_determine_regional_access_admin" time="0.000" /><testcase classname="tests.unit.test_comprehensive_auth_flows.TestRegionalAccess" name="test_determine_regional_access_national" time="0.000" /><testcase classname="tests.unit.test_comprehensive_auth_flows.TestRegionalAccess" name="test_determine_regional_access_specific_regions" time="0.000" /><testcase classname="tests.unit.test_comprehensive_auth_flows.TestRegionalAccess" name="test_check_regional_data_access_allowed" time="0.000" /><testcase classname="tests.unit.test_comprehensive_auth_flows.TestRegionalAccess" name="test_check_regional_data_access_denied" time="0.001" /><testcase classname="tests.unit.test_comprehensive_auth_flows.TestRegionalAccess" name="test_get_user_accessible_regions" time="0.000" /><testcase classname="tests.unit.test_comprehensive_auth_flows.TestFailureScenarios" name="test_jwt_decode_failure" time="0.001" /><testcase classname="tests.unit.test_comprehensive_auth_flows.TestFailureScenarios" name="test_json_parse_failure" time="0.001" /><testcase classname="tests.unit.test_comprehensive_auth_flows.TestFailureScenarios" name="test_maintenance_fallback_integration" time="0.001" /><testcase classname="tests.unit.test_comprehensive_auth_flows.TestFailureScenarios" name="test_invalid_enhanced_groups_header" time="0.001" /><testcase classname="tests.unit.test_comprehensive_auth_flows.TestMaintenanceFallback" name="test_create_maintenance_response" time="0.000" /><testcase classname="tests.unit.test_comprehensive_auth_flows.TestMaintenanceFallback" name="test_log_auth_system_failure" time="0.001" /><testcase classname="tests.unit.test_comprehensive_auth_flows.TestMaintenanceFallback" name="test_smart_fallback_handler_creation" time="0.001" /><testcase classname="tests.unit.test_comprehensive_auth_flows.TestMaintenanceFallback" name="test_smart_fallback_options_handling" time="0.001" /><testcase classname="tests.unit.test_comprehensive_auth_flows.TestLoggingAndAudit" name="test_cors_headers" time="0.000" /><testcase classname="tests.unit.test_comprehensive_auth_flows.TestLoggingAndAudit" name="test_create_error_response" time="0.000" /><testcase classname="tests.unit.test_comprehensive_auth_flows.TestLoggingAndAudit" name="test_create_success_response" time="0.000" /><testcase classname="tests.unit.test_comprehensive_auth_flows.TestLoggingAndAudit" name="test_permission_denial_logging" time="0.001" /><testcase classname="tests.unit.test_comprehensive_auth_flows.TestLoggingAndAudit" name="test_successful_access_logging" time="0.001" /><testcase classname="tests.unit.test_comprehensive_auth_flows.TestLoggingAndAudit" name="test_regional_access_logging" time="0.001" /><testcase classname="tests.unit.test_comprehensive_auth_flows.TestIntegrationScenarios" name="test_complete_auth_flow_basic_member" time="0.000" /><testcase classname="tests.unit.test_comprehensive_auth_flows.TestIntegrationScenarios" name="test_complete_auth_flow_regional_admin" time="0.001" /><testcase classname="tests.unit.test_comprehensive_auth_flows.TestIntegrationScenarios" name="test_complete_auth_flow_national_admin" time="0.001" /><testcase classname="tests.unit.test_comprehensive_auth_flows.TestIntegrationScenarios" name="test_auth_flow_with_enhanced_groups" time="0.001" /><testcase classname="tests.unit.test_cors_headers_stage.TestCorsHeadersStageBehavior" name="test_returns_testportal_origin_when_env_var_set" time="0.000" /><testcase classname="tests.unit.test_cors_headers_stage.TestCorsHeadersStageBehavior" name="test_returns_portal_origin_when_env_var_set" time="0.000" /><testcase classname="tests.unit.test_cors_headers_stage.TestCorsHeadersStageBehavior" name="test_returns_wildcard_when_env_var_not_set" time="0.000" /><testcase classname="tests.unit.test_cors_origin_property.TestProperty1CorsOriginFromEnvironmentVariable" name="test_cors_headers_returns_exact_env_var_value" time="0.061" /><testcase classname="tests.unit.test_cors_origin_property.TestProperty1CorsOriginFromEnvironmentVariable" name="test_cors_headers_does_not_accept_request_parameter" time="0.000" /><testcase classname="tests.unit.test_cors_origin_property.TestProperty1CorsOriginFromEnvironmentVariable" name="test_cors_headers_ignores_any_request_origin" time="0.074" /><testcase classname="tests.unit.test_create_event.TestCreateEvent" name="test_create_event_success" time="0.076" /><testcase classname="tests.unit.test_create_event.TestCreateEvent" name="test_create_event_with_event_type" time="0.082" /><testcase classname="tests.unit.test_create_event.TestCreateEvent" name="test_create_event_without_constraints" time="0.068" /><testcase classname="tests.unit.test_create_event.TestCreateEvent" name="test_create_event_without_product_ids" time="0.071" /><testcase classname="tests.unit.test_create_event.TestCreateEvent" name="test_create_event_initial_status_is_draft" time="0.074" /><testcase classname="tests.unit.test_create_event.TestRequiredFields" name="test_missing_required_field_rejected[name]" time="0.066" /><testcase classname="tests.unit.test_create_event.TestRequiredFields" name="test_missing_required_field_rejected[event_type]" time="9.934" /><testcase classname="tests.unit.test_create_event.TestRequiredFields" name="test_missing_required_field_rejected[start_date]" time="0.067" /><testcase classname="tests.unit.test_create_event.TestRequiredFields" name="test_missing_required_field_rejected[end_date]" time="0.068" /><testcase classname="tests.unit.test_create_event.TestRequiredFields" name="test_missing_required_field_rejected[registration_open]" time="0.066" /><testcase classname="tests.unit.test_create_event.TestRequiredFields" name="test_missing_required_field_rejected[registration_close]" time="0.067" /><testcase classname="tests.unit.test_create_event.TestRequiredFields" name="test_empty_name_rejected" time="0.065" /><testcase classname="tests.unit.test_create_event.TestRequiredFields" name="test_name_too_long_rejected" time="0.065" /><testcase classname="tests.unit.test_create_event.TestRequiredFields" name="test_location_too_long_rejected" time="0.067" /><testcase classname="tests.unit.test_create_event.TestDateValidation" name="test_valid_dates_accepted" time="0.068" /><testcase classname="tests.unit.test_create_event.TestDateValidation" name="test_registration_open_not_before_close_rejected" time="0.754" /><testcase classname="tests.unit.test_create_event.TestDateValidation" name="test_registration_open_equals_close_rejected" time="0.067" /><testcase classname="tests.unit.test_create_event.TestDateValidation" name="test_registration_close_after_start_date_rejected" time="0.069" /><testcase classname="tests.unit.test_create_event.TestDateValidation" name="test_registration_close_equals_start_date_accepted" time="0.070" /><testcase classname="tests.unit.test_create_event.TestDateValidation" name="test_start_date_after_end_date_rejected" time="0.066" /><testcase classname="tests.unit.test_create_event.TestDateValidation" name="test_start_date_equals_end_date_accepted" time="0.071" /><testcase classname="tests.unit.test_create_event.TestConstraintValidation" name="test_valid_constraints_accepted" time="0.069" /><testcase classname="tests.unit.test_create_event.TestConstraintValidation" name="test_duplicate_constraint_keys_rejected" time="0.067" /><testcase classname="tests.unit.test_create_event.TestConstraintValidation" name="test_constraint_max_zero_rejected" time="0.068" /><testcase classname="tests.unit.test_create_event.TestConstraintValidation" name="test_constraint_negative_max_rejected" time="0.066" /><testcase classname="tests.unit.test_create_event.TestConstraintValidation" name="test_constraint_invalid_counting_rule_rejected" time="0.762" /><testcase classname="tests.unit.test_create_event.TestConstraintValidation" name="test_constraint_missing_key_rejected" time="0.068" /><testcase classname="tests.unit.test_create_event.TestConstraintValidation" name="test_constraint_missing_counting_rule_rejected" time="0.070" /><testcase classname="tests.unit.test_create_event.TestConstraintValidation" name="test_all_valid_counting_rules_accepted" time="0.070" /><testcase classname="tests.unit.test_create_event.TestConstraintValidation" name="test_constraints_not_array_rejected" time="0.067" /><testcase classname="tests.unit.test_create_event.TestEventClone" name="test_clone_event_copies_fields" time="0.078" /><testcase classname="tests.unit.test_create_event.TestEventClone" name="test_clone_event_clears_dates" time="0.077" /><testcase classname="tests.unit.test_create_event.TestEventClone" name="test_clone_nonexistent_event_returns_404" time="0.069" /><testcase classname="tests.unit.test_create_event.TestAuthAndErrors" name="test_unauthenticated_request_rejected" time="0.068" /><testcase classname="tests.unit.test_create_event.TestAuthAndErrors" name="test_invalid_json_body_rejected" time="0.066" /><testcase classname="tests.unit.test_create_event.TestAuthAndErrors" name="test_options_request_handled" time="0.766" /><testcase classname="tests.unit.test_create_member" name="test_handler_exists" time="0.000" /><testcase classname="tests.unit.test_create_member" name="test_returns_401_without_auth" time="0.000" /><testcase classname="tests.unit.test_create_order.TestHandlerBasics" name="test_handler_exists" time="0.000" /><testcase classname="tests.unit.test_create_order.TestHandlerBasics" name="test_returns_error_without_auth" time="0.295" /><testcase classname="tests.unit.test_create_order.TestHandlerBasics" name="test_handles_options_request" time="0.001" /><testcase classname="tests.unit.test_create_order.TestWebshopOrderCreation" name="test_creates_draft_order_for_webshop" time="0.003"><failure message="KeyError: 'event_id'">tests/unit/test_create_order.py:123: in test_creates_draft_order_for_webshop
    assert order['event_id'] is None
           ^^^^^^^^^^^^^^^^^
[...]
    with patch('app.orders_table') as mock_orders, \
/opt/hostedtoolcache/Python/3.11.15/x64/lib/python3.11/unittest/mock.py:1446: in __enter__
    original, local = self.get_original()
                      ^^^^^^^^^^^^^^^^^^^
/opt/hostedtoolcache/Python/3.11.15/x64/lib/python3.11/unittest/mock.py:1419: in get_original
    raise AttributeError(
E   AttributeError: &lt;module 'app' from '/home/runner/work/h-dcn/h-dcn/backend/handler/update_event/app.py'&gt; does not have the attribute 'orders_table'</error></testcase><testcase classname="tests.unit.test_update_order_items.TestPriceFetching" name="test_fetches_price_from_product" time="0.005"><error message="failed on setup with &quot;AttributeError: &lt;module 'app' from '/home/runner/work/h-dcn/h-dcn/backend/handler/update_event/app.py'&gt; does not have the attribute 'orders_table'&quot;">tests/unit/test_update_order_items.py:30: in mock_dynamodb
    with patch('app.orders_table') as mock_orders, \
/opt/hostedtoolcache/Python/3.11.15/x64/lib/python3.11/unittest/mock.py:1446: in __enter__
    original, local = self.get_original()
                      ^^^^^^^^^^^^^^^^^^^
/opt/hostedtoolcache/Python/3.11.15/x64/lib/python3.11/unittest/mock.py:1419: in get_original
    raise AttributeError(
E   AttributeError: &lt;module 'app' from '/home/runner/work/h-dcn/h-dcn/backend/handler/update_event/app.py'&gt; does not have the attribute 'orders_table'</error></testcase><testcase classname="tests.unit.test_update_order_items.TestPriceFetching" name="test_rejects_null_price" time="0.005"><error message="failed on setup with &quot;AttributeError: &lt;module 'app' from '/home/runner/work/h-dcn/h-dcn/backend/handler/update_event/app.py'&gt; does not have the attribute 'orders_table'&quot;">tests/unit/test_update_order_items.py:30: in mock_dynamodb
    with patch('app.orders_table') as mock_orders, \
/opt/hostedtoolcache/Python/3.11.15/x64/lib/python3.11/unittest/mock.py:1446: in __enter__
    original, local = self.get_original()
                      ^^^^^^^^^^^^^^^^^^^
/opt/hostedtoolcache/Python/3.11.15/x64/lib/python3.11/unittest/mock.py:1419: in get_original
    raise AttributeError(
E   AttributeError: &lt;module 'app' from '/home/runner/work/h-dcn/h-dcn/backend/handler/update_event/app.py'&gt; does not have the attribute 'orders_table'</error></testcase><testcase classname="tests.unit.test_update_order_items.TestPriceFetching" name="test_rejects_zero_price" time="0.005"><error message="failed on setup with &quot;AttributeError: &lt;module 'app' from '/home/runner/work/h-dcn/h-dcn/backend/handler/update_event/app.py'&gt; does not have the attribute 'orders_table'&quot;">tests/unit/test_update_order_items.py:30: in mock_dynamodb
    with patch('app.orders_table') as mock_orders, \
/opt/hostedtoolcache/Python/3.11.15/x64/lib/python3.11/unittest/mock.py:1446: in __enter__
    original, local = self.get_original()
                      ^^^^^^^^^^^^^^^^^^^
/opt/hostedtoolcache/Python/3.11.15/x64/lib/python3.11/unittest/mock.py:1419: in get_original
    raise AttributeError(
E   AttributeError: &lt;module 'app' from '/home/runner/work/h-dcn/h-dcn/backend/handler/update_event/app.py'&gt; does not have the attribute 'orders_table'</error></testcase><testcase classname="tests.unit.test_update_order_items.TestPriceFetching" name="test_rejects_empty_price" time="0.005"><error message="failed on setup with &quot;AttributeError: &lt;module 'app' from '/home/runner/work/h-dcn/h-dcn/backend/handler/update_event/app.py'&gt; does not have the attribute 'orders_table'&quot;">tests/unit/test_update_order_items.py:30: in mock_dynamodb
    with patch('app.orders_table') as mock_orders, \
/opt/hostedtoolcache/Python/3.11.15/x64/lib/python3.11/unittest/mock.py:1446: in __enter__
    original, local = self.get_original()
                      ^^^^^^^^^^^^^^^^^^^
/opt/hostedtoolcache/Python/3.11.15/x64/lib/python3.11/unittest/mock.py:1419: in get_original
    raise AttributeError(
E   AttributeError: &lt;module 'app' from '/home/runner/work/h-dcn/h-dcn/backend/handler/update_event/app.py'&gt; does not have the attribute 'orders_table'</error></testcase><testcase classname="tests.unit.test_update_order_items.TestPriceFetching" name="test_product_not_found" time="0.005"><error message="failed on setup with &quot;AttributeError: &lt;module 'app' from '/home/runner/work/h-dcn/h-dcn/backend/handler/update_event/app.py'&gt; does not have the attribute 'orders_table'&quot;">tests/unit/test_update_order_items.py:30: in mock_dynamodb
    with patch('app.orders_table') as mock_orders, \
/opt/hostedtoolcache/Python/3.11.15/x64/lib/python3.11/unittest/mock.py:1446: in __enter__
    original, local = self.get_original()
                      ^^^^^^^^^^^^^^^^^^^
/opt/hostedtoolcache/Python/3.11.15/x64/lib/python3.11/unittest/mock.py:1419: in get_original
    raise AttributeError(
E   AttributeError: &lt;module 'app' from '/home/runner/work/h-dcn/h-dcn/backend/handler/update_event/app.py'&gt; does not have the attribute 'orders_table'</error></testcase><testcase classname="tests.unit.test_update_order_items.TestVariantValidation" name="test_validates_variant_parent_match" time="0.005"><error message="failed on setup with &quot;AttributeError: &lt;module 'app' from '/home/runner/work/h-dcn/h-dcn/backend/handler/update_event/app.py'&gt; does not have the attribute 'orders_table'&quot;">tests/unit/test_update_order_items.py:30: in mock_dynamodb
    with patch('app.orders_table') as mock_orders, \
/opt/hostedtoolcache/Python/3.11.15/x64/lib/python3.11/unittest/mock.py:1446: in __enter__
    original, local = self.get_original()
                      ^^^^^^^^^^^^^^^^^^^
/opt/hostedtoolcache/Python/3.11.15/x64/lib/python3.11/unittest/mock.py:1419: in get_original
    raise AttributeError(
E   AttributeError: &lt;module 'app' from '/home/runner/work/h-dcn/h-dcn/backend/handler/update_event/app.py'&gt; does not have the attribute 'orders_table'</error></testcase><testcase classname="tests.unit.test_update_order_items.TestVariantValidation" name="test_rejects_variant_parent_mismatch" time="0.005"><error message="failed on setup with &quot;AttributeError: &lt;module 'app' from '/home/runner/work/h-dcn/h-dcn/backend/handler/update_event/app.py'&gt; does not have the attribute 'orders_table'&quot;">tests/unit/test_update_order_items.py:30: in mock_dynamodb
    with patch('app.orders_table') as mock_orders, \
/opt/hostedtoolcache/Python/3.11.15/x64/lib/python3.11/unittest/mock.py:1446: in __enter__
    original, local = self.get_original()
                      ^^^^^^^^^^^^^^^^^^^
/opt/hostedtoolcache/Python/3.11.15/x64/lib/python3.11/unittest/mock.py:1419: in get_original
    raise AttributeError(
E   AttributeError: &lt;module 'app' from '/home/runner/work/h-dcn/h-dcn/backend/handler/update_event/app.py'&gt; does not have the attribute 'orders_table'</error></testcase><testcase classname="tests.unit.test_update_order_items.TestVariantValidation" name="test_rejects_nonexistent_variant" time="0.005"><error message="failed on setup with &quot;AttributeError: &lt;module 'app' from '/home/runner/work/h-dcn/h-dcn/backend/handler/update_event/app.py'&gt; does not have the attribute 'orders_table'&quot;">tests/unit/test_update_order_items.py:30: in mock_dynamodb
    with patch('app.orders_table') as mock_orders, \
/opt/hostedtoolcache/Python/3.11.15/x64/lib/python3.11/unittest/mock.py:1446: in __enter__
    original, local = self.get_original()
                      ^^^^^^^^^^^^^^^^^^^
/opt/hostedtoolcache/Python/3.11.15/x64/lib/python3.11/unittest/mock.py:1419: in get_original
    raise AttributeError(
E   AttributeError: &lt;module 'app' from '/home/runner/work/h-dcn/h-dcn/backend/handler/update_event/app.py'&gt; does not have the attribute 'orders_table'</error></testcase><testcase classname="tests.unit.test_update_order_items.TestDraftAcceptsIncomplete" name="test_accepts_items_without_product_id" time="0.005"><error message="failed on setup with &quot;AttributeError: &lt;module 'app' from '/home/runner/work/h-dcn/h-dcn/backend/handler/update_event/app.py'&gt; does not have the attribute 'orders_table'&quot;">tests/unit/test_update_order_items.py:30: in mock_dynamodb
    with patch('app.orders_table') as mock_orders, \
/opt/hostedtoolcache/Python/3.11.15/x64/lib/python3.11/unittest/mock.py:1446: in __enter__
    original, local = self.get_original()
                      ^^^^^^^^^^^^^^^^^^^
/opt/hostedtoolcache/Python/3.11.15/x64/lib/python3.11/unittest/mock.py:1419: in get_original
    raise AttributeError(
E   AttributeError: &lt;module 'app' from '/home/runner/work/h-dcn/h-dcn/backend/handler/update_event/app.py'&gt; does not have the attribute 'orders_table'</error></testcase><testcase classname="tests.unit.test_update_order_items.TestDraftAcceptsIncomplete" name="test_accepts_empty_items_list" time="0.005"><error message="failed on setup with &quot;AttributeError: &lt;module 'app' from '/home/runner/work/h-dcn/h-dcn/backend/handler/update_event/app.py'&gt; does not have the attribute 'orders_table'&quot;">tests/unit/test_update_order_items.py:30: in mock_dynamodb
    with patch('app.orders_table') as mock_orders, \
/opt/hostedtoolcache/Python/3.11.15/x64/lib/python3.11/unittest/mock.py:1446: in __enter__
    original, local = self.get_original()
                      ^^^^^^^^^^^^^^^^^^^
/opt/hostedtoolcache/Python/3.11.15/x64/lib/python3.11/unittest/mock.py:1419: in get_original
    raise AttributeError(
E   AttributeError: &lt;module 'app' from '/home/runner/work/h-dcn/h-dcn/backend/handler/update_event/app.py'&gt; does not have the attribute 'orders_table'</error></testcase><testcase classname="tests.unit.test_update_order_items.TestDraftAcceptsIncomplete" name="test_accepts_partial_item_fields_data" time="0.005"><error message="failed on setup with &quot;AttributeError: &lt;module 'app' from '/home/runner/work/h-dcn/h-dcn/backend/handler/update_event/app.py'&gt; does not have the attribute 'orders_table'&quot;">tests/unit/test_update_order_items.py:30: in mock_dynamodb
    with patch('app.orders_table') as mock_orders, \
/opt/hostedtoolcache/Python/3.11.15/x64/lib/python3.11/unittest/mock.py:1446: in __enter__
    original, local = self.get_original()
                      ^^^^^^^^^^^^^^^^^^^
/opt/hostedtoolcache/Python/3.11.15/x64/lib/python3.11/unittest/mock.py:1419: in get_original
    raise AttributeError(
E   AttributeError: &lt;module 'app' from '/home/runner/work/h-dcn/h-dcn/backend/handler/update_event/app.py'&gt; does not have the attribute 'orders_table'</error></testcase><testcase classname="tests.unit.test_update_order_items.TestOrderAccess" name="test_rejects_non_draft_order" time="0.005"><error message="failed on setup with &quot;AttributeError: &lt;module 'app' from '/home/runner/work/h-dcn/h-dcn/backend/handler/update_event/app.py'&gt; does not have the attribute 'orders_table'&quot;">tests/unit/test_update_order_items.py:30: in mock_dynamodb
    with patch('app.orders_table') as mock_orders, \
/opt/hostedtoolcache/Python/3.11.15/x64/lib/python3.11/unittest/mock.py:1446: in __enter__
    original, local = self.get_original()
                      ^^^^^^^^^^^^^^^^^^^
/opt/hostedtoolcache/Python/3.11.15/x64/lib/python3.11/unittest/mock.py:1419: in get_original
    raise AttributeError(
E   AttributeError: &lt;module 'app' from '/home/runner/work/h-dcn/h-dcn/backend/handler/update_event/app.py'&gt; does not have the attribute 'orders_table'</error></testcase><testcase classname="tests.unit.test_update_order_items.TestOrderAccess" name="test_rejects_other_users_order" time="0.004"><error message="failed on setup with &quot;AttributeError: &lt;module 'app' from '/home/runner/work/h-dcn/h-dcn/backend/handler/update_event/app.py'&gt; does not have the attribute 'orders_table'&quot;">tests/unit/test_update_order_items.py:30: in mock_dynamodb
    with patch('app.orders_table') as mock_orders, \
/opt/hostedtoolcache/Python/3.11.15/x64/lib/python3.11/unittest/mock.py:1446: in __enter__
    original, local = self.get_original()
                      ^^^^^^^^^^^^^^^^^^^
/opt/hostedtoolcache/Python/3.11.15/x64/lib/python3.11/unittest/mock.py:1419: in get_original
    raise AttributeError(
E   AttributeError: &lt;module 'app' from '/home/runner/work/h-dcn/h-dcn/backend/handler/update_event/app.py'&gt; does not have the attribute 'orders_table'</error></testcase><testcase classname="tests.unit.test_update_order_items.TestOrderAccess" name="test_order_not_found" time="0.004"><error message="failed on setup with &quot;AttributeError: &lt;module 'app' from '/home/runner/work/h-dcn/h-dcn/backend/handler/update_event/app.py'&gt; does not have the attribute 'orders_table'&quot;">tests/unit/test_update_order_items.py:30: in mock_dynamodb
    with patch('app.orders_table') as mock_orders, \
/opt/hostedtoolcache/Python/3.11.15/x64/lib/python3.11/unittest/mock.py:1446: in __enter__
    original, local = self.get_original()
                      ^^^^^^^^^^^^^^^^^^^
/opt/hostedtoolcache/Python/3.11.15/x64/lib/python3.11/unittest/mock.py:1419: in get_original
    raise AttributeError(
E   AttributeError: &lt;module 'app' from '/home/runner/work/h-dcn/h-dcn/backend/handler/update_event/app.py'&gt; does not have the attribute 'orders_table'</error></testcase><testcase classname="tests.unit.test_upload_club_logo.TestUploadClubLogoHappyPath" name="test_valid_jpeg_upload_returns_200_with_logo_url" time="0.012" /><testcase classname="tests.unit.test_upload_club_logo.TestUploadClubLogoHappyPath" name="test_valid_png_upload_returns_200" time="0.003" /><testcase classname="tests.unit.test_upload_club_logo.TestUploadClubLogoHappyPath" name="test_resized_image_fits_within_200x200" time="0.005" /><testcase classname="tests.unit.test_upload_club_logo.TestUploadClubLogoSizeEdgeCases" name="test_exactly_5mb_file_is_accepted" time="0.039" /><testcase classname="tests.unit.test_upload_club_logo.TestUploadClubLogoSizeEdgeCases" name="test_5mb_plus_one_byte_is_rejected_with_413" time="0.038" /><testcase classname="tests.unit.test_upload_club_logo.TestUploadClubLogoSpecialCharacters" name="test_club_id_with_special_characters_in_s3_key" time="0.002" /><testcase classname="tests.unit.test_upload_club_logo.TestUploadClubLogoAuth" name="test_missing_auth_token_returns_401" time="0.001" /><testcase classname="tests.unit.test_upload_club_logo.TestUploadClubLogoAuth" name="test_user_with_no_club_id_returns_403" time="0.001" /><testcase classname="tests.unit.test_upload_club_logo.TestUploadClubLogoAuth" name="test_club_id_mismatch_non_admin_returns_403" time="0.001" /><testcase classname="tests.unit.test_upload_club_logo.TestUploadClubLogoAuth" name="test_admin_override_allows_any_club_id" time="0.002" /><testcase classname="tests.unit.test_upload_club_logo.TestUploadClubLogoAuth" name="test_webshop_management_admin_override" time="0.003" /><testcase classname="tests.unit.test_upload_club_logo.TestUploadClubLogoValidation" name="test_missing_image_data_returns_400" time="0.001" /><testcase classname="tests.unit.test_upload_club_logo.TestUploadClubLogoValidation" name="test_missing_club_id_returns_400" time="0.001" /><testcase classname="tests.unit.test_upload_club_logo.TestUploadClubLogoValidation" name="test_missing_content_type_returns_400" time="0.001" /><testcase classname="tests.unit.test_upload_club_logo.TestUploadClubLogoValidation" name="test_invalid_content_type_returns_400" time="0.001" /><testcase classname="tests.unit.test_upload_club_logo.TestUploadClubLogoValidation" name="test_invalid_base64_returns_400" time="0.001" /><testcase classname="tests.unit.test_upload_club_logo.TestUploadClubLogoValidation" name="test_non_image_data_returns_400" time="0.024" /><testcase classname="tests.unit.test_upload_club_logo.TestUploadClubLogoValidation" name="test_empty_body_returns_400" time="0.001" /><testcase classname="tests.unit.test_upload_club_logo_properties.TestProperty1FileSizeValidationBoundary" name="test_files_at_or_below_5mb_are_accepted" time="0.045" /><testcase classname="tests.unit.test_upload_club_logo_properties.TestProperty1FileSizeValidationBoundary" name="test_files_above_5mb_are_rejected" time="0.043" /><testcase classname="tests.unit.test_upload_club_logo_properties.TestProperty1FileSizeValidationBoundary" name="test_exact_boundary_5mb_accepted" time="0.000" /><testcase classname="tests.unit.test_upload_club_logo_properties.TestProperty1FileSizeValidationBoundary" name="test_one_byte_over_boundary_rejected" time="0.000" /><testcase classname="tests.unit.test_upload_club_logo_properties.TestProperty1FileSizeValidationBoundary" name="test_max_image_size_constant_is_5mb" time="0.000" /><testcase classname="tests.unit.test_upload_club_logo_properties.TestProperty2Base64EncodingRoundTrip" name="test_base64_encode_decode_roundtrip" time="0.044" /><testcase classname="tests.unit.test_upload_club_logo_properties.TestProperty7ServerSidePayloadSizeLimit" name="test_oversized_payload_returns_413" time="3.926" /><testcase classname="tests.unit.test_upload_club_logo_properties.TestProperty5OutputAlwaysValidPNG" name="test_output_starts_with_png_magic_bytes" time="1.316" /><testcase classname="tests.unit.test_upload_club_logo_properties.TestProperty5OutputAlwaysValidPNG" name="test_output_is_parseable_png" time="2.107" /><testcase classname="tests.unit.test_upload_club_logo_properties.TestProperty3ImageResizeFitsWithin200x200" name="test_resize_fits_within_200x200_preserving_aspect_ratio" time="0.467" /><testcase classname="tests.unit.test_upload_club_logo_properties.TestProperty8AuthorizationClubOwnershipOrAdminOverride" name="test_authorization_decision_matches_expected_logic" time="0.158" /><testcase classname="tests.unit.test_upload_club_logo_properties.TestProperty8AuthorizationClubOwnershipOrAdminOverride" name="test_own_club_always_authorized" time="0.095" /><testcase classname="tests.unit.test_upload_club_logo_properties.TestProperty8AuthorizationClubOwnershipOrAdminOverride" name="test_admin_role_always_authorized" time="0.116" /><testcase classname="tests.unit.test_upload_club_logo_properties.TestProperty8AuthorizationClubOwnershipOrAdminOverride" name="test_non_admin_different_club_denied" time="0.263" /><testcase classname="tests.unit.test_upload_club_logo_properties.TestProperty9ResponseUrlCacheBusting" name="test_successful_upload_url_contains_cache_bust_timestamp" time="0.315" /><testcase classname="tests.unit.test_upload_club_logo_properties.TestProperty4InvalidImageDataProduces400" name="test_invalid_image_returns_400_no_s3_call" time="0.149" /><testcase classname="tests.unit.test_upload_club_logo_properties.TestProperty6S3KeyConstructionMatchesPattern" name="test_s3_key_equals_expected_pattern" time="0.089" /><testcase classname="tests.unit.test_user_group_config_property.TestProperty5TestUserGroupConfigurationCorrectness" name="test_user_groups_match_requirements_exactly" time="0.005" /><testcase classname="tests.unit.test_user_group_config_property.TestProperty5TestUserGroupConfigurationCorrectness" name="test_all_configured_users_are_in_requirements" time="0.004" /><testcase classname="tests.unit.test_user_group_config_property.TestProperty5TestUserGroupConfigurationCorrectness" name="test_requirements_cover_all_seed_users" time="0.000" /><testcase classname="tests.unit.test_variant_sync" name="test_property_9_variant_generation_correct_count_and_structure" time="0.333" /><testcase classname="tests.unit.test_variant_sync" name="test_property_10_topdown_sync_preserves_unchanged_variants" time="43.029" /><testcase classname="tests.unit.test_variant_sync" name="test_property_11_bottomup_schema_derivation_reflects_active_variants" time="38.415" /></testsuite></testsuites>