<?xml version="1.0" encoding="utf-8"?><testsuites name="pytest tests"><testsuite name="pytest" errors="0" failures="33" skipped="28" tests="1378" time="2369.062" timestamp="2026-06-12T13:23:35.472034+00:00" hostname="runnervm1li68"><properties>
[...]
</properties><testcase classname="tests.integration.test_admin_endpoints.TestOrderLifecycle" name="test_full_order_lifecycle_with_stock_reservation" time="0.435" /><testcase classname="tests.integration.test_admin_endpoints.TestOrderLifecycle" name="test_unlock_transition" time="0.088" /><testcase classname="tests.integration.test_admin_endpoints.TestOrderLifecycle" name="test_invalid_backward_transition" time="0.184" /><testcase classname="tests.integration.test_admin_endpoints.TestOrderLifecycle" name="test_payment_failed_is_terminal" time="0.081" /><testcase classname="tests.integration.test_admin_endpoints.TestProductCRUD" name="test_create_default_variant_creates_correct_record" time="0.208" /><testcase classname="tests.integration.test_admin_endpoints.TestProductCRUD" name="test_generate_variant_combinations_correct_count" time="0.082" /><testcase classname="tests.integration.test_admin_endpoints.TestProductCRUD" name="test_generate_variant_combinations_empty_schema" time="0.084" /><testcase classname="tests.integration.test_admin_endpoints.TestProductCRUD" name="test_should_remove_default_variant_logic" time="0.213" /><testcase classname="tests.integration.test_admin_endpoints.TestProductCRUD" name="test_validate_product_accepts_valid_payloads" time="0.083" /><testcase classname="tests.integration.test_admin_endpoints.TestProductCRUD" name="test_validate_product_rejects_invalid_min_max" time="0.211" /><testcase classname="tests.integration.test_admin_endpoints.TestProductCRUD" name="test_validate_product_rejects_invalid_schema" time="0.083" /><testcase classname="tests.integration.test_admin_endpoints.TestProductCRUD" name="test_validate_variant_attributes_valid" time="0.082" /><testcase classname="tests.integration.test_admin_endpoints.TestProductCRUD" name="test_validate_variant_attributes_invalid_value" time="0.219" /><testcase classname="tests.integration.test_admin_endpoints.TestProductCRUD" name="test_validate_variant_attributes_missing_required" time="0.083" /><testcase classname="tests.integration.test_admin_endpoints.TestPaymentRecording" name="test_compute_payment_aggregates_multiple_orders" time="0.082" /><testcase classname="tests.integration.test_admin_endpoints.TestPaymentRecording" name="test_compute_payment_aggregates_empty_list" time="0.232" /><testcase classname="tests.integration.test_admin_endpoints.TestPaymentRecording" name="test_partial_payment_updates_order_correctly" time="0.099" /><testcase classname="tests.integration.test_admin_endpoints.TestPaymentRecording" name="test_aggregate_with_real_dynamo_orders" time="0.231" /><testcase classname="tests.integration.test_admin_endpoints.TestReportGeneration" name="test_reserve_stock_creates_sale_movements" time="0.095" /><testcase classname="tests.integration.test_admin_endpoints.TestReportGeneration" name="test_create_inbound_movement_writes_to_table" time="0.089" /><testcase classname="tests.integration.test_admin_endpoints.TestReportGeneration" name="test_report_snapshot_to_s3" time="0.238" /><testcase classname="tests.integration.test_admin_endpoints.TestReportGeneration" name="test_report_export_csv_format" time="0.090" /><testcase classname="tests.integration.test_admin_endpoints.TestReportGeneration" name="test_multiple_sale_movements_from_multi_item_order" time="0.235" /><testcase classname="tests.integration.test_api_gateway.TestApiGateway" name="test_all_apis" time="0.000"><skipped type="pytest.skip" message="AWS_SAM_STACK_NAME environment variable not set. These tests require a deployed stack.">/home/runner/work/h-dcn/h-dcn/backend/tests/integration/test_api_gateway.py:701: AWS_SAM_STACK_NAME environment variable not set. These tests require a deployed stack.</skipped></testcase><testcase classname="tests.integration.test_api_gateway.TestApiGateway" name="test_carts_api" time="0.000"><skipped type="pytest.skip" message="AWS_SAM_STACK_NAME environment variable not set. These tests require a deployed stack.">/home/runner/work/h-dcn/h-dcn/backend/tests/integration/test_api_gateway.py:316: AWS_SAM_STACK_NAME environment variable not set. These tests require a deployed stack.</skipped></testcase><testcase classname="tests.integration.test_api_gateway.TestApiGateway" name="test_cognito_admin_api" time="0.000"><skipped type="pytest.skip" message="AWS_SAM_STACK_NAME environment variable not set. These tests require a deployed stack.">/home/runner/work/h-dcn/h-dcn/backend/tests/integration/test_api_gateway.py:453: AWS_SAM_STACK_NAME environment variable not set. These tests require a deployed stack.</skipped></testcase><testcase classname="tests.integration.test_api_gateway.TestApiGateway" name="test_events_api" time="0.000"><skipped type="pytest.skip" message="AWS_SAM_STACK_NAME environment variable not set. These tests require a deployed stack.">/home/runner/work/h-dcn/h-dcn/backend/tests/integration/test_api_gateway.py:229: AWS_SAM_STACK_NAME environment variable not set. These tests require a deployed stack.</skipped></testcase><testcase classname="tests.integration.test_api_gateway.TestApiGateway" name="test_members_api" time="0.000"><skipped type="pytest.skip" message="AWS_SAM_STACK_NAME environment variable not set. These tests require a deployed stack.">/home/runner/work/h-dcn/h-dcn/backend/tests/integration/test_api_gateway.py:128: AWS_SAM_STACK_NAME environment variable not set. These tests require a deployed stack.</skipped></testcase><testcase classname="tests.integration.test_api_gateway.TestApiGateway" name="test_memberships_api" time="0.000"><skipped type="pytest.skip" message="AWS_SAM_STACK_NAME environment variable not set. These tests require a deployed stack.">/home/runner/work/h-dcn/h-dcn/backend/tests/integration/test_api_gateway.py:273: AWS_SAM_STACK_NAME environment variable not set. These tests require a deployed stack.</skipped></testcase><testcase classname="tests.integration.test_api_gateway.TestApiGateway" name="test_orders_api" time="0.000"><skipped type="pytest.skip" message="AWS_SAM_STACK_NAME environment variable not set. These tests require a deployed stack.">/home/runner/work/h-dcn/h-dcn/backend/tests/integration/test_api_gateway.py:355: AWS_SAM_STACK_NAME environment variable not set. These tests require a deployed stack.</skipped></testcase><testcase classname="tests.integration.test_api_gateway.TestApiGateway" name="test_parameters_api" time="0.000"><skipped type="pytest.skip" message="AWS_SAM_STACK_NAME environment variable not set. These tests require a deployed stack.">/home/runner/work/h-dcn/h-dcn/backend/tests/integration/test_api_gateway.py:398: AWS_SAM_STACK_NAME environment variable not set. These tests require a deployed stack.</skipped></testcase><testcase classname="tests.integration.test_api_gateway.TestApiGateway" name="test_payments_api" time="0.000"><skipped type="pytest.skip" message="AWS_SAM_STACK_NAME environment variable not set. These tests require a deployed stack.">/home/runner/work/h-dcn/h-dcn/backend/tests/integration/test_api_gateway.py:178: AWS_SAM_STACK_NAME environment variable not set. These tests require a deployed stack.</skipped></testcase><testcase classname="tests.integration.test_api_gateway.TestApiGateway" name="test_products_api" time="0.000"><skipped type="pytest.skip" message="AWS_SAM_STACK_NAME environment variable not set. These tests require a deployed stack.">/home/runner/work/h-dcn/h-dcn/backend/tests/integration/test_api_gateway.py:77: AWS_SAM_STACK_NAME environment variable not set. These tests require a deployed stack.</skipped></testcase><testcase classname="tests.integration.test_auth_performance.TestAuthenticationPerformance" name="test_credential_extraction_performance" time="0.053" /><testcase classname="tests.integration.test_auth_performance.TestAuthenticationPerformance" name="test_permission_validation_performance" time="0.003" /><testcase classname="tests.integration.test_auth_performance.TestAuthenticationPerformance" name="test_regional_access_performance" time="0.002" /><testcase classname="tests.integration.test_auth_performance.TestAuthenticationPerformance" name="test_complete_auth_flow_performance" time="0.010" /><testcase classname="tests.integration.test_auth_performance.TestAuthenticationConcurrency" name="test_concurrent_credential_extraction" time="0.290" /><testcase classname="tests.integration.test_auth_performance.TestAuthenticationConcurrency" name="test_concurrent_permission_validation" time="0.005" /><testcase classname="tests.integration.test_auth_performance.TestAuthenticationConcurrency" name="test_concurrent_complete_auth_flows" time="0.047" /><testcase classname="tests.integration.test_auth_performance.TestAuthenticationMemoryUsage" name="test_memory_usage_with_large_role_sets" time="0.009" /><testcase classname="tests.integration.test_auth_performance.TestAuthenticationMemoryUsage" name="test_memory_usage_with_many_users" time="0.071" /><testcase classname="tests.integration.test_auth_performance.TestAuthenticationStressTest" name="test_high_frequency_auth_requests" time="0.262" /><testcase classname="tests.integration.test_auth_performance.TestAuthenticationStressTest" name="test_burst_load_handling" time="1.304" /><testcase classname="tests.integration.test_auth_system_failures.TestAuthSystemFailureIntegration" name="test_handler_with_auth_import_failure" time="0.002" /><testcase classname="tests.integration.test_auth_system_failures.TestAuthSystemFailureIntegration" name="test_handler_options_request_during_failure" time="0.001" /><testcase classname="tests.integration.test_auth_system_failures.TestAuthSystemFailureIntegration" name="test_multiple_handler_failure_scenarios" time="0.002" /><testcase classname="tests.integration.test_auth_system_failures.TestAuthSystemFailureIntegration" name="test_auth_function_internal_failure" time="0.015" /><testcase classname="tests.integration.test_auth_system_failures.TestAuthSystemFailureIntegration" name="test_permission_validation_internal_failure" time="0.001" /><testcase classname="tests.integration.test_auth_system_failures.TestAuthSystemRecovery" name="test_auth_system_recovery_after_failure" time="0.002" /><testcase classname="tests.integration.test_auth_system_failures.TestAuthSystemRecovery" name="test_partial_auth_system_failure" time="0.001" /><testcase classname="tests.integration.test_auth_system_failures.TestLoggingDuringFailures" name="test_structured_logging_during_auth_failure" time="0.001" /><testcase classname="tests.integration.test_auth_system_failures.TestLoggingDuringFailures" name="test_cloudwatch_log_group_identification" time="0.001" /><testcase classname="tests.integration.test_auth_system_failures.TestLoggingDuringFailures" name="test_contact_information_in_logs" time="0.001" /><testcase classname="tests.integration.test_auth_system_failures.TestCORSHandlingDuringFailures" name="test_cors_headers_in_maintenance_response" time="0.000" /><testcase classname="tests.integration.test_auth_system_failures.TestCORSHandlingDuringFailures" name="test_cors_headers_in_auth_error_responses" time="0.001" /><testcase classname="tests.integration.test_auth_system_failures.TestCORSHandlingDuringFailures" name="test_options_request_during_auth_failure" time="0.001" /><testcase classname="tests.integration.test_auth_system_failures.TestErrorResponseConsistency" name="test_maintenance_response_format_consistency" time="0.001" /><testcase classname="tests.integration.test_auth_system_failures.TestErrorResponseConsistency" name="test_auth_error_response_format_consistency" time="0.001" /><testcase classname="tests.integration.test_member_reporting_e2e.TestCompleteUserFlowE2E" name="test_regional_user_complete_flow_utrecht" time="0.000"><skipped type="pytest.skip" message="Regional user JWT not configured">/home/runner/work/h-dcn/h-dcn/backend/tests/integration/test_member_reporting_e2e.py:58: Regional user JWT not configured</skipped></testcase><testcase classname="tests.integration.test_member_reporting_e2e.TestCompleteUserFlowE2E" name="test_regional_user_complete_flow_zuid_holland" time="0.000"><skipped type="pytest.skip" message="Regional user JWT not configured">/home/runner/work/h-dcn/h-dcn/backend/tests/integration/test_member_reporting_e2e.py:136: Regional user JWT not configured</skipped></testcase><testcase classname="tests.integration.test_member_reporting_e2e.TestCompleteUserFlowE2E" name="test_regio_all_user_complete_flow" time="0.000"><skipped type="pytest.skip" message="Regio_All user JWT not configured">/home/runner/work/h-dcn/h-dcn/backend/tests/integration/test_member_reporting_e2e.py:165: Regio_All user JWT not configured</skipped></testcase><testcase classname="tests.integration.test_member_reporting_e2e.TestCompleteUserFlowE2E" name="test_crud_user_refresh_flow" time="0.000"><skipped type="pytest.skip" message="CRUD user JWT not configured">/home/runner/work/h-dcn/h-dcn/backend/tests/integration/test_member_reporting_e2e.py:210: CRUD user JWT not configured</skipped></testcase><testcase classname="tests.integration.test_member_reporting_e2e.TestSessionStorageCaching" name="test_cache_performance_benefit" time="0.000"><skipped type="pytest.skip" message="Regional user JWT not configured">/home/runner/work/h-dcn/h-dcn/backend/tests/integration/test_member_reporting_e2e.py:269: Regional user JWT not configured</skipped></testcase><testcase classname="tests.integration.test_member_reporting_e2e.TestPerformanceRequirements" name="test_regional_user_load_time_requirement" time="0.000"><skipped type="pytest.skip" message="Regional user JWT not configured">/home/runner/work/h-dcn/h-dcn/backend/tests/integration/test_member_reporting_e2e.py:325: Regional user JWT not configured</skipped></testcase><testcase classname="tests.integration.test_member_reporting_e2e.TestPerformanceRequirements" name="test_regio_all_user_load_time_requirement" time="0.000"><skipped type="pytest.skip" message="Regio_All user JWT not configured">/home/runner/work/h-dcn/h-dcn/backend/tests/integration/test_member_reporting_e2e.py:368: Regio_All user JWT not configured</skipped></testcase><testcase classname="tests.integration.test_member_reporting_e2e.TestPerformanceRequirements" name="test_filter_response_time_requirement" time="0.000"><skipped type="pytest.skip" message="Regional user JWT not configured">/home/runner/work/h-dcn/h-dcn/backend/tests/integration/test_member_reporting_e2e.py:408: Regional user JWT not configured</skipped></testcase><testcase classname="tests.integration.test_member_reporting_e2e.TestErrorScenarios" name="test_missing_jwt_token" time="0.294" /><testcase classname="tests.integration.test_member_reporting_e2e.TestErrorScenarios" name="test_invalid_jwt_token" time="0.272" /><testcase classname="tests.integration.test_member_reporting_e2e.TestErrorScenarios" name="test_network_timeout_handling" time="0.016" /><testcase classname="tests.integration.test_member_reporting_e2e.TestDataIntegrity" name="test_decimal_conversion_in_response" time="0.000"><skipped type="pytest.skip" message="Regional user JWT not configured">/home/runner/work/h-dcn/h-dcn/backend/tests/integration/test_member_reporting_e2e.py:541: Regional user JWT not configured</skipped></testcase><testcase classname="tests.integration.test_member_reporting_e2e.TestDataIntegrity" name="test_response_structure" time="0.000"><skipped type="pytest.skip" message="Regional user JWT not configured">/home/runner/work/h-dcn/h-dcn/backend/tests/integration/test_member_reporting_e2e.py:584: Regional user JWT not configured</skipped></testcase><testcase classname="tests.integration.test_member_reporting_integration.TestCompleteUserFlow" name="test_regional_user_flow_utrecht" time="0.078" /><testcase classname="tests.integration.test_member_reporting_integration.TestCompleteUserFlow" name="test_regional_user_flow_zuid_holland" time="0.074" /><testcase classname="tests.integration.test_member_reporting_integration.TestCompleteUserFlow" name="test_regio_all_user_flow" time="0.203" /><testcase classname="tests.integration.test_member_reporting_integration.TestCompleteUserFlow" name="test_crud_user_permissions" time="0.080" /><testcase classname="tests.integration.test_member_reporting_integration.TestPerformance" name="test_regional_user_load_time" time="0.100" /><testcase classname="tests.integration.test_member_reporting_integration.TestPerformance" name="test_decimal_conversion_performance" time="0.005" /><testcase classname="tests.integration.test_member_reporting_integration.TestErrorScenarios" name="test_missing_jwt_token" time="0.197" /><testcase classname="tests.integration.test_member_reporting_integration.TestErrorScenarios" name="test_invalid_permissions" time="0.069" /><testcase classname="tests.integration.test_member_reporting_integration.TestErrorScenarios" name="test_empty_database" time="0.061" /><testcase classname="tests.integration.test_member_reporting_integration.TestErrorScenarios" name="test_malformed_member_data" time="0.076" /><testcase classname="tests.integration.test_member_reporting_integration.TestRegionalIsolation" name="test_regional_user_cannot_see_other_regions" time="0.212" /><testcase classname="tests.integration.test_member_reporting_integration.TestRegionalIsolation" name="test_all_statuses_included_for_regional_users" time="0.088" /><testcase classname="tests.integration.test_member_reporting_integration.TestDecimalConversion" name="test_decimal_to_int_conversion" time="0.001" /><testcase classname="tests.integration.test_member_reporting_integration.TestDecimalConversion" name="test_decimal_to_float_conversion" time="0.001" /><testcase classname="tests.integration.test_member_reporting_integration.TestDecimalConversion" name="test_nested_decimal_conversion" time="0.001" /><testcase classname="tests.integration.test_member_reporting_integration.TestDecimalConversion" name="test_list_decimal_conversion" time="0.001" /><testcase classname="tests.integration.test_member_reporting_integration.TestDecimalConversion" name="test_json_serialization_after_conversion" time="0.086" /><testcase classname="tests.integration.test_payment_confirmation_flow.TestMollieWebhookPaidConfirmation" name="test_webhook_paid_transitions_and_invoice" time="0.249" /><testcase classname="tests.integration.test_payment_confirmation_flow.TestAdminConfirmPayment" name="test_admin_confirm_transitions_and_invoice" time="0.103" /><testcase classname="tests.integration.test_payment_confirmation_flow.TestCoupledTransition" name="test_webhook_paid_couples_status_confirmed" time="0.101" /><testcase classname="tests.integration.test_payment_confirmation_flow.TestCoupledTransition" name="test_admin_confirm_couples_status_confirmed" time="0.214" /><testcase classname="tests.integration.test_payment_confirmation_flow.TestDuplicateWebhook" name="test_duplicate_webhook_no_change" time="0.108" /><testcase classname="tests.integration.test_payment_confirmation_flow.TestFailedWebhook" name="test_failed_webhook_no_invoice_status_unchanged" time="0.090" /><testcase classname="tests.integration.test_submit_order_flow.TestSubmitOrderHappyPath" name="test_submit_draft_order_success" time="0.248" /><testcase classname="tests.integration.test_submit_order_flow.TestSubmitOrderHappyPath" name="test_submit_order_without_item_fields_product" time="0.098" /><testcase classname="tests.integration.test_submit_order_flow.TestSubmitOrderHappyPath" name="test_sequential_order_numbers" time="0.248" /><testcase classname="tests.integration.test_submit_order_flow.TestSubmitOrderItemFieldsValidation" name="test_missing_item_fields_data_rejected" time="0.095" /><testcase classname="tests.integration.test_submit_order_flow.TestSubmitOrderItemFieldsValidation" name="test_empty_required_field_rejected" time="0.101" /><testcase classname="tests.integration.test_submit_order_flow.TestSubmitOrderItemFieldsValidation" name="test_wrong_count_item_fields_data_rejected" time="0.256" /><testcase classname="tests.integration.test_submit_order_flow.TestSubmitOrderItemFieldsValidation" name="test_invalid_email_format_rejected" time="0.097" /><testcase classname="tests.integration.test_submit_order_flow.TestSubmitOrderPurchaseRules" name="test_max_per_order_exceeded_rejected" time="0.096" /><testcase classname="tests.integration.test_submit_order_flow.TestSubmitOrderPurchaseRules" name="test_within_limits_accepted" time="0.269" /><testcase classname="tests.integration.test_submit_order_flow.TestSubmitOrderStateMachine" name="test_submit_already_submitted_rejected" time="0.090" /><testcase classname="tests.integration.test_submit_order_flow.TestSubmitOrderStateMachine" name="test_submit_confirmed_order_rejected" time="0.086" /><testcase classname="tests.integration.test_submit_order_flow.TestSubmitOrderStateMachine" name="test_submit_cancelled_order_rejected" time="0.245" /><testcase classname="tests.integration.test_unified_pipeline.TestFullOrderLifecycle" name="test_full_lifecycle_ideal_payment" time="0.120" /><testcase classname="tests.integration.test_unified_pipeline.TestFullOrderLifecycle" name="test_webhook_idempotent_no_double_reservation" time="0.121" /><testcase classname="tests.integration.test_unified_pipeline.TestFullOrderLifecycle" name="test_failed_payment_webhook_marks_order_failed" time="0.260" /><testcase classname="tests.integration.test_unified_pipeline.TestPurchaseRulesEndToEnd" name="test_max_per_member_exceeded_rejected" time="0.105"><skipped type="pytest.xfail" message="Purchase rules not enforced at create_order time in unified model" /></testcase><testcase classname="tests.integration.test_unified_pipeline.TestPurchaseRulesEndToEnd" name="test_max_per_club_exceeded_rejected" time="0.262"><skipped type="pytest.xfail" message="Purchase rules not enforced at create_order time in unified model" /></testcase><testcase classname="tests.integration.test_unified_pipeline.TestPurchaseRulesEndToEnd" name="test_max_per_order_exceeded_rejected" time="0.104"><skipped type="pytest.xfail" message="Purchase rules not enforced at create_order time in unified model" /></testcase><testcase classname="tests.integration.test_unified_pipeline.TestPurchaseRulesEndToEnd" name="test_within_limits_accepted" time="0.105" /><testcase classname="tests.integration.test_unified_pipeline.TestItemFieldsValidationEndToEnd" name="test_missing_required_fields_rejected" time="0.298"><skipped type="pytest.xfail" message="Item fields not validated at create_order time in unified model" /></testcase><testcase classname="tests.integration.test_unified_pipeline.TestItemFieldsValidationEndToEnd" name="test_wrong_item_fields_count_rejected" time="0.108"><skipped type="pytest.xfail" message="Item fields not validated at create_order time in unified model" /></testcase><testcase classname="tests.integration.test_unified_pipeline.TestItemFieldsValidationEndToEnd" name="test_constraint_violation_rejected" time="0.107"><skipped type="pytest.xfail" message="Item fields not validated at create_order time in unified model" /></testcase><testcase classname="tests.integration.test_unified_pipeline.TestItemFieldsValidationEndToEnd" name="test_valid_fields_accepted" time="0.284"><skipped type="pytest.xfail" message="Item fields flattening not implemented at create_order time in unified model" /></testcase><testcase classname="tests.integration.test_unified_pipeline.TestEventBasedProductFiltering" name="test_webshop_request_shows_generic_products_only" time="0.102" /><testcase classname="tests.integration.test_unified_pipeline.TestEventBasedProductFiltering" name="test_event_request_shows_event_products" time="0.095" /><testcase classname="tests.integration.test_unified_pipeline.TestEventBasedProductFiltering" name="test_no_roles_returns_403" time="0.265" /><testcase classname="tests.integration.test_unified_pipeline.TestMigrationScripts" name="test_migrate_opties_to_variants" time="0.133" /><testcase classname="tests.integration.test_unified_pipeline.TestMigrationScripts" name="test_migrate_presmeet_config" time="0.125" /><testcase classname="tests.integration.test_unified_pipeline.TestMigrationScripts" name="test_migrate_cart_selectedoption" time="0.297" /><testcase classname="tests.integration.test_unified_pipeline.TestMigrationScripts" name="test_migrate_cart_unmatched_logged" time="0.098" /><testcase classname="tests.unit.test_admin_create_product" name="test_create_simple_product_with_default_variant" time="0.072" /><testcase classname="tests.unit.test_admin_create_product" name="test_create_product_with_variant_schema" time="0.250" /><testcase classname="tests.unit.test_admin_create_product" name="test_create_product_with_order_item_fields" time="0.066" /><testcase classname="tests.unit.test_admin_create_product" name="test_create_product_with_purchase_rules" time="0.067" /><testcase classname="tests.unit.test_admin_create_product" name="test_create_product_with_catalog_fields" time="0.066" /><testcase classname="tests.unit.test_admin_create_product" name="test_invalid_variant_schema_rejected" time="0.261" /><testcase classname="tests.unit.test_admin_create_product" name="test_invalid_purchase_rules_rejected" time="0.066" /><testcase classname="tests.unit.test_admin_create_product" name="test_invalid_images_rejected" time="0.064" /><testcase classname="tests.unit.test_admin_create_product" name="test_all_three_fields_together" time="0.070" /><testcase classname="tests.unit.test_admin_create_product" name="test_invalid_json_body" time="0.250" /><testcase classname="tests.unit.test_admin_create_product" name="test_groep_too_long_rejected" time="0.065" /><testcase classname="tests.unit.test_admin_get_orders" name="test_handler_exists" time="0.001" /><testcase classname="tests.unit.test_admin_get_orders" name="test_returns_401_without_auth" time="0.001" /><testcase classname="tests.unit.test_admin_lock_unlock_orders.TestAdminLockOrders" name="test_lock_single_submitted_order" time="0.091" /><testcase classname="tests.unit.test_admin_lock_unlock_orders.TestAdminLockOrders" name="test_lock_single_order_records_status_history" time="0.082" /><testcase classname="tests.unit.test_admin_lock_unlock_orders.TestAdminLockOrders" name="test_lock_single_order_persisted_in_dynamodb" time="0.258" /><testcase classname="tests.unit.test_admin_lock_unlock_orders.TestAdminLockOrders" name="test_lock_non_submitted_order_returns_400" time="0.077" /><testcase classname="tests.unit.test_admin_lock_unlock_orders.TestAdminLockOrders" name="test_lock_already_locked_order_returns_400" time="0.077" /><testcase classname="tests.unit.test_admin_lock_unlock_orders.TestAdminLockOrders" name="test_lock_nonexistent_order_returns_404" time="0.073" /><testcase classname="tests.unit.test_admin_lock_unlock_orders.TestAdminLockOrders" name="test_lock_concurrency_conflict_returns_409" time="0.291" /><testcase classname="tests.unit.test_admin_lock_unlock_orders.TestAdminLockOrders" name="test_non_admin_returns_403" time="0.075" /><testcase classname="tests.unit.test_admin_lock_unlock_orders.TestAdminLockOrders" name="test_webshop_management_without_regio_returns_403" time="0.074" /><testcase classname="tests.unit.test_admin_lock_unlock_orders.TestAdminLockOrders" name="test_regio_all_grants_access" time="0.085" /><testcase classname="tests.unit.test_admin_lock_unlock_orders.TestAdminLockOrders" name="test_bulk_lock_all_submitted_orders" time="0.324" /><testcase classname="tests.unit.test_admin_lock_unlock_orders.TestAdminLockOrders" name="test_bulk_lock_filters_by_event_id" time="0.086" /><testcase classname="tests.unit.test_admin_lock_unlock_orders.TestAdminLockOrders" name="test_options_request_returns_200" time="0.071" /><testcase classname="tests.unit.test_admin_lock_unlock_orders.TestAdminLockOrders" name="test_invalid_json_body_returns_400" time="0.072" /><testcase classname="tests.unit.test_admin_lock_unlock_orders.TestAdminUnlockOrder" name="test_unlock_locked_order_with_open_event" time="0.096" /><testcase classname="tests.unit.test_admin_lock_unlock_orders.TestAdminUnlockOrder" name="test_unlock_records_status_history" time="0.090" /><testcase classname="tests.unit.test_admin_lock_unlock_orders.TestAdminUnlockOrder" name="test_unlock_persisted_in_dynamodb" time="0.381" /><testcase classname="tests.unit.test_admin_lock_unlock_orders.TestAdminUnlockOrder" name="test_unlock_rejected_when_event_closed" time="0.090" /><testcase classname="tests.unit.test_admin_lock_unlock_orders.TestAdminUnlockOrder" name="test_unlock_allowed_when_no_event_record" time="0.091" /><testcase classname="tests.unit.test_admin_lock_unlock_orders.TestAdminUnlockOrder" name="test_unlock_allowed_when_order_has_no_event_id" time="0.089" /><testcase classname="tests.unit.test_admin_lock_unlock_orders.TestAdminUnlockOrder" name="test_unlock_non_locked_order_returns_400" time="0.084" /><testcase classname="tests.unit.test_admin_lock_unlock_orders.TestAdminUnlockOrder" name="test_unlock_draft_order_returns_400" time="0.083" /><testcase classname="tests.unit.test_admin_lock_unlock_orders.TestAdminUnlockOrder" name="test_unlock_nonexistent_order_returns_404" time="0.078" /><testcase classname="tests.unit.test_admin_lock_unlock_orders.TestAdminUnlockOrder" name="test_unlock_concurrency_conflict_returns_409" time="0.423" /><testcase classname="tests.unit.test_admin_lock_unlock_orders.TestAdminUnlockOrder" name="test_non_admin_returns_403" time="0.080" /><testcase classname="tests.unit.test_admin_lock_unlock_orders.TestAdminUnlockOrder" name="test_webshop_management_without_regio_returns_403" time="0.079" /><testcase classname="tests.unit.test_admin_lock_unlock_orders.TestAdminUnlockOrder" name="test_regio_all_grants_access" time="0.093" /><testcase classname="tests.unit.test_admin_lock_unlock_orders.TestAdminUnlockOrder" name="test_missing_order_id_returns_400" time="0.076" /><testcase classname="tests.unit.test_admin_lock_unlock_orders.TestAdminUnlockOrder" name="test_options_request_returns_200" time="0.075" /><testcase classname="tests.unit.test_admin_properties.TestProperty8StateTransitionValidity" name="test_transition_validity_matches_rules" time="0.537" /><testcase classname="tests.unit.test_admin_properties.TestProperty8StateTransitionValidity" name="test_payment_failed_is_terminal" time="0.009" /><testcase classname="tests.unit.test_admin_properties.TestProperty8StateTransitionValidity" name="test_forward_transitions_are_valid" time="0.068" /><testcase classname="tests.unit.test_admin_properties.TestProperty4ProductValidationConstraints" name="test_min_exceeds_max_rejected" time="0.122" /><testcase classname="tests.unit.test_admin_properties.TestProperty4ProductValidationConstraints" name="test_min_leq_max_accepted" time="0.052" /><testcase classname="tests.unit.test_admin_properties.TestProperty4ProductValidationConstraints" name="test_malformed_required_attributes_rejected" time="1.170" /><testcase classname="tests.unit.test_admin_properties.TestProperty12PaymentAggregateCorrectness" name="test_aggregates_equal_sums" time="0.069" /><testcase classname="tests.unit.test_admin_properties.TestProperty12PaymentAggregateCorrectness" name="test_outstanding_is_charged_minus_paid" time="0.095" /><testcase classname="tests.unit.test_admin_properties.TestProperty10StockReservationTargetsVariants" name="test_reserve_stock_calls_update_on_variant_ids" time="0.600" /><testcase classname="tests.unit.test_admin_properties.TestProperty10StockReservationTargetsVariants" name="test_reserve_stock_never_targets_parent_product" time="0.554" /><testcase classname="tests.unit.test_admin_properties.TestProperty18InboundStockMovementConsistency" name="test_inbound_movement_fields_correct" time="0.345" /><testcase classname="tests.unit.test_admin_properties.TestProperty19SaleMovementAutoCreation" name="test_sale_movements_created_per_line_item" time="0.481" /><testcase classname="tests.unit.test_admin_properties.TestProperty7BulkVariantGeneration" name="test_generates_correct_cartesian_product_count" time="0.382" /><testcase classname="tests.unit.test_admin_properties.TestProperty7BulkVariantGeneration" name="test_all_combinations_are_unique" time="0.371" /><testcase classname="tests.unit.test_admin_properties.TestProperty6VariantAggregationCorrectness" name="test_aggregated_stock_equals_sum" time="0.092" /><testcase classname="tests.unit.test_admin_properties.TestProperty6VariantAggregationCorrectness" name="test_empty_variants_aggregate_to_zero" time="0.085" /><testcase classname="tests.unit.test_admin_properties.TestProperty16DefaultVariantAutoCreationAndRemoval" name="test_default_variant_has_correct_fields" time="0.120" /><testcase classname="tests.unit.test_admin_properties.TestProperty16DefaultVariantAutoCreationAndRemoval" name="test_should_remove_when_only_default_and_new_has_attributes" time="0.161" /><testcase classname="tests.unit.test_admin_properties.TestProperty16DefaultVariantAutoCreationAndRemoval" name="test_should_not_remove_when_existing_has_attribute_variants" time="0.223" /><testcase classname="tests.unit.test_admin_properties.TestProperty16DefaultVariantAutoCreationAndRemoval" name="test_should_not_remove_when_new_has_only_defaults" time="0.005" /><testcase classname="tests.unit.test_admin_properties.TestProperty15OversellControlPerVariant" name="test_oversell_true_always_allows" time="0.035" /><testcase classname="tests.unit.test_admin_properties.TestProperty15OversellControlPerVariant" name="test_oversell_false_zero_stock_rejects" time="0.055" /><testcase classname="tests.unit.test_admin_properties.TestProperty15OversellControlPerVariant" name="test_oversell_false_insufficient_stock_rejects" time="0.128" /><testcase classname="tests.unit.test_admin_properties.TestProperty15OversellControlPerVariant" name="test_oversell_false_sufficient_stock_allows" time="0.045" /><testcase classname="tests.unit.test_admin_properties.TestProperty2EventIdFilterCorrectness" name="test_filtered_result_contains_only_matching_records" time="0.412" /><testcase classname="tests.unit.test_admin_properties.TestProperty2EventIdFilterCorrectness" name="test_all_filter_returns_all_records" time="0.479" /><testcase classname="tests.unit.test_admin_properties.TestProperty2EventIdFilterCorrectness" name="test_filtered_count_matches_matching_records" time="0.944" /><testcase classname="tests.unit.test_admin_properties.TestProperty17CartAlwaysLinksToVariant" name="test_cart_items_have_variant_id_set" time="0.586" /><testcase classname="tests.unit.test_admin_properties.TestProperty17CartAlwaysLinksToVariant" name="test_cart_variant_id_matches_variant_pattern" time="0.814" /><testcase classname="tests.unit.test_admin_properties.TestProperty17CartAlwaysLinksToVariant" name="test_cart_never_references_parent_product_for_stock" time="1.027" /><testcase classname="tests.unit.test_admin_record_payment" name="test_handler_exists" time="0.001" /><testcase classname="tests.unit.test_admin_record_payment" name="test_returns_401_without_auth" time="0.001" /><testcase classname="tests.unit.test_admin_record_payment_properties.TestProperty7PaymentHandlerInputValidation" name="test_missing_order_id_returns_400" time="1.426" /><testcase classname="tests.unit.test_admin_record_payment_properties.TestProperty7PaymentHandlerInputValidation" name="test_non_numeric_amount_returns_400" time="1.513" /><testcase classname="tests.unit.test_admin_record_payment_properties.TestProperty7PaymentHandlerInputValidation" name="test_amount_outside_range_returns_400" time="1.422" /><testcase classname="tests.unit.test_admin_record_payment_properties.TestProperty7PaymentHandlerInputValidation" name="test_missing_date_returns_400" time="0.933" /><testcase classname="tests.unit.test_admin_record_payment_properties.TestProperty7PaymentHandlerInputValidation" name="test_invalid_date_format_returns_400" time="1.543" /><testcase classname="tests.unit.test_admin_record_payment_properties.TestProperty7PaymentHandlerInputValidation" name="test_missing_order_id_does_not_modify_db" time="14.199" /><testcase classname="tests.unit.test_admin_record_payment_properties.TestProperty7PaymentHandlerInputValidation" name="test_invalid_amount_does_not_modify_db" time="14.174" /><testcase classname="tests.unit.test_admin_update_product.TestAdminUpdateProductBasicFields" name="test_update_groep_subgroep" time="0.088" /><testcase classname="tests.unit.test_admin_update_product.TestAdminUpdateProductBasicFields" name="test_update_images" time="0.086" /><testcase classname="tests.unit.test_admin_update_product.TestAdminUpdateProductBasicFields" name="test_update_nonexistent_product_returns_404" time="0.076" /><testcase classname="tests.unit.test_admin_update_product.TestAdminUpdateProductBasicFields" name="test_cannot_update_variant_record" time="0.080" /><testcase classname="tests.unit.test_admin_update_product.TestAdminUpdateProductNewFieldsValidation" name="test_invalid_variant_schema_rejected" time="0.078" /><testcase classname="tests.unit.test_admin_update_product.TestAdminUpdateProductNewFieldsValidation" name="test_invalid_order_item_fields_rejected" time="0.077" /><testcase classname="tests.unit.test_admin_update_product.TestAdminUpdateProductNewFieldsValidation" name="test_invalid_purchase_rules_rejected" time="0.671" /><testcase classname="tests.unit.test_admin_update_product.TestAdminUpdateProductNewFieldsValidation" name="test_valid_order_item_fields_accepted" time="0.087" /><testcase classname="tests.unit.test_admin_update_product.TestAdminUpdateProductNewFieldsValidation" name="test_valid_purchase_rules_accepted" time="0.086" /><testcase classname="tests.unit.test_admin_update_product.TestAdminUpdateProductVariantRegeneration" name="test_variant_schema_change_regenerates_variants" time="0.101" /><testcase classname="tests.unit.test_admin_update_product.TestAdminUpdateProductVariantRegeneration" name="test_removing_variant_schema_deactivates_variants" time="0.094" /><testcase classname="tests.unit.test_admin_update_product.TestAdminUpdateProductVariantRegeneration" name="test_same_variant_schema_no_regeneration" time="0.094" /><testcase classname="tests.unit.test_admin_update_product.TestAdminUpdateProductVariantRegeneration" name="test_update_without_variant_schema_no_regeneration" time="0.087" /><testcase classname="tests.unit.test_admin_update_product.TestAdminUpdateProductVariantRegeneration" name="test_multi_axis_variant_schema_regeneration" time="0.101" /><testcase classname="tests.unit.test_auth_logging.TestStructuredLogging" name="test_permission_denial_logging_structure" time="0.001" /><testcase classname="tests.unit.test_auth_logging.TestStructuredLogging" name="test_successful_access_logging_structure" time="0.001" /><testcase classname="tests.unit.test_auth_logging.TestStructuredLogging" name="test_regional_access_logging_structure" time="0.001" /><testcase classname="tests.unit.test_auth_logging.TestStructuredLogging" name="test_regional_access_denied_logging" time="0.001" /><testcase classname="tests.unit.test_auth_logging.TestStructuredLogging" name="test_role_structure_validation_logging" time="0.001" /><testcase classname="tests.unit.test_auth_logging.TestStructuredLogging" name="test_auth_system_failure_logging" time="0.001" /><testcase classname="tests.unit.test_auth_logging.TestLoggingIntegration" name="test_logging_during_successful_auth_flow" time="0.001" /><testcase classname="tests.unit.test_auth_logging.TestLoggingIntegration" name="test_logging_during_failed_auth_flow" time="0.001" /><testcase classname="tests.unit.test_auth_logging.TestLoggingIntegration" name="test_logging_with_enhanced_groups" time="0.001" /><testcase classname="tests.unit.test_auth_logging.TestLogSearchability" name="test_log_searchability_keywords" time="0.001" /><testcase classname="tests.unit.test_auth_logging.TestLogSearchability" name="test_cloudwatch_log_group_format" time="0.001" /><testcase classname="tests.unit.test_auth_logging.TestLogSearchability" name="test_log_timestamp_consistency" time="0.001" /><testcase classname="tests.unit.test_auth_logging.TestLogCompliance" name="test_sensitive_data_not_logged" time="0.001" /><testcase classname="tests.unit.test_auth_logging.TestLogCompliance" name="test_log_structure_version_tracking" time="0.001" /><testcase classname="tests.unit.test_auth_logging.TestLogCompliance" name="test_audit_trail_completeness" time="0.001" /><testcase classname="tests.unit.test_auth_utils_consolidation.TestProperty4SharedLayerSubsumesAuthUtilsLocal" name="test_core_function_is_available_and_callable" time="0.009" /><testcase classname="tests.unit.test_auth_utils_consolidation.TestProperty4SharedLayerSubsumesAuthUtilsLocal" name="test_handler_imported_function_available" time="0.005" /><testcase classname="tests.unit.test_auth_utils_consolidation.TestProperty4SharedLayerSubsumesAuthUtilsLocal" name="test_function_signature_has_parameters" time="0.009" /><testcase classname="tests.unit.test_auth_utils_consolidation.TestProperty4SharedLayerSubsumesAuthUtilsLocal" name="test_all_12_core_functions_present" time="0.000" /><testcase classname="tests.unit.test_auth_utils_consolidation.TestProperty4SharedLayerSubsumesAuthUtilsLocal" name="test_all_handler_imports_satisfied" time="0.000" /><testcase classname="tests.unit.test_auth_utils_consolidation.TestProperty4SharedLayerSubsumesAuthUtilsLocal" name="test_cors_headers_returns_dict" time="0.000" /><testcase classname="tests.unit.test_auth_utils_consolidation.TestProperty4SharedLayerSubsumesAuthUtilsLocal" name="test_handle_options_request_returns_200" time="0.000" /><testcase classname="tests.unit.test_auth_utils_consolidation.TestProperty4SharedLayerSubsumesAuthUtilsLocal" name="test_create_error_response_format" time="0.001" /><testcase classname="tests.unit.test_auth_utils_consolidation.TestProperty4SharedLayerSubsumesAuthUtilsLocal" name="test_create_success_response_format" time="0.000" /><testcase classname="tests.unit.test_bug_condition_exploration" name="test_bug_condition_test_file_passes[cat1-stale-import-presmeet-generate-report]" time="0.954" /><testcase classname="tests.unit.test_bug_condition_exploration" name="test_bug_condition_test_file_passes[cat1-stale-import-update-order-items]" time="0.855" /><testcase classname="tests.unit.test_bug_condition_exploration" name="test_bug_condition_test_file_passes[cat2-test-bug-admin-properties]" time="10.760" /><testcase classname="tests.unit.test_bug_condition_exploration" name="test_bug_condition_test_file_passes[cat2-test-bug-scan-product]" time="1.499" /><testcase classname="tests.unit.test_bug_condition_exploration" name="test_bug_condition_test_file_passes[cat2-test-bug-submit-order]" time="0.719" /><testcase classname="tests.unit.test_bug_condition_exploration" name="test_bug_condition_test_file_passes[cat3-handler-bug-admin-record-payment]" time="0.699" /><testcase classname="tests.unit.test_bug_condition_exploration" name="test_bug_condition_test_file_passes[cat3-handler-bug-create-order]" time="0.733" /><testcase classname="tests.unit.test_bug_condition_exploration" name="test_bug_condition_test_file_passes[cat4-obsolete-migrate-channel-to-event-id]" time="0.574" /><testcase classname="tests.unit.test_bug_condition_exploration" name="test_bug_condition_test_file_passes[cat4-obsolete-migrate-products]" time="0.589" /><testcase classname="tests.unit.test_circular_dependency_bug.TestCircularDependencyBugCondition" name="test_create_order_function_webhook_url_does_not_reference_my_api" time="0.001" /><testcase classname="tests.unit.test_circular_dependency_bug.TestCircularDependencyBugCondition" name="test_circular_dependency_condition_not_present" time="0.001" /><testcase classname="tests.unit.test_circular_dependency_bug.TestCircularDependencyBugCondition" name="test_no_env_var_in_create_order_function_references_my_api" time="0.011" /><testcase classname="tests.unit.test_circular_dependency_bug.TestCircularDependencyBugCondition" name="test_no_function_with_api_event_has_my_api_env_ref" time="0.009" /><testcase classname="tests.unit.test_cognito_custom_message_locale.TestCognitoLocaleExtraction" name="test_valid_locale_extracted_from_client_metadata" time="0.010" /><testcase classname="tests.unit.test_cognito_custom_message_locale.TestCognitoLocaleExtraction" name="test_french_locale_extracted" time="0.006" /><testcase classname="tests.unit.test_cognito_custom_message_locale.TestCognitoLocaleExtraction" name="test_german_locale_extracted" time="0.006" /><testcase classname="tests.unit.test_cognito_custom_message_locale.TestCognitoLocaleExtraction" name="test_all_supported_locales_pass_through[nl]" time="0.007" /><testcase classname="tests.unit.test_cognito_custom_message_locale.TestCognitoLocaleExtraction" name="test_all_supported_locales_pass_through[en]" time="0.006" /><testcase classname="tests.unit.test_cognito_custom_message_locale.TestCognitoLocaleExtraction" name="test_all_supported_locales_pass_through[fr]" time="0.005" /><testcase classname="tests.unit.test_cognito_custom_message_locale.TestCognitoLocaleExtraction" name="test_all_supported_locales_pass_through[de]" time="0.007" /><testcase classname="tests.unit.test_cognito_custom_message_locale.TestCognitoLocaleExtraction" name="test_all_supported_locales_pass_through[sv]" time="0.005" /><testcase classname="tests.unit.test_cognito_custom_message_locale.TestCognitoLocaleExtraction" name="test_all_supported_locales_pass_through[da]" time="0.005" /><testcase classname="tests.unit.test_cognito_custom_message_locale.TestCognitoLocaleExtraction" name="test_all_supported_locales_pass_through[it]" time="0.007" /><testcase classname="tests.unit.test_cognito_custom_message_locale.TestCognitoLocaleExtraction" name="test_all_supported_locales_pass_through[es]" time="0.005" /><testcase classname="tests.unit.test_cognito_custom_message_locale.TestCognitoLocaleFallback" name="test_missing_locale_falls_back_to_dutch" time="0.005" /><testcase classname="tests.unit.test_cognito_custom_message_locale.TestCognitoLocaleFallback" name="test_null_client_metadata_falls_back_to_dutch" time="0.005" /><testcase classname="tests.unit.test_cognito_custom_message_locale.TestCognitoLocaleFallback" name="test_invalid_locale_falls_back_to_dutch" time="0.007" /><testcase classname="tests.unit.test_cognito_custom_message_locale.TestCognitoLocaleFallback" name="test_empty_string_locale_falls_back_to_dutch" time="0.005" /><testcase classname="tests.unit.test_cognito_custom_message_locale.TestCognitoLocaleFallback" name="test_gibberish_locale_falls_back_to_dutch" time="0.006" /><testcase classname="tests.unit.test_cognito_custom_message_locale.TestCognitoLocalePassedToAllHandlers" name="test_admin_create_user_receives_locale" time="0.007" /><testcase classname="tests.unit.test_cognito_custom_message_locale.TestCognitoLocalePassedToAllHandlers" name="test_resend_code_receives_locale" time="0.005" /><testcase classname="tests.unit.test_cognito_custom_message_locale.TestCognitoLocalePassedToAllHandlers" name="test_forgot_password_receives_locale" time="0.005" /><testcase classname="tests.unit.test_cognito_custom_message_locale.TestCognitoLocalePassedToAllHandlers" name="test_authentication_receives_locale" time="0.005" /><testcase classname="tests.unit.test_cognito_custom_message_locale.TestCognitoLocalePassedToAllHandlers" name="test_update_user_attribute_receives_locale" time="0.007" /><testcase classname="tests.unit.test_cognito_custom_message_locale.TestCognitoLocalePassedToAllHandlers" name="test_verify_user_attribute_receives_locale" time="0.005" /><testcase classname="tests.unit.test_cognito_custom_message_locale.TestCognitoResponseStructure" name="test_response_contains_email_message" time="0.005" /><testcase classname="tests.unit.test_cognito_custom_message_locale.TestCognitoResponseStructure" name="test_response_contains_email_subject" time="0.006" /><testcase classname="tests.unit.test_cognito_custom_message_locale.TestCognitoResponseStructure" name="test_handler_returns_event_on_error" time="0.005" /><testcase classname="tests.unit.test_cognito_role_assignment" name="test_handler_exists" time="0.000" /><testcase classname="tests.unit.test_cognito_role_assignment" name="test_returns_401_without_auth" time="0.001" /><testcase classname="tests.unit.test_comprehensive_auth_flows.TestAuthenticationFlows" name="test_successful_credential_extraction" time="0.001" /><testcase classname="tests.unit.test_comprehensive_auth_flows.TestAuthenticationFlows" name="test_enhanced_groups_header_priority" time="0.001" /><testcase classname="tests.unit.test_comprehensive_auth_flows.TestAuthenticationFlows" name="test_missing_authorization_header" time="0.001" /><testcase classname="tests.unit.test_comprehensive_auth_flows.TestAuthenticationFlows" name="test_invalid_bearer_format" time="0.001" /><testcase classname="tests.unit.test_comprehensive_auth_flows.TestAuthenticationFlows" name="test_malformed_jwt_token" time="0.001" /><testcase classname="tests.unit.test_comprehensive_auth_flows.TestAuthenticationFlows" name="test_empty_jwt_token" time="0.001" /><testcase classname="tests.unit.test_comprehensive_auth_flows.TestAuthenticationFlows" name="test_jwt_without_email" time="0.001" /><testcase classname="tests.unit.test_comprehensive_auth_flows.TestPermissionValidation" name="test_basic_member_permissions" time="0.001" /><testcase classname="tests.unit.test_comprehensive_auth_flows.TestPermissionValidation" name="test_admin_permissions" time="0.000" /><testcase classname="tests.unit.test_comprehensive_auth_flows.TestPermissionValidation" name="test_permission_denied" time="0.001" /><testcase classname="tests.unit.test_comprehensive_auth_flows.TestPermissionValidation" name="test_multiple_role_permissions" time="0.000" /><testcase classname="tests.unit.test_comprehensive_auth_flows.TestPermissionValidation" name="test_regional_permission_validation" time="0.001" /><testcase classname="tests.unit.test_comprehensive_auth_flows.TestPermissionValidation" name="test_national_access_permissions" time="0.001" /><testcase classname="tests.unit.test_comprehensive_auth_flows.TestPermissionValidation" name="test_missing_region_assignment" time="0.001" /><testcase classname="tests.unit.test_comprehensive_auth_flows.TestRegionalAccess" name="test_determine_regional_access_admin" time="0.001" /><testcase classname="tests.unit.test_comprehensive_auth_flows.TestRegionalAccess" name="test_determine_regional_access_national" time="0.001" /><testcase classname="tests.unit.test_comprehensive_auth_flows.TestRegionalAccess" name="test_determine_regional_access_specific_regions" time="0.001" /><testcase classname="tests.unit.test_comprehensive_auth_flows.TestRegionalAccess" name="test_check_regional_data_access_allowed" time="0.001" /><testcase classname="tests.unit.test_comprehensive_auth_flows.TestRegionalAccess" name="test_check_regional_data_access_denied" time="0.001" /><testcase classname="tests.unit.test_comprehensive_auth_flows.TestRegionalAccess" name="test_get_user_accessible_regions" time="0.001" /><testcase classname="tests.unit.test_comprehensive_auth_flows.TestFailureScenarios" name="test_jwt_decode_failure" time="0.001" /><testcase classname="tests.unit.test_comprehensive_auth_flows.TestFailureScenarios" name="test_json_parse_failure" time="0.001" /><testcase classname="tests.unit.test_comprehensive_auth_flows.TestFailureScenarios" name="test_maintenance_fallback_integration" time="0.001" /><testcase classname="tests.unit.test_comprehensive_auth_flows.TestFailureScenarios" name="test_invalid_enhanced_groups_header" time="0.001" /><testcase classname="tests.unit.test_comprehensive_auth_flows.TestMaintenanceFallback" name="test_create_maintenance_response" time="0.001" /><testcase classname="tests.unit.test_comprehensive_auth_flows.TestMaintenanceFallback" name="test_log_auth_system_failure" time="0.001" /><testcase classname="tests.unit.test_comprehensive_auth_flows.TestMaintenanceFallback" name="test_smart_fallback_handler_creation" time="0.001" /><testcase classname="tests.unit.test_comprehensive_auth_flows.TestMaintenanceFallback" name="test_smart_fallback_options_handling" time="0.001" /><testcase classname="tests.unit.test_comprehensive_auth_flows.TestLoggingAndAudit" name="test_cors_headers" time="0.001" /><testcase classname="tests.unit.test_comprehensive_auth_flows.TestLoggingAndAudit" name="test_create_error_response" time="0.001" /><testcase classname="tests.unit.test_comprehensive_auth_flows.TestLoggingAndAudit" name="test_create_success_response" time="0.001" /><testcase classname="tests.unit.test_comprehensive_auth_flows.TestLoggingAndAudit" name="test_permission_denial_logging" time="0.001" /><testcase classname="tests.unit.test_comprehensive_auth_flows.TestLoggingAndAudit" name="test_successful_access_logging" time="0.001" /><testcase classname="tests.unit.test_comprehensive_auth_flows.TestLoggingAndAudit" name="test_regional_access_logging" time="0.001" /><testcase classname="tests.unit.test_comprehensive_auth_flows.TestIntegrationScenarios" name="test_complete_auth_flow_basic_member" time="0.001" /><testcase classname="tests.unit.test_comprehensive_auth_flows.TestIntegrationScenarios" name="test_complete_auth_flow_regional_admin" time="0.001" /><testcase classname="tests.unit.test_comprehensive_auth_flows.TestIntegrationScenarios" name="test_complete_auth_flow_national_admin" time="0.001" /><testcase classname="tests.unit.test_comprehensive_auth_flows.TestIntegrationScenarios" name="test_auth_flow_with_enhanced_groups" time="0.001" /><testcase classname="tests.unit.test_cors_headers_stage.TestCorsHeadersStageBehavior" name="test_returns_testportal_origin_when_env_var_set" time="0.001" /><testcase classname="tests.unit.test_cors_headers_stage.TestCorsHeadersStageBehavior" name="test_returns_portal_origin_when_env_var_set" time="0.001" /><testcase classname="tests.unit.test_cors_headers_stage.TestCorsHeadersStageBehavior" name="test_returns_wildcard_when_env_var_not_set" time="0.001" /><testcase classname="tests.unit.test_cors_origin_property.TestProperty1CorsOriginFromEnvironmentVariable" name="test_cors_headers_returns_exact_env_var_value" time="0.067" /><testcase classname="tests.unit.test_cors_origin_property.TestProperty1CorsOriginFromEnvironmentVariable" name="test_cors_headers_does_not_accept_request_parameter" time="0.001" /><testcase classname="tests.unit.test_cors_origin_property.TestProperty1CorsOriginFromEnvironmentVariable" name="test_cors_headers_ignores_any_request_origin" time="0.081" /><testcase classname="tests.unit.test_create_event.TestCreateEvent" name="test_create_event_success" time="0.650" /><testcase classname="tests.unit.test_create_event.TestCreateEvent" name="test_create_event_with_event_type" time="0.085" /><testcase classname="tests.unit.test_create_event.TestCreateEvent" name="test_create_event_without_constraints" time="0.068" /><testcase classname="tests.unit.test_create_event.TestCreateEvent" name="test_create_event_without_product_ids" time="0.065" /><testcase classname="tests.unit.test_create_event.TestCreateEvent" name="test_create_event_initial_status_is_draft" time="0.071" /><testcase classname="tests.unit.test_create_event.TestRequiredFields" name="test_missing_required_field_rejected[name]" time="0.063" /><testcase classname="tests.unit.test_create_event.TestRequiredFields" name="test_missing_required_field_rejected[event_type]" time="0.063" /><testcase classname="tests.unit.test_create_event.TestRequiredFields" name="test_missing_required_field_rejected[start_date]" time="0.063" /><testcase classname="tests.unit.test_create_event.TestRequiredFields" name="test_missing_required_field_rejected[end_date]" time="0.063" /><testcase classname="tests.unit.test_create_event.TestRequiredFields" name="test_missing_required_field_rejected[registration_open]" time="0.063" /><testcase classname="tests.unit.test_create_event.TestRequiredFields" name="test_missing_required_field_rejected[registration_close]" time="0.613" /><testcase classname="tests.unit.test_create_event.TestRequiredFields" name="test_empty_name_rejected" time="0.068" /><testcase classname="tests.unit.test_create_event.TestRequiredFields" name="test_name_too_long_rejected" time="0.066" /><testcase classname="tests.unit.test_create_event.TestRequiredFields" name="test_location_too_long_rejected" time="0.064" /><testcase classname="tests.unit.test_create_event.TestDateValidation" name="test_valid_dates_accepted" time="0.065" /><testcase classname="tests.unit.test_create_event.TestDateValidation" name="test_registration_open_not_before_close_rejected" time="0.062" /><testcase classname="tests.unit.test_create_event.TestDateValidation" name="test_registration_open_equals_close_rejected" time="0.062" /><testcase classname="tests.unit.test_create_event.TestDateValidation" name="test_registration_close_after_start_date_rejected" time="0.062" /><testcase classname="tests.unit.test_create_event.TestDateValidation" name="test_registration_close_equals_start_date_accepted" time="0.065" /><testcase classname="tests.unit.test_create_event.TestDateValidation" name="test_start_date_after_end_date_rejected" time="0.062" /><testcase classname="tests.unit.test_create_event.TestDateValidation" name="test_start_date_equals_end_date_accepted" time="0.622" /><testcase classname="tests.unit.test_create_event.TestConstraintValidation" name="test_valid_constraints_accepted" time="0.068" /><testcase classname="tests.unit.test_create_event.TestConstraintValidation" name="test_duplicate_constraint_keys_rejected" time="0.064" /><testcase classname="tests.unit.test_create_event.TestConstraintValidation" name="test_constraint_max_zero_rejected" time="0.064" /><testcase classname="tests.unit.test_create_event.TestConstraintValidation" name="test_constraint_negative_max_rejected" time="0.065" /><testcase classname="tests.unit.test_create_event.TestConstraintValidation" name="test_constraint_invalid_counting_rule_rejected" time="0.063" /><testcase classname="tests.unit.test_create_event.TestConstraintValidation" name="test_constraint_missing_key_rejected" time="0.063" /><testcase classname="tests.unit.test_create_event.TestConstraintValidation" name="test_constraint_missing_counting_rule_rejected" time="0.062" /><testcase classname="tests.unit.test_create_event.TestConstraintValidation" name="test_all_valid_counting_rules_accepted" time="0.067" /><testcase classname="tests.unit.test_create_event.TestConstraintValidation" name="test_constraints_not_array_rejected" time="0.063" /><testcase classname="tests.unit.test_create_event.TestEventClone" name="test_clone_event_copies_fields" time="0.624" /><testcase classname="tests.unit.test_create_event.TestEventClone" name="test_clone_event_clears_dates" time="0.079" /><testcase classname="tests.unit.test_create_event.TestEventClone" name="test_clone_nonexistent_event_returns_404" time="0.066" /><testcase classname="tests.unit.test_create_event.TestAuthAndErrors" name="test_unauthenticated_request_rejected" time="0.065" /><testcase classname="tests.unit.test_create_event.TestAuthAndErrors" name="test_invalid_json_body_rejected" time="0.064" /><testcase classname="tests.unit.test_create_event.TestAuthAndErrors" name="test_options_request_handled" time="0.062" /><testcase classname="tests.unit.test_create_member" name="test_handler_exists" time="0.001" /><testcase classname="tests.unit.test_create_member" name="test_returns_401_without_auth" time="0.001" /><testcase classname="tests.unit.test_create_order.TestHandlerBasics" name="test_handler_exists" time="0.000" /><testcase classname="tests.unit.test_create_order.TestHandlerBasics" name="test_returns_error_without_auth" time="0.333" /><testcase classname="tests.unit.test_create_order.TestHandlerBasics" name="test_handles_options_request" time="0.001" /><testcase classname="tests.unit.test_create_order.TestWebshopOrderCreation" name="test_creates_draft_order_for_webshop" time="0.003" /><testcase classname="tests.unit.test_create_order.TestWebshopOrderCreation" name="test_webshop_always_creates_new_order" time="0.003" /><testcase classname="tests.unit.test_create_order.TestWebshopOrderCreation" name="test_creates_empty_draft_without_items" time="0.002" /><testcase classname="tests.unit.test_create_order.TestEventOrderCreation" name="test_creates_new_event_order" time="0.004" /><testcase classname="tests.unit.test_create_order.TestEventOrderCreation" name="test_returns_existing_event_order" time="0.002" /><testcase classname="tests.unit.test_create_order.TestEventOrderCreation" name="test_does_not_return_cancelled_order" time="0.003" /><testcase classname="tests.unit.test_create_order.TestPriceValidation" name="test_rejects_product_with_zero_price" time="0.002" /><testcase classname="tests.unit.test_create_order.TestPriceValidation" name="test_rejects_product_with_null_price" time="0.002" /><testcase classname="tests.unit.test_create_order.TestPriceValidation" name="test_rejects_product_not_found" time="0.002" /><testcase classname="tests.unit.test_create_order.TestPriceValidation" name="test_uses_variant_price_override" time="0.003" /><testcase classname="tests.unit.test_create_order.TestPriceValidation" name="test_falls_back_to_parent_price" time="0.003" /><testcase classname="tests.unit.test_create_order.TestAccessControl" name="test_rejects_unauthorized_user" time="0.002" /><testcase classname="tests.unit.test_delete_test_data" name="test_delete_test_data_deletes_all_records" time="0.096" /><testcase classname="tests.unit.test_delete_test_data" name="test_delete_test_data_dry_run_does_not_delete" time="0.087" /><testcase classname="tests.unit.test_delete_test_data" name="test_delete_test_data_empty_tables" time="0.067" /><testcase classname="tests.unit.test_delete_test_data" name="test_migration_summary_includes_deletion_counts" time="0.004" /><testcase classname="tests.unit.test_event_constraints.TestCountItemsByProduct" name="test_under_limit_passes" time="0.001" /><testcase classname="tests.unit.test_event_constraints.TestCountItemsByProduct" name="test_at_limit_passes" time="0.001" /><testcase classname="tests.unit.test_event_constraints.TestCountItemsByProduct" name="test_exceeds_limit_fails" time="0.001" /><testcase classname="tests.unit.test_event_constraints.TestCountItemsByProduct" name="test_draft_orders_not_counted" time="0.000" /><testcase classname="tests.unit.test_event_constraints.TestCountItemsByProduct" name="test_locked_orders_counted" time="0.001" /><testcase classname="tests.unit.test_event_constraints.TestCountItemsByProduct" name="test_current_club_excluded_on_resubmit" time="0.000" /><testcase classname="tests.unit.test_event_constraints.TestCountItemsByProduct" name="test_other_products_not_counted" time="0.000" /><testcase classname="tests.unit.test_event_constraints.TestCountItemsByProduct" name="test_decimal_max_value_handled" time="0.000" /><testcase classname="tests.unit.test_event_constraints.TestCountDistinctClubs" name="test_under_limit_passes" time="0.000" /><testcase classname="tests.unit.test_event_constraints.TestCountDistinctClubs" name="test_at_limit_fails" time="0.000" /><testcase classname="tests.unit.test_event_constraints.TestCountDistinctClubs" name="test_resubmit_same_club_no_double_count" time="0.001" /><testcase classname="tests.unit.test_event_constraints.TestCountDistinctClubs" name="test_draft_clubs_not_counted" time="0.000" /><testcase classname="tests.unit.test_event_constraints.TestSumField" name="test_under_limit_passes" time="0.000" /><testcase classname="tests.unit.test_event_constraints.TestSumField" name="test_exceeds_limit_fails" time="0.000" /><testcase classname="tests.unit.test_event_constraints.TestSumField" name="test_decimal_field_values_handled" time="0.000" /><testcase classname="tests.unit.test_event_constraints.TestSumField" name="test_only_matching_product_summed" time="0.000" /><testcase classname="tests.unit.test_event_constraints.TestSumField" name="test_sum_field_without_product_id_sums_all" time="0.000" /><testcase classname="tests.unit.test_event_constraints.TestSumField" name="test_missing_field_defaults_to_zero" time="0.000" /><testcase classname="tests.unit.test_event_constraints.TestEdgeCases" name="test_empty_constraints_returns_no_errors" time="0.000" /><testcase classname="tests.unit.test_event_constraints.TestEdgeCases" name="test_none_constraints_returns_no_errors" time="0.000" /><testcase classname="tests.unit.test_event_constraints.TestEdgeCases" name="test_empty_orders_with_new_items_under_max" time="0.000" /><testcase classname="tests.unit.test_event_constraints.TestEdgeCases" name="test_multiple_constraints_all_checked" time="0.000" /><testcase classname="tests.unit.test_event_constraints.TestEdgeCases" name="test_constraint_without_max_is_skipped" time="0.000" /><testcase classname="tests.unit.test_event_constraints.TestEdgeCases" name="test_unknown_counting_rule_treated_as_zero" time="0.000" /><testcase classname="tests.unit.test_event_constraints.TestEdgeCases" name="test_no_current_club_id_counts_all_orders" time="0.001" /><testcase classname="tests.unit.test_event_constraints.TestEdgeCases" name="test_error_message_contains_useful_info" time="0.000" /><testcase classname="tests.unit.test_event_constraints.TestEdgeCases" name="test_countable_statuses_constant" time="0.000" /><testcase classname="tests.unit.test_event_status_scheduler.TestDraftToOpen" name="test_draft_event_transitions_to_open_when_reg_open_is_today" time="0.078" /><testcase classname="tests.unit.test_event_status_scheduler.TestDraftToOpen" name="test_draft_event_transitions_to_open_when_reg_open_is_past" time="0.621" /><testcase classname="tests.unit.test_event_status_scheduler.TestDraftToOpen" name="test_draft_event_stays_draft_when_reg_open_is_future" time="0.074" /><testcase classname="tests.unit.test_event_status_scheduler.TestDraftToOpen" name="test_draft_event_without_reg_open_stays_draft" time="0.074" /><testcase classname="tests.unit.test_event_status_scheduler.TestOpenToClosed" name="test_open_event_transitions_to_closed_when_reg_close_is_today" time="0.078" /><testcase classname="tests.unit.test_event_status_scheduler.TestOpenToClosed" name="test_open_event_transitions_to_closed_when_reg_close_is_past" time="0.081" /><testcase classname="tests.unit.test_event_status_scheduler.TestOpenToClosed" name="test_open_event_stays_open_when_reg_close_is_future" time="0.072" /><testcase classname="tests.unit.test_event_status_scheduler.TestOpenToClosed" name="test_open_event_without_reg_close_stays_open" time="0.073" /><testcase classname="tests.unit.test_event_status_scheduler.TestAutoLockOrders" name="test_submitted_orders_are_locked_on_close" time="0.093" /><testcase classname="tests.unit.test_event_status_scheduler.TestAutoLockOrders" name="test_locked_orders_have_status_history_entry" time="0.085" /><testcase classname="tests.unit.test_event_status_scheduler.TestAutoLockOrders" name="test_draft_orders_are_not_locked_on_close" time="0.617" /><testcase classname="tests.unit.test_event_status_scheduler.TestAutoLockOrders" name="test_already_locked_orders_are_not_relocked" time="0.086" /><testcase classname="tests.unit.test_event_status_scheduler.TestAutoLockOrders" name="test_existing_status_history_is_preserved" time="0.090" /><testcase classname="tests.unit.test_event_status_scheduler.TestAutoLockOrders" name="test_no_orders_for_event_results_in_zero_locked" time="0.081" /><testcase classname="tests.unit.test_event_status_scheduler.TestNonAffectedEvents" name="test_closed_events_are_not_scanned" time="0.073" /><testcase classname="tests.unit.test_event_status_scheduler.TestNonAffectedEvents" name="test_multiple_events_processed_correctly" time="0.090" /><testcase classname="tests.unit.test_event_status_scheduler.TestNonAffectedEvents" name="test_scheduler_returns_today_date" time="0.068" /><testcase classname="tests.unit.test_export_members" name="test_handler_exists" time="0.001" /><testcase classname="tests.unit.test_export_members" name="test_returns_401_without_auth" time="0.001" /><testcase classname="tests.unit.test_generate_order_pdf" name="test_handler_exists" time="0.001" /><testcase classname="tests.unit.test_generate_order_pdf" name="test_returns_401_without_auth" time="0.001" /><testcase classname="tests.unit.test_get_customer_orders" name="test_handler_exists" time="0.007" /><testcase classname="tests.unit.test_get_customer_orders" name="test_returns_401_without_auth" time="0.001" /><testcase classname="tests.unit.test_get_customer_orders" name="test_handles_options_request" time="0.001" /><testcase classname="tests.unit.test_get_customer_orders" name="test_returns_orders_for_authenticated_user" time="0.001" /><testcase classname="tests.unit.test_get_customer_orders" name="test_returns_empty_list_when_no_orders" time="0.002" /><testcase classname="tests.unit.test_get_customer_orders" name="test_returns_404_when_member_not_found" time="0.001" /><testcase classname="tests.unit.test_get_member_self" name="test_handler_exists" time="0.001" /><testcase classname="tests.unit.test_get_member_self" name="test_returns_401_without_auth" time="0.001" /><testcase classname="tests.unit.test_get_members_filtered.TestFilterMembersByRegion" name="test_regio_all_users_get_all_members" time="0.001" /><testcase classname="tests.unit.test_get_members_filtered.TestFilterMembersByRegion" name="test_regional_users_get_only_their_region" time="0.001" /><testcase classname="tests.unit.test_get_members_filtered.TestFilterMembersByRegion" name="test_all_statuses_included_for_regional_users" time="0.001" /><testcase classname="tests.unit.test_get_members_filtered.TestFilterMembersByRegion" name="test_multiple_regions_access" time="0.001" /><testcase classname="tests.unit.test_get_members_filtered.TestFilterMembersByRegion" name="test_empty_members_list" time="0.000" /><testcase classname="tests.unit.test_get_members_filtered.TestFilterMembersByRegion" name="test_no_allowed_regions" time="0.000" /><testcase classname="tests.unit.test_get_members_filtered.TestFilterMembersByRegion" name="test_case_sensitive_region_matching" time="0.000" /><testcase classname="tests.unit.test_get_members_filtered.TestConvertDynamoDBToPython" name="test_decimal_integer_converts_to_int" time="0.000" /><testcase classname="tests.unit.test_get_members_filtered.TestConvertDynamoDBToPython" name="test_decimal_float_converts_to_float" time="0.000" /><testcase classname="tests.unit.test_get_members_filtered.TestConvertDynamoDBToPython" name="test_nested_objects_handled_correctly" time="0.000" /><testcase classname="tests.unit.test_get_members_filtered.TestConvertDynamoDBToPython" name="test_list_with_nested_objects" time="0.000" /><testcase classname="tests.unit.test_get_members_filtered.TestConvertDynamoDBToPython" name="test_empty_nested_objects" time="0.000" /><testcase classname="tests.unit.test_get_members_filtered.TestConvertDynamoDBToPython" name="test_mixed_types_in_single_object" time="0.000" /><testcase classname="tests.unit.test_get_members_filtered.TestAuthenticationAndAuthorization" name="test_missing_jwt_token_returns_401" time="0.001" /><testcase classname="tests.unit.test_get_members_filtered.TestAuthenticationAndAuthorization" name="test_invalid_permissions_return_403" time="0.001" /><testcase classname="tests.unit.test_get_members_filtered.TestAuthenticationAndAuthorization" name="test_valid_permissions_allow_access" time="0.001" /><testcase classname="tests.unit.test_get_members_filtered.TestAuthenticationAndAuthorization" name="test_members_read_permission_allows_access" time="0.001" /><testcase classname="tests.unit.test_get_members_filtered.TestAuthenticationAndAuthorization" name="test_members_export_permission_allows_access" time="0.001" /><testcase classname="tests.unit.test_get_members_filtered.TestAuthenticationAndAuthorization" name="test_members_crud_permissions_allow_access" time="0.001" /><testcase classname="tests.unit.test_get_presmeet_booking.TestGetPresMeetBookingAuth" name="test_missing_auth_returns_401" time="0.001" /><testcase classname="tests.unit.test_get_presmeet_booking.TestGetPresMeetBookingAuth" name="test_no_regio_pressmeet_returns_403" time="0.001" /><testcase classname="tests.unit.test_get_presmeet_booking.TestGetPresMeetBookingAuth" name="test_no_club_id_returns_403" time="0.001" /><testcase classname="tests.unit.test_get_presmeet_booking.TestGetPresMeetBookingAccess" name="test_returns_booking_for_matching_club" time="0.001" /><testcase classname="tests.unit.test_get_presmeet_booking.TestGetPresMeetBookingAccess" name="test_returns_404_when_no_booking_exists" time="0.001" /><testcase classname="tests.unit.test_get_presmeet_booking.TestGetPresMeetBookingAccess" name="test_non_admin_cannot_use_club_id_param" time="0.001" /><testcase classname="tests.unit.test_get_presmeet_booking.TestGetPresMeetBookingAdmin" name="test_admin_can_view_any_club_booking" time="0.001" /><testcase classname="tests.unit.test_get_presmeet_booking.TestGetPresMeetBookingAdmin" name="test_admin_without_club_id_param_and_no_member_record_returns_403" time="0.001" /><testcase classname="tests.unit.test_get_presmeet_booking.TestGetPresMeetBookingAdmin" name="test_admin_with_own_club_gets_own_booking" time="0.001" /><testcase classname="tests.unit.test_get_presmeet_booking.TestGetPresMeetBookingAdmin" name="test_products_read_admin_can_view_any_club" time="0.001" /><testcase classname="tests.unit.test_get_presmeet_booking.TestGetPresMeetBookingAdmin" name="test_regio_all_with_management_role_is_admin" time="0.001" /><testcase classname="tests.unit.test_get_presmeet_booking.TestGetPresMeetBookingPagination" name="test_handles_paginated_results" time="0.001" /><testcase classname="tests.unit.test_get_presmeet_booking.TestGetPresMeetBookingMultipleOrders" name="test_returns_first_booking_from_scan" time="0.001" /><testcase classname="tests.unit.test_get_presmeet_booking.TestOptionsRequest" name="test_options_returns_cors_headers" time="0.001" /><testcase classname="tests.unit.test_get_product_byid" name="test_get_product_by_product_id" time="0.070" /><testcase classname="tests.unit.test_get_product_byid" name="test_get_product_not_found_returns_404" time="0.064" /><testcase classname="tests.unit.test_get_product_byid" name="test_missing_product_id_returns_400" time="0.061" /><testcase classname="tests.unit.test_get_products.TestGetProductsHandler" name="test_options_request" time="0.626" /><testcase classname="tests.unit.test_get_products.TestGetProductsHandler" name="test_returns_webshop_products_with_event_id_null" time="0.081" /><testcase classname="tests.unit.test_get_products.TestGetProductsHandler" name="test_returns_event_products_with_specific_event_id" time="0.080" /><testcase classname="tests.unit.test_get_products.TestGetProductsHandler" name="test_returns_all_active_products_without_event_id_filter" time="0.082" /><testcase classname="tests.unit.test_get_products.TestGetProductsHandler" name="test_product_fields_included_in_response" time="0.079" /><testcase classname="tests.unit.test_get_products.TestGetProductsHandler" name="test_unauthorized_returns_401" time="0.074" /><testcase classname="tests.unit.test_get_products.TestGetProductsHandler" name="test_no_webshop_access_returns_403" time="0.072" /><testcase classname="tests.unit.test_get_products.TestGetProductsHandler" name="test_inactive_products_excluded" time="0.080" /><testcase classname="tests.unit.test_get_products.TestGetProductsHandler" name="test_legacy_products_without_active_field_included" time="0.082" /><testcase classname="tests.unit.test_get_variants.TestGetVariantsSuccess" name="test_returns_all_variants_for_parent" time="0.614" /><testcase classname="tests.unit.test_get_variants.TestGetVariantsSuccess" name="test_variant_fields_returned" time="0.079" /><testcase classname="tests.unit.test_get_variants.TestGetVariantsSuccess" name="test_product_with_no_variants" time="0.077" /><testcase classname="tests.unit.test_get_variants.TestGetVariantsErrors" name="test_product_not_found" time="0.077" /><testcase classname="tests.unit.test_get_variants.TestGetVariantsErrors" name="test_missing_product_id" time="0.070" /><testcase classname="tests.unit.test_get_variants.TestGetVariantsErrors" name="test_variant_id_rejected_as_parent" time="0.073" /><testcase classname="tests.unit.test_get_variants.TestGetVariantsErrors" name="test_auth_error_propagated" time="0.069" /><testcase classname="tests.unit.test_get_variants.TestGetVariantsErrors" name="test_options_request" time="0.070" /><testcase classname="tests.unit.test_hdcn_cognito_admin" name="test_handler_exists" time="0.001" /><testcase classname="tests.unit.test_hdcn_cognito_admin" name="test_returns_401_without_auth" time="0.001" /><testcase classname="tests.unit.test_hdcn_cognito_admin_split.TestProperty1BackendSplitPreservesPublicAPI" name="test_all_expected_unique_function_names_exist" time="0.000" /><testcase classname="tests.unit.test_hdcn_cognito_admin_split.TestProperty1BackendSplitPreservesPublicAPI" name="test_submodule_is_importable" time="0.018" /><testcase classname="tests.unit.test_hdcn_cognito_admin_split.TestProperty1BackendSplitPreservesPublicAPI" name="test_function_is_importable_and_callable" time="0.126" /><testcase classname="tests.unit.test_hdcn_cognito_admin_split.TestProperty1BackendSplitPreservesPublicAPI" name="test_calculate_user_permissions_in_both_modules" time="0.006" /><testcase classname="tests.unit.test_hdcn_cognito_admin_split.TestProperty1BackendSplitPreservesPublicAPI" name="test_router_app_has_callable_lambda_handler" time="0.001" /><testcase classname="tests.unit.test_i18n_email.TestTemplatePathResolutionPerLocale" name="test_each_supported_locale_resolves_to_locale_path[da]" time="0.001" /><testcase classname="tests.unit.test_i18n_email.TestTemplatePathResolutionPerLocale" name="test_each_supported_locale_resolves_to_locale_path[de]" time="0.001" /><testcase classname="tests.unit.test_i18n_email.TestTemplatePathResolutionPerLocale" name="test_each_supported_locale_resolves_to_locale_path[en]" time="0.001" /><testcase classname="tests.unit.test_i18n_email.TestTemplatePathResolutionPerLocale" name="test_each_supported_locale_resolves_to_locale_path[es]" time="0.001" /><testcase classname="tests.unit.test_i18n_email.TestTemplatePathResolutionPerLocale" name="test_each_supported_locale_resolves_to_locale_path[fr]" time="0.001" /><testcase classname="tests.unit.test_i18n_email.TestTemplatePathResolutionPerLocale" name="test_each_supported_locale_resolves_to_locale_path[it]" time="0.001" /><testcase classname="tests.unit.test_i18n_email.TestTemplatePathResolutionPerLocale" name="test_each_supported_locale_resolves_to_locale_path[nl]" time="0.001" /><testcase classname="tests.unit.test_i18n_email.TestTemplatePathResolutionPerLocale" name="test_each_supported_locale_resolves_to_locale_path[sv]" time="0.001" /><testcase classname="tests.unit.test_i18n_email.TestTemplatePathResolutionPerLocale" name="test_locale_selects_correct_template_directory" time="0.001" /><testcase classname="tests.unit.test_i18n_email.TestTemplatePathResolutionPerLocale" name="test_filesystem_lookup_picks_locale_file_when_present" time="0.001" /><testcase classname="tests.unit.test_i18n_email.TestTemplatePathResolutionPerLocale" name="test_filesystem_fallback_to_nl_when_locale_template_missing" time="0.001" /><testcase classname="tests.unit.test_i18n_email.TestTemplatePathResolutionPerLocale" name="test_filesystem_fallback_when_locale_dir_exists_but_file_missing" time="0.001" /><testcase classname="tests.unit.test_i18n_email.TestFallbackToDutchForInvalidLocale" name="test_none_preferred_language_resolves_to_nl" time="0.001" /><testcase classna
[...]
    assert response['statusCode'] == 401
E   assert 404 == 401</failure></testcase><testcase classname="tests.unit.test_submit_order.TestAuthentication" name="test_no_member_access_returns_403" time="0.099"><failure message="assert 404 == 403">tests/unit/test_submit_order.py:164: in test_no_member_access_returns_403
    assert response['statusCode'] == 403
E   assert 404 == 403</failure></testcase><testcase classname="tests.unit.test_submit_order.TestMissingOrderId" name="test_missing_order_id_returns_400" time="0.001" /><testcase classname="tests.unit.test_submit_order.TestMissingOrderId" name="test_null_path_params_returns_400" time="0.001" /><testcase classname="tests.unit.test_submit_order.TestOrderNotFound" name="test_order_not_found_returns_404" time="0.001" /><testcase classname="tests.unit.test_submit_order.TestOrderStatus" name="test_submitted_order_rejected" time="0.001" /><testcase classname="tests.unit.test_submit_order.TestOrderStatus" name="test_locked_order_rejected" time="0.001" /><testcase classname="tests.unit.test_submit_order.TestOrderStatus" name="test_paid_order_rejected" time="0.001" /><testcase classname="tests.unit.test_submit_order.TestOrderStatus" name="test_empty_items_rejected" time="0.001" /><testcase classname="tests.unit.test_submit_order.TestProductValidation" name="test_product_not_found_returns_error" time="0.001" /><testcase classname="tests.unit.test_submit_order.TestVariantValidation" name="test_variant_not_found_returns_error" time="0.001" /><testcase classname="tests.unit.test_submit_order.TestVariantValidation" name="test_variant_parent_mismatch_returns_error" time="0.001" /><testcase classname="tests.unit.test_submit_order.TestItemFieldsValidation" name="test_missing_required_fields_returns_error" time="0.001" /><testcase classname="tests.unit.test_submit_order.TestSuccessfulSubmission" name="test_successful_submit_returns_200" time="0.101"><failure message="assert 500 == 200">tests/unit/test_submit_order.py:356: in test_successful_submit_returns_200
    assert response['statusCode'] == 200
E   assert 500 == 200</failure></testcase><testcase classname="tests.unit.test_submit_order.TestSuccessfulSubmission" name="test_submit_records_status_history" time="0.100"><failure message="TypeError: 'NoneType' object is not subscriptable">tests/unit/test_submit_order.py:384: in test_submit_records_status_history
    call_kwargs = mock_update.call_args[1]
                  ^^^^^^^^^^^^^^^^^^^^^^^^
E   TypeError: 'NoneType' object is not subscriptable</failure></testcase><testcase classname="tests.unit.test_submit_order.TestSuccessfulSubmission" name="test_order_without_variant_id_submits_ok" time="0.100"><failure message="assert 500 == 200">tests/unit/test_submit_order.py:423: in test_order_without_variant_id_submits_ok
    assert response['statusCode'] == 200
E   assert 500 == 200</failure></testcase><testcase classname="tests.unit.test_submit_order.TestMultipleErrors" name="test_multiple_items_multiple_errors" time="0.001" /><testcase classname="tests.unit.test_submit_presmeet_booking.TestSubmitPresmeetBooking" name="test_successful_submission" time="0.113" /><testcase classname="tests.unit.test_submit_presmeet_booking.TestSubmitPresmeetBooking" name="test_no_order_returns_404" time="0.090" /><testcase classname="tests.unit.test_submit_presmeet_booking.TestSubmitPresmeetBooking" name="test_submitted_order_returns_409" time="0.090" /><testcase classname="tests.unit.test_submit_presmeet_booking.TestSubmitPresmeetBooking" name="test_locked_order_returns_409" time="0.091" /><testcase classname="tests.unit.test_submit_presmeet_booking.TestSubmitPresmeetBooking" name="test_validation_failure_returns_400" time="0.109" /><testcase classname="tests.unit.test_submit_presmeet_booking.TestSubmitPresmeetBooking" name="test_min_per_club_enforcement" time="3.735" /><testcase classname="tests.unit.test_submit_presmeet_booking.TestSubmitPresmeetBooking" name="test_no_club_assignment_returns_403" time="0.092" /><testcase classname="tests.unit.test_submit_presmeet_booking.TestSubmitPresmeetBooking" name="test_options_request" time="0.092" /><testcase classname="tests.unit.test_submit_presmeet_booking.TestSubmitPresmeetBooking" name="test_order_persisted_with_submitted_status" time="0.123" /><testcase classname="tests.unit.test_submit_presmeet_booking.TestSubmitPresmeetBooking" name="test_airport_transfer_date_outside_event_range" time="0.125"><skipped type="pytest.xfail" message="Date range validation not yet implemented in unified validation module" /></testcase><testcase classname="tests.unit.test_unlock_presmeet_order.TestUnlockPresmeetOrder" name="test_successful_unlock" time="0.083" /><testcase classname="tests.unit.test_unlock_presmeet_order.TestUnlockPresmeetOrder" name="test_order_persisted_with_submitted_status" time="0.087" /><testcase classname="tests.unit.test_unlock_presmeet_order.TestUnlockPresmeetOrder" name="test_non_admin_returns_403" time="0.076" /><testcase classname="tests.unit.test_unlock_presmeet_order.TestUnlockPresmeetOrder" name="test_order_not_found_returns_404" time="0.075" /><testcase classname="tests.unit.test_unlock_presmeet_order.TestUnlockPresmeetOrder" name="test_draft_order_returns_409" time="0.080" /><testcase classname="tests.unit.test_unlock_presmeet_order.TestUnlockPresmeetOrder" name="test_submitted_order_returns_409" time="0.079" /><testcase classname="tests.unit.test_unlock_presmeet_order.TestUnlockPresmeetOrder" name="test_non_presmeet_order_returns_404" time="0.079" /><testcase classname="tests.unit.test_unlock_presmeet_order.TestUnlockPresmeetOrder" name="test_options_request" time="0.775" /><testcase classname="tests.unit.test_unlock_presmeet_order.TestUnlockPresmeetOrder" name="test_missing_path_parameter" time="0.074" /><testcase classname="tests.unit.test_update_event.TestUpdateEventFields" name="test_update_event_type" time="0.080" /><testcase classname="tests.unit.test_update_event.TestUpdateEventFields" name="test_update_product_ids" time="0.077" /><testcase classname="tests.unit.test_update_event.TestUpdateEventFields" name="test_update_constraints" time="0.076" /><testcase classname="tests.unit.test_update_event.TestUpdateEventFields" name="test_update_name" time="0.078" /><testcase classname="tests.unit.test_update_event.TestUpdateEventFields" name="test_update_location" time="0.077" /><testcase classname="tests.unit.test_update_event.TestUpdateEventFields" name="test_update_multiple_fields" time="0.075" /><testcase classname="tests.unit.test_update_event.TestUpdateEventFields" name="test_update_nonexistent_event_returns_404" time="0.067" /><testcase classname="tests.unit.test_update_event.TestUpdateEventFields" name="test_update_sets_updated_at" time="0.075" /><testcase classname="tests.unit.test_update_event.TestUpdateDateValidation" name="test_valid_date_update_accepted" time="0.073" /><testcase classname="tests.unit.test_update_event.TestUpdateDateValidation" name="test_date_update_that_violates_ordering_rejected" time="0.068" /><testcase classname="tests.unit.test_update_event.TestUpdateDateValidation" name="test_start_date_update_validates_against_existing_end_date" time="0.069" /><testcase classname="tests.unit.test_update_event.TestUpdateDateValidation" name="test_registration_open_update_validates_against_existing_close" time="0.068" /><testcase classname="tests.unit.test_update_event.TestUpdateConstraintValidation" name="test_valid_constraint_update_accepted" time="0.072" /><testcase classname="tests.unit.test_update_event.TestUpdateConstraintValidation" name="test_constraint_duplicate_keys_rejected" time="0.998" /><testcase classname="tests.unit.test_update_event.TestUpdateConstraintValidation" name="test_constraint_max_zero_rejected" time="0.074" /><testcase classname="tests.unit.test_update_event.TestUpdateConstraintValidation" name="test_constraint_invalid_rule_rejected" time="0.072" /><testcase classname="tests.unit.test_update_event.TestStatusOverride" name="test_draft_to_open" time="0.080" /><testcase classname="tests.unit.test_update_event.TestStatusOverride" name="test_open_to_closed" time="0.076" /><testcase classname="tests.unit.test_update_event.TestStatusOverride" name="test_closed_to_open_reopen" time="0.080" /><testcase classname="tests.unit.test_update_event.TestStatusOverride" name="test_invalid_transition_draft_to_closed_rejected" time="0.069" /><testcase classname="tests.unit.test_update_event.TestStatusOverride" name="test_invalid_transition_open_to_draft_rejected" time="0.072" /><testcase classname="tests.unit.test_update_event.TestStatusOverride" name="test_invalid_status_value_rejected" time="0.065" /><testcase classname="tests.unit.test_update_event.TestStatusOverride" name="test_status_override_records_metadata" time="0.075" /><testcase classname="tests.unit.test_update_event.TestStatusOverride" name="test_status_override_nonexistent_event_returns_404" time="0.066" /><testcase classname="tests.unit.test_update_event.TestAuthAndEdgeCases" name="test_unauthenticated_request_rejected" time="0.064" /><testcase classname="tests.unit.test_update_event.TestAuthAndEdgeCases" name="test_invalid_json_body_rejected" time="0.066" /><testcase classname="tests.unit.test_update_event.TestAuthAndEdgeCases" name="test_name_too_long_rejected" time="0.070" /><testcase classname="tests.unit.test_update_event.TestAuthAndEdgeCases" name="test_location_too_long_rejected" time="0.069" /><testcase classname="tests.unit.test_update_event.TestAuthAndEdgeCases" name="test_options_request_handled" time="0.065" /><testcase classname="tests.unit.test_update_member" name="test_handler_exists" time="0.001" /><testcase classname="tests.unit.test_update_member" name="test_returns_401_without_auth" time="0.001" /><testcase classname="tests.unit.test_update_order_items.TestHandlerBasics" name="test_handler_exists" time="0.006" /><testcase classname="tests.unit.test_update_order_items.TestHandlerBasics" name="test_handles_options_request" time="0.005" /><testcase classname="tests.unit.test_update_order_items.TestHandlerBasics" name="test_rejects_missing_version" time="0.006" /><testcase classname="tests.unit.test_update_order_items.TestHandlerBasics" name="test_rejects_missing_items" time="0.006" /><testcase classname="tests.unit.test_update_order_items.TestHandlerBasics" name="test_rejects_invalid_json" time="0.007" /><testcase classname="tests.unit.test_update_order_items.TestOptimisticLocking" name="test_rejects_stale_version" time="0.006" /><testcase classname="tests.unit.test_update_order_items.TestOptimisticLocking" name="test_accepts_correct_version" time="0.006" /><testcase classname="tests.unit.test_update_order_items.TestOptimisticLocking" name="test_handles_conditional_check_failure" time="0.007" /><testcase classname="tests.unit.test_update_order_items.TestPriceFetching" name="test_fetches_price_from_product" time="0.006" /><testcase classname="tests.unit.test_update_order_items.TestPriceFetching" name="test_rejects_null_price" time="0.007" /><testcase classname="tests.unit.test_update_order_items.TestPriceFetching" name="test_rejects_zero_price" time="0.006" /><testcase classname="tests.unit.test_update_order_items.TestPriceFetching" name="test_rejects_empty_price" time="0.006" /><testcase classname="tests.unit.test_update_order_items.TestPriceFetching" name="test_product_not_found" time="0.007" /><testcase classname="tests.unit.test_update_order_items.TestVariantValidation" name="test_validates_variant_parent_match" time="0.006" /><testcase classname="tests.unit.test_update_order_items.TestVariantValidation" name="test_rejects_variant_parent_mismatch" time="0.006" /><testcase classname="tests.unit.test_update_order_items.TestVariantValidation" name="test_rejects_nonexistent_variant" time="0.987" /><testcase classname="tests.unit.test_update_order_items.TestDraftAcceptsIncomplete" name="test_accepts_items_without_product_id" time="0.007" /><testcase classname="tests.unit.test_update_order_items.TestDraftAcceptsIncomplete" name="test_accepts_empty_items_list" time="0.006" /><testcase classname="tests.unit.test_update_order_items.TestDraftAcceptsIncomplete" name="test_accepts_partial_item_fields_data" time="0.008" /><testcase classname="tests.unit.test_update_order_items.TestOrderAccess" name="test_rejects_non_draft_order" time="0.006" /><testcase classname="tests.unit.test_update_order_items.TestOrderAccess" name="test_rejects_other_users_order" time="0.006" /><testcase classname="tests.unit.test_update_order_items.TestOrderAccess" name="test_order_not_found" time="0.007" /><testcase classname="tests.unit.test_upload_club_logo.TestUploadClubLogoHappyPath" name="test_valid_jpeg_upload_returns_200_with_logo_url" time="0.011" /><testcase classname="tests.unit.test_upload_club_logo.TestUploadClubLogoHappyPath" name="test_valid_png_upload_returns_200" time="0.003" /><testcase classname="tests.unit.test_upload_club_logo.TestUploadClubLogoHappyPath" name="test_resized_image_fits_within_200x200" time="0.006" /><testcase classname="tests.unit.test_upload_club_logo.TestUploadClubLogoSizeEdgeCases" name="test_exactly_5mb_file_is_accepted" time="0.038" /><testcase classname="tests.unit.test_upload_club_logo.TestUploadClubLogoSizeEdgeCases" name="test_5mb_plus_one_byte_is_rejected_with_413" time="0.037" /><testcase classname="tests.unit.test_upload_club_logo.TestUploadClubLogoSpecialCharacters" name="test_club_id_with_special_characters_in_s3_key" time="0.003" /><testcase classname="tests.unit.test_upload_club_logo.TestUploadClubLogoAuth" name="test_missing_auth_token_returns_401" time="0.001" /><testcase classname="tests.unit.test_upload_club_logo.TestUploadClubLogoAuth" name="test_user_with_no_club_id_returns_403" time="0.001" /><testcase classname="tests.unit.test_upload_club_logo.TestUploadClubLogoAuth" name="test_club_id_mismatch_non_admin_returns_403" time="0.003" /><testcase classname="tests.unit.test_upload_club_logo.TestUploadClubLogoAuth" name="test_admin_override_allows_any_club_id" time="0.002" /><testcase classname="tests.unit.test_upload_club_logo.TestUploadClubLogoAuth" name="test_webshop_management_admin_override" time="0.002" /><testcase classname="tests.unit.test_upload_club_logo.TestUploadClubLogoValidation" name="test_missing_image_data_returns_400" time="0.001" /><testcase classname="tests.unit.test_upload_club_logo.TestUploadClubLogoValidation" name="test_missing_club_id_returns_400" time="0.001" /><testcase classname="tests.unit.test_upload_club_logo.TestUploadClubLogoValidation" name="test_missing_content_type_returns_400" time="0.001" /><testcase classname="tests.unit.test_upload_club_logo.TestUploadClubLogoValidation" name="test_invalid_content_type_returns_400" time="0.001" /><testcase classname="tests.unit.test_upload_club_logo.TestUploadClubLogoValidation" name="test_invalid_base64_returns_400" time="0.001" /><testcase classname="tests.unit.test_upload_club_logo.TestUploadClubLogoValidation" name="test_non_image_data_returns_400" time="0.025" /><testcase classname="tests.unit.test_upload_club_logo.TestUploadClubLogoValidation" name="test_empty_body_returns_400" time="0.001" /><testcase classname="tests.unit.test_upload_club_logo_properties.TestProperty1FileSizeValidationBoundary" name="test_files_at_or_below_5mb_are_accepted" time="0.050" /><testcase classname="tests.unit.test_upload_club_logo_properties.TestProperty1FileSizeValidationBoundary" name="test_files_above_5mb_are_rejected" time="0.049" /><testcase classname="tests.unit.test_upload_club_logo_properties.TestProperty1FileSizeValidationBoundary" name="test_exact_boundary_5mb_accepted" time="0.001" /><testcase classname="tests.unit.test_upload_club_logo_properties.TestProperty1FileSizeValidationBoundary" name="test_one_byte_over_boundary_rejected" time="0.001" /><testcase classname="tests.unit.test_upload_club_logo_properties.TestProperty1FileSizeValidationBoundary" name="test_max_image_size_constant_is_5mb" time="0.001" /><testcase classname="tests.unit.test_upload_club_logo_properties.TestProperty2Base64EncodingRoundTrip" name="test_base64_encode_decode_roundtrip" time="0.050" /><testcase classname="tests.unit.test_upload_club_logo_properties.TestProperty7ServerSidePayloadSizeLimit" name="test_oversized_payload_returns_413" time="3.709" /><testcase classname="tests.unit.test_upload_club_logo_properties.TestProperty5OutputAlwaysValidPNG" name="test_output_starts_with_png_magic_bytes" time="1.251" /><testcase classname="tests.unit.test_upload_club_logo_properties.TestProperty5OutputAlwaysValidPNG" name="test_output_is_parseable_png" time="2.010" /><testcase classname="tests.unit.test_upload_club_logo_properties.TestProperty3ImageResizeFitsWithin200x200" name="test_resize_fits_within_200x200_preserving_aspect_ratio" time="0.444" /><testcase classname="tests.unit.test_upload_club_logo_properties.TestProperty8AuthorizationClubOwnershipOrAdminOverride" name="test_authorization_decision_matches_expected_logic" time="0.162" /><testcase classname="tests.unit.test_upload_club_logo_properties.TestProperty8AuthorizationClubOwnershipOrAdminOverride" name="test_own_club_always_authorized" time="0.103" /><testcase classname="tests.unit.test_upload_club_logo_properties.TestProperty8AuthorizationClubOwnershipOrAdminOverride" name="test_admin_role_always_authorized" time="0.123" /><testcase classname="tests.unit.test_upload_club_logo_properties.TestProperty8AuthorizationClubOwnershipOrAdminOverride" name="test_non_admin_different_club_denied" time="0.278" /><testcase classname="tests.unit.test_upload_club_logo_properties.TestProperty9ResponseUrlCacheBusting" name="test_successful_upload_url_contains_cache_bust_timestamp" time="0.343" /><testcase classname="tests.unit.test_upload_club_logo_properties.TestProperty4InvalidImageDataProduces400" name="test_invalid_image_returns_400_no_s3_call" time="0.155" /><testcase classname="tests.unit.test_upload_club_logo_properties.TestProperty6S3KeyConstructionMatchesPattern" name="test_s3_key_equals_expected_pattern" time="0.096" /><testcase classname="tests.unit.test_user_group_config_property.TestProperty5TestUserGroupConfigurationCorrectness" name="test_user_groups_match_requirements_exactly" time="0.006" /><testcase classname="tests.unit.test_user_group_config_property.TestProperty5TestUserGroupConfigurationCorrectness" name="test_all_configured_users_are_in_requirements" time="0.005" /><testcase classname="tests.unit.test_user_group_config_property.TestProperty5TestUserGroupConfigurationCorrectness" name="test_requirements_cover_all_seed_users" time="0.001" /><testcase classname="tests.unit.test_variant_sync" name="test_property_9_variant_generation_correct_count_and_structure" time="0.389" /><testcase classname="tests.unit.test_variant_sync" name="test_property_10_topdown_sync_preserves_unchanged_variants" time="40.538" /><testcase classname="tests.unit.test_variant_sync" name="test_property_11_bottomup_schema_derivation_reflects_active_variants" time="32.680" /></testsuite></testsuites>